[2026-04-19 01:08:18,059] 17 root - INFO - Data pipeline started
[2026-04-19 01:08:18,060] 10 root - INFO - Loading CIC-IDS2017 from HuggingFace
[2026-04-19 01:08:18,871] 1025 httpx - INFO - HTTP Request: HEAD https://huggingface.co/datasets/bvk/CICIDS-2017/resolve/main/README.md "HTTP/1.1 307 Temporary Redirect"
[2026-04-19 01:08:19,181] 1025 httpx - INFO - HTTP Request: HEAD https://huggingface.co/api/resolve-cache/datasets/bvk/CICIDS-2017/b9515d5c95c0c0e7312274760acff3d54fe5ff41/README.md "HTTP/1.1 200 OK"
[2026-04-19 01:08:19,592] 1025 httpx - INFO - HTTP Request: GET https://huggingface.co/api/resolve-cache/datasets/bvk/CICIDS-2017/b9515d5c95c0c0e7312274760acff3d54fe5ff41/README.md "HTTP/1.1 200 OK"
[2026-04-19 01:08:19,903] 1025 httpx - INFO - HTTP Request: HEAD https://huggingface.co/datasets/bvk/CICIDS-2017/resolve/b9515d5c95c0c0e7312274760acff3d54fe5ff41/CICIDS-2017.py "HTTP/1.1 404 Not Found"
[2026-04-19 01:08:21,683] 1025 httpx - INFO - HTTP Request: HEAD https://s3.amazonaws.com/datasets.huggingface.co/datasets/datasets/bvk/CICIDS-2017/bvk/CICIDS-2017.py "HTTP/1.1 404 Not Found"
[2026-04-19 01:08:21,702] 105 huggingface_hub.repocard - WARNING - Repo card metadata block was not found. Setting CardData to empty.
[2026-04-19 01:08:22,041] 1025 httpx - INFO - HTTP Request: GET https://huggingface.co/api/datasets/bvk/CICIDS-2017/revision/b9515d5c95c0c0e7312274760acff3d54fe5ff41 "HTTP/1.1 200 OK"
[2026-04-19 01:08:22,343] 1025 httpx - INFO - HTTP Request: HEAD https://huggingface.co/datasets/bvk/CICIDS-2017/resolve/b9515d5c95c0c0e7312274760acff3d54fe5ff41/.huggingface.yaml "HTTP/1.1 404 Not Found"
[2026-04-19 01:08:22,853] 1025 httpx - INFO - HTTP Request: GET https://datasets-server.huggingface.co/info?dataset=bvk/CICIDS-2017 "HTTP/1.1 200 OK"
[2026-04-19 01:08:23,266] 1025 httpx - INFO - HTTP Request: GET https://huggingface.co/api/datasets/bvk/CICIDS-2017/tree/b9515d5c95c0c0e7312274760acff3d54fe5ff41/data?recursive=true&expand=false "HTTP/1.1 404 Not Found"
[2026-04-19 01:08:23,570] 1025 httpx - INFO - HTTP Request: GET https://huggingface.co/api/datasets/bvk/CICIDS-2017/tree/b9515d5c95c0c0e7312274760acff3d54fe5ff41?recursive=false&expand=false "HTTP/1.1 200 OK"
[2026-04-19 01:08:23,988] 1025 httpx - INFO - HTTP Request: HEAD https://huggingface.co/datasets/bvk/CICIDS-2017/resolve/b9515d5c95c0c0e7312274760acff3d54fe5ff41/dataset_infos.json "HTTP/1.1 404 Not Found"
[2026-04-19 01:08:24,531] 1025 httpx - INFO - HTTP Request: HEAD https://huggingface.co/datasets/bvk/CICIDS-2017/resolve/b9515d5c95c0c0e7312274760acff3d54fe5ff41/friday.csv "HTTP/1.1 302 Found"
[2026-04-19 01:08:24,907] 1025 httpx - INFO - HTTP Request: GET https://huggingface.co/api/datasets/bvk/CICIDS-2017/xet-read-token/b9515d5c95c0c0e7312274760acff3d54fe5ff41 "HTTP/1.1 200 OK"
[2026-04-19 01:08:47,155] 1025 httpx - INFO - HTTP Request: HEAD https://huggingface.co/datasets/bvk/CICIDS-2017/resolve/b9515d5c95c0c0e7312274760acff3d54fe5ff41/monday.csv "HTTP/1.1 302 Found"
[2026-04-19 01:09:04,542] 1025 httpx - INFO - HTTP Request: HEAD https://huggingface.co/datasets/bvk/CICIDS-2017/resolve/b9515d5c95c0c0e7312274760acff3d54fe5ff41/thursday.csv "HTTP/1.1 302 Found"
[2026-04-19 01:09:19,169] 1025 httpx - INFO - HTTP Request: HEAD https://huggingface.co/datasets/bvk/CICIDS-2017/resolve/b9515d5c95c0c0e7312274760acff3d54fe5ff41/tuesday.csv "HTTP/1.1 302 Found"
[2026-04-19 01:09:33,751] 1025 httpx - INFO - HTTP Request: HEAD https://huggingface.co/datasets/bvk/CICIDS-2017/resolve/b9515d5c95c0c0e7312274760acff3d54fe5ff41/wednesday.csv "HTTP/1.1 302 Found"
[2026-04-19 01:10:26,908] 13 root - INFO - Dataset loaded: 2099971 rows, 89 columns
[2026-04-19 01:10:33,708] 26 root - INFO - Raw data saved \u2192 C:\Users\rauna\Videos\FL IDS\artifacts\raw\cicids2017_raw.parquet
[2026-04-19 01:10:33,709] 44 root - INFO - Starting preprocessing
[2026-04-19 01:11:08,810] 55 root - INFO - Preprocessing done: 2099971 rows, 57 features, 27 classes
[2026-04-19 01:11:14,648] 34 root - INFO - Preprocessed data saved \u2192 C:\Users\rauna\Videos\FL IDS\artifacts\preprocessed\cicids2017_preprocessed.parquet
[2026-04-19 01:11:21,768] 59 root - INFO - Scaler and test set saved \u2192 C:\Users\rauna\Videos\FL IDS\artifacts\preprocessed
[2026-04-19 01:11:22,278] 63 root - INFO - Non-IID partitioning done: 50 clients, alpha=0.5
[2026-04-19 01:11:32,655] 75 root - INFO - Saved 50 partitions to C:\Users\rauna\Videos\FL IDS\artifacts\data
[2026-04-19 01:11:32,678] 64 root - INFO - Data pipeline completed
