[2026-04-19 02:16:20,458] 67 root - INFO - Centralized training pipeline started
[2026-04-19 02:16:20,459] 72 root - INFO - Device: cpu
[2026-04-19 02:16:31,949] 97 root - INFO - Train size: 1,679,976 | Test size: 419,995
[2026-04-19 02:16:31,972] 98 root - INFO - Features: 57 | Classes: 27
[2026-04-19 02:16:32,482] 115 root - INFO - Model parameters: 7,003
[2026-04-19 02:16:32,922] 29 root - INFO - Class weights (capped at 10.0): {0: 0.049146109257574226, 1: 10.0, 2: 10.0, 3: 0.8174648010685586, 4: 10.0, 5: 10.0, 6: 0.49080515983824236, 7: 10.0, 8: 10.0, 9: 10.0, 10: 10.0, 11: 10.0, 12: 10.0, 13: 10.0, 14: 10.0, 15: 10.0, 16: 10.0, 17: 1.0837499056543525, 18: 0.48895769320435145, 19: 10.0, 20: 10.0, 21: 10.0, 22: 10.0, 23: 10.0, 24: 10.0, 25: 10.0, 26: 10.0}
[2026-04-19 02:17:20,700] 135 root - INFO - Epoch 01/50 | Train Loss: 0.5034 | Val Loss: 0.1285 | Val Macro F1: 0.4506
[2026-04-19 02:17:20,731] 153 root - INFO -   \u2705 New best saved \u2192 C:\Users\rauna\Videos\FL IDS\artifacts\models\baseline_mlp.pth
[2026-04-19 02:18:03,645] 135 root - INFO - Epoch 02/50 | Train Loss: 0.2530 | Val Loss: 0.1121 | Val Macro F1: 0.4696
[2026-04-19 02:18:03,648] 153 root - INFO -   \u2705 New best saved \u2192 C:\Users\rauna\Videos\FL IDS\artifacts\models\baseline_mlp.pth
[2026-04-19 02:18:49,178] 135 root - INFO - Epoch 03/50 | Train Loss: 0.2122 | Val Loss: 0.1017 | Val Macro F1: 0.4757
[2026-04-19 02:18:49,188] 153 root - INFO -   \u2705 New best saved \u2192 C:\Users\rauna\Videos\FL IDS\artifacts\models\baseline_mlp.pth
[2026-04-19 02:19:34,631] 135 root - INFO - Epoch 04/50 | Train Loss: 0.2015 | Val Loss: 0.0948 | Val Macro F1: 0.4895
[2026-04-19 02:19:34,633] 153 root - INFO -   \u2705 New best saved \u2192 C:\Users\rauna\Videos\FL IDS\artifacts\models\baseline_mlp.pth
[2026-04-19 02:20:29,662] 135 root - INFO - Epoch 05/50 | Train Loss: 0.1922 | Val Loss: 0.0906 | Val Macro F1: 0.4710
[2026-04-19 02:21:53,714] 135 root - INFO - Epoch 06/50 | Train Loss: 0.1806 | Val Loss: 0.0927 | Val Macro F1: 0.4828
[2026-04-19 02:22:46,242] 135 root - INFO - Epoch 07/50 | Train Loss: 0.1790 | Val Loss: 0.0882 | Val Macro F1: 0.4811
[2026-04-19 02:23:34,066] 135 root - INFO - Epoch 08/50 | Train Loss: 0.1742 | Val Loss: 0.0848 | Val Macro F1: 0.4840
[2026-04-19 02:26:29,429] 135 root - INFO - Epoch 09/50 | Train Loss: 0.1723 | Val Loss: 0.0852 | Val Macro F1: 0.5021
[2026-04-19 02:26:29,432] 153 root - INFO -   \u2705 New best saved \u2192 C:\Users\rauna\Videos\FL IDS\artifacts\models\baseline_mlp.pth
[2026-04-19 02:27:18,448] 135 root - INFO - Epoch 10/50 | Train Loss: 0.1650 | Val Loss: 0.0856 | Val Macro F1: 0.4796
[2026-04-19 02:30:09,374] 135 root - INFO - Epoch 11/50 | Train Loss: 0.1609 | Val Loss: 0.0845 | Val Macro F1: 0.5013
[2026-04-19 02:33:36,603] 135 root - INFO - Epoch 12/50 | Train Loss: 0.1680 | Val Loss: 0.0843 | Val Macro F1: 0.4919
[2026-04-19 02:36:23,831] 135 root - INFO - Epoch 13/50 | Train Loss: 0.1578 | Val Loss: 0.0900 | Val Macro F1: 0.5153
[2026-04-19 02:36:23,834] 153 root - INFO -   \u2705 New best saved \u2192 C:\Users\rauna\Videos\FL IDS\artifacts\models\baseline_mlp.pth
[2026-04-19 02:38:34,293] 135 root - INFO - Epoch 14/50 | Train Loss: 0.1582 | Val Loss: 0.0848 | Val Macro F1: 0.5005
[2026-04-19 02:42:00,274] 135 root - INFO - Epoch 15/50 | Train Loss: 0.1500 | Val Loss: 0.0901 | Val Macro F1: 0.5065
[2026-04-19 02:45:09,784] 135 root - INFO - Epoch 16/50 | Train Loss: 0.1537 | Val Loss: 0.1090 | Val Macro F1: 0.5057
[2026-04-19 02:48:18,962] 135 root - INFO - Epoch 17/50 | Train Loss: 0.1554 | Val Loss: 0.0840 | Val Macro F1: 0.5107
[2026-04-19 02:51:28,078] 135 root - INFO - Epoch 18/50 | Train Loss: 0.1526 | Val Loss: 0.0812 | Val Macro F1: 0.5111
[2026-04-19 02:54:37,831] 135 root - INFO - Epoch 19/50 | Train Loss: 0.1487 | Val Loss: 0.0858 | Val Macro F1: 0.5015
[2026-04-19 02:57:47,574] 135 root - INFO - Epoch 20/50 | Train Loss: 0.1485 | Val Loss: 0.0812 | Val Macro F1: 0.5110
[2026-04-19 03:00:57,921] 135 root - INFO - Epoch 21/50 | Train Loss: 0.1465 | Val Loss: 0.0840 | Val Macro F1: 0.5143
[2026-04-19 03:01:40,069] 135 root - INFO - Epoch 22/50 | Train Loss: 0.1524 | Val Loss: 0.0893 | Val Macro F1: 0.5199
[2026-04-19 03:01:40,073] 153 root - INFO -   \u2705 New best saved \u2192 C:\Users\rauna\Videos\FL IDS\artifacts\models\baseline_mlp.pth
[2026-04-19 03:02:18,391] 135 root - INFO - Epoch 23/50 | Train Loss: 0.1457 | Val Loss: 0.0888 | Val Macro F1: 0.5059
[2026-04-19 03:02:55,399] 135 root - INFO - Epoch 24/50 | Train Loss: 0.1465 | Val Loss: 0.0898 | Val Macro F1: 0.5070
[2026-04-19 03:03:32,482] 135 root - INFO - Epoch 25/50 | Train Loss: 0.1461 | Val Loss: 0.0934 | Val Macro F1: 0.5114
[2026-04-19 03:04:09,514] 135 root - INFO - Epoch 26/50 | Train Loss: 0.1457 | Val Loss: 0.0932 | Val Macro F1: 0.5140
[2026-04-19 03:04:47,020] 135 root - INFO - Epoch 27/50 | Train Loss: 0.1356 | Val Loss: 0.0877 | Val Macro F1: 0.5130
[2026-04-19 03:06:05,897] 135 root - INFO - Epoch 28/50 | Train Loss: 0.1326 | Val Loss: 0.0902 | Val Macro F1: 0.5201
[2026-04-19 03:06:05,901] 153 root - INFO -   \u2705 New best saved \u2192 C:\Users\rauna\Videos\FL IDS\artifacts\models\baseline_mlp.pth
[2026-04-19 03:06:41,470] 135 root - INFO - Epoch 29/50 | Train Loss: 0.1320 | Val Loss: 0.0913 | Val Macro F1: 0.5224
[2026-04-19 03:06:41,472] 153 root - INFO -   \u2705 New best saved \u2192 C:\Users\rauna\Videos\FL IDS\artifacts\models\baseline_mlp.pth
[2026-04-19 03:07:11,160] 135 root - INFO - Epoch 30/50 | Train Loss: 0.1327 | Val Loss: 0.0968 | Val Macro F1: 0.5207
[2026-04-19 03:07:40,397] 135 root - INFO - Epoch 31/50 | Train Loss: 0.1335 | Val Loss: 0.0927 | Val Macro F1: 0.5248
[2026-04-19 03:07:40,399] 153 root - INFO -   \u2705 New best saved \u2192 C:\Users\rauna\Videos\FL IDS\artifacts\models\baseline_mlp.pth
[2026-04-19 03:08:09,919] 135 root - INFO - Epoch 32/50 | Train Loss: 0.1347 | Val Loss: 0.0938 | Val Macro F1: 0.5224
[2026-04-19 03:08:39,305] 135 root - INFO - Epoch 33/50 | Train Loss: 0.1270 | Val Loss: 0.1017 | Val Macro F1: 0.5263
[2026-04-19 03:08:39,307] 153 root - INFO -   \u2705 New best saved \u2192 C:\Users\rauna\Videos\FL IDS\artifacts\models\baseline_mlp.pth
[2026-04-19 03:09:08,667] 135 root - INFO - Epoch 34/50 | Train Loss: 0.1240 | Val Loss: 0.0940 | Val Macro F1: 0.5244
[2026-04-19 03:09:38,000] 135 root - INFO - Epoch 35/50 | Train Loss: 0.1234 | Val Loss: 0.1090 | Val Macro F1: 0.5416
[2026-04-19 03:09:38,002] 153 root - INFO -   \u2705 New best saved \u2192 C:\Users\rauna\Videos\FL IDS\artifacts\models\baseline_mlp.pth
[2026-04-19 03:10:07,164] 135 root - INFO - Epoch 36/50 | Train Loss: 0.1284 | Val Loss: 0.1079 | Val Macro F1: 0.5265
[2026-04-19 03:10:36,275] 135 root - INFO - Epoch 37/50 | Train Loss: 0.1263 | Val Loss: 0.1122 | Val Macro F1: 0.5287
[2026-04-19 03:11:05,673] 135 root - INFO - Epoch 38/50 | Train Loss: 0.1236 | Val Loss: 0.1022 | Val Macro F1: 0.5351
[2026-04-19 03:11:35,166] 135 root - INFO - Epoch 39/50 | Train Loss: 0.1231 | Val Loss: 0.1070 | Val Macro F1: 0.5435
[2026-04-19 03:11:35,168] 153 root - INFO -   \u2705 New best saved \u2192 C:\Users\rauna\Videos\FL IDS\artifacts\models\baseline_mlp.pth
[2026-04-19 03:12:04,382] 135 root - INFO - Epoch 40/50 | Train Loss: 0.1218 | Val Loss: 0.1059 | Val Macro F1: 0.5433
[2026-04-19 03:12:33,795] 135 root - INFO - Epoch 41/50 | Train Loss: 0.1217 | Val Loss: 0.1069 | Val Macro F1: 0.5402
[2026-04-19 03:13:03,696] 135 root - INFO - Epoch 42/50 | Train Loss: 0.1214 | Val Loss: 0.1052 | Val Macro F1: 0.5420
[2026-04-19 03:13:33,056] 135 root - INFO - Epoch 43/50 | Train Loss: 0.1221 | Val Loss: 0.1024 | Val Macro F1: 0.5284
[2026-04-19 03:14:02,391] 135 root - INFO - Epoch 44/50 | Train Loss: 0.1228 | Val Loss: 0.1169 | Val Macro F1: 0.5418
[2026-04-19 03:14:31,678] 135 root - INFO - Epoch 45/50 | Train Loss: 0.1230 | Val Loss: 0.1241 | Val Macro F1: 0.5411
[2026-04-19 03:15:00,758] 135 root - INFO - Epoch 46/50 | Train Loss: 0.1192 | Val Loss: 0.1241 | Val Macro F1: 0.5399
[2026-04-19 03:15:30,010] 135 root - INFO - Epoch 47/50 | Train Loss: 0.1203 | Val Loss: 0.1169 | Val Macro F1: 0.5420
[2026-04-19 03:15:59,183] 135 root - INFO - Epoch 48/50 | Train Loss: 0.1188 | Val Loss: 0.1004 | Val Macro F1: 0.5460
[2026-04-19 03:15:59,185] 153 root - INFO -   \u2705 New best saved \u2192 C:\Users\rauna\Videos\FL IDS\artifacts\models\baseline_mlp.pth
[2026-04-19 03:16:28,308] 135 root - INFO - Epoch 49/50 | Train Loss: 0.1200 | Val Loss: 0.1159 | Val Macro F1: 0.5419
[2026-04-19 03:16:57,307] 135 root - INFO - Epoch 50/50 | Train Loss: 0.1195 | Val Loss: 0.1140 | Val Macro F1: 0.5294
[2026-04-19 03:16:57,307] 156 root - INFO - 
Training complete. Best Macro F1: 0.5460
[2026-04-19 03:16:57,307] 157 root - INFO - Model saved at: C:\Users\rauna\Videos\FL IDS\artifacts\models\baseline_mlp.pth
