[2026-06-08 13:24:04,674] 268 flwr - WARNING - DEPRECATED FEATURE: flwr.simulation.start_simulation() is deprecated.
	Instead, use the `flwr run` CLI command to start a local simulation in your Flower app, as shown for example below:

		$ flwr new  # Create a new Flower app from a template

		$ flwr run  # Run the Flower app in Simulation Mode

	Using `start_simulation()` is deprecated.

            This is a deprecated feature. It will be removed
            entirely in future versions of Flower.
        
[2026-06-08 13:24:04,674] 241 flwr - INFO - Starting Flower simulation, config: num_rounds=3, no round_timeout
[2026-06-08 13:24:12,802] 264 flwr - INFO - Flower VCE: Ray initialized with resources: {'object_store_memory': 2696037580.0, 'GPU': 1.0, 'memory': 6290754356.0, 'node:__internal_head__': 1.0, 'accelerator_type:G': 1.0, 'node:127.0.0.1': 1.0, 'CPU': 6.0}
[2026-06-08 13:24:12,804] 270 flwr - INFO - Optimize your simulation with Flower VCE: https://flower.ai/docs/framework/how-to-run-simulations.html
[2026-06-08 13:24:12,804] 293 flwr - INFO - Flower VCE: Resources for each Virtual Client: {'num_cpus': 1, 'num_gpus': 0.0}
[2026-06-08 13:24:12,816] 339 flwr - INFO - Flower VCE: Creating VirtualClientEngineActorPool with 6 actors
[2026-06-08 13:24:12,818] 91 flwr - INFO - [INIT]
[2026-06-08 13:24:12,818] 272 flwr - INFO - Using initial global parameters provided by strategy
[2026-06-08 13:24:12,818] 93 flwr - INFO - Starting evaluation of initial global parameters
[2026-06-08 13:24:12,818] 105 flwr - INFO - Evaluation returned no results (`None`)
[2026-06-08 13:24:12,818] 111 flwr - INFO - 
[2026-06-08 13:24:12,818] 112 flwr - INFO - [ROUND 1]
[2026-06-08 13:24:12,818] 221 flwr - INFO - configure_fit: strategy sampled 20 clients (out of 50)
[2026-06-08 13:24:41,627] 235 flwr - INFO - aggregate_fit: received 20 results and 0 failures
[2026-06-08 13:24:41,649] 251 flwr - WARNING - No fit_metrics_aggregation_fn provided
[2026-06-08 13:24:41,651] 175 flwr - INFO - configure_evaluate: strategy sampled 20 clients (out of 50)
[2026-06-08 13:24:42,664] 189 flwr - INFO - aggregate_evaluate: received 20 results and 0 failures
[2026-06-08 13:24:42,664] 111 flwr - INFO - 
[2026-06-08 13:24:42,664] 112 flwr - INFO - [ROUND 2]
[2026-06-08 13:24:42,664] 221 flwr - INFO - configure_fit: strategy sampled 20 clients (out of 50)
[2026-06-08 13:24:57,325] 235 flwr - INFO - aggregate_fit: received 20 results and 0 failures
[2026-06-08 13:24:57,348] 175 flwr - INFO - configure_evaluate: strategy sampled 20 clients (out of 50)
[2026-06-08 13:24:58,175] 189 flwr - INFO - aggregate_evaluate: received 20 results and 0 failures
[2026-06-08 13:24:58,175] 111 flwr - INFO - 
[2026-06-08 13:24:58,175] 112 flwr - INFO - [ROUND 3]
[2026-06-08 13:24:58,176] 221 flwr - INFO - configure_fit: strategy sampled 20 clients (out of 50)
[2026-06-08 13:25:22,287] 235 flwr - INFO - aggregate_fit: received 20 results and 0 failures
[2026-06-08 13:25:22,311] 175 flwr - INFO - configure_evaluate: strategy sampled 20 clients (out of 50)
[2026-06-08 13:25:23,294] 189 flwr - INFO - aggregate_evaluate: received 20 results and 0 failures
[2026-06-08 13:25:23,296] 491 flwr - INFO - 
[2026-06-08 13:25:23,296] 492 flwr - INFO - [SUMMARY]
[2026-06-08 13:25:23,296] 493 flwr - INFO - Run finished 3 round(s) in 70.48s
[2026-06-08 13:25:23,320] 495 flwr - INFO - 	History (loss, distributed):
[2026-06-08 13:25:23,320] 495 flwr - INFO - 		round 1: 0.29552965578857093
[2026-06-08 13:25:23,320] 495 flwr - INFO - 		round 2: 0.05174009658659834
[2026-06-08 13:25:23,320] 495 flwr - INFO - 		round 3: 0.04797367526272048
[2026-06-08 13:25:23,320] 495 flwr - INFO - 	History (metrics, distributed, evaluate):
[2026-06-08 13:25:23,320] 495 flwr - INFO - 	{'val_accuracy': [(1, 0.9696087225682556),
[2026-06-08 13:25:23,320] 495 flwr - INFO - 	                  (2, 0.9870595893999777),
[2026-06-08 13:25:23,320] 495 flwr - INFO - 	                  (3, 0.9833116372002906)]}
[2026-06-08 13:25:23,322] 496 flwr - INFO - 
