[2026-06-06 19:44:24,781] 268 flwr - WARNING - DEPRECATED FEATURE: flwr.simulation.start_simulation() is deprecated.
	Instead, use the `flwr run` CLI command to start a local simulation in your Flower app, as shown for example below:

		$ flwr new  # Create a new Flower app from a template

		$ flwr run  # Run the Flower app in Simulation Mode

	Using `start_simulation()` is deprecated.

            This is a deprecated feature. It will be removed
            entirely in future versions of Flower.
        
[2026-06-06 19:44:24,782] 241 flwr - INFO - Starting Flower simulation, config: num_rounds=1, no round_timeout
[2026-06-06 19:44:32,167] 264 flwr - INFO - Flower VCE: Ray initialized with resources: {'node:127.0.0.1': 1.0, 'GPU': 1.0, 'memory': 5821952820.0, 'node:__internal_head__': 1.0, 'accelerator_type:G': 1.0, 'object_store_memory': 2495122636.0, 'CPU': 6.0}
[2026-06-06 19:44:32,167] 270 flwr - INFO - Optimize your simulation with Flower VCE: https://flower.ai/docs/framework/how-to-run-simulations.html
[2026-06-06 19:44:32,167] 278 flwr - INFO - No `client_resources` specified. Using minimal resources for clients.
[2026-06-06 19:44:32,167] 293 flwr - INFO - Flower VCE: Resources for each Virtual Client: {'num_cpus': 1, 'num_gpus': 0.0}
[2026-06-06 19:44:32,178] 339 flwr - INFO - Flower VCE: Creating VirtualClientEngineActorPool with 6 actors
[2026-06-06 19:44:32,180] 91 flwr - INFO - [INIT]
[2026-06-06 19:44:32,180] 276 flwr - INFO - Requesting initial parameters from one random client
[2026-06-06 19:44:36,251] 102 flwr - ERROR - Traceback (most recent call last):
  File "C:\Users\Aarush\FL-IDS-Capstone\.venv\Lib\site-packages\flwr\simulation\ray_transport\ray_client_proxy.py", line 90, in _submit_job
    out_mssg, updated_context = self.actor_pool.get_client_result(
                                ^^^^^^^^^^^^^^^^^^^^^^^^^^^^^^^^^^
  File "C:\Users\Aarush\FL-IDS-Capstone\.venv\Lib\site-packages\flwr\simulation\ray_transport\ray_actor.py", line 400, in get_client_result
    return self._fetch_future_result(cid)
           ^^^^^^^^^^^^^^^^^^^^^^^^^^^^^^
  File "C:\Users\Aarush\FL-IDS-Capstone\.venv\Lib\site-packages\flwr\simulation\ray_transport\ray_actor.py", line 281, in _fetch_future_result
    res_cid, out_mssg, updated_context = ray.get(
                                         ^^^^^^^^
  File "C:\Users\Aarush\FL-IDS-Capstone\.venv\Lib\site-packages\ray\_private\auto_init_hook.py", line 22, in auto_init_wrapper
    return fn(*args, **kwargs)
           ^^^^^^^^^^^^^^^^^^^
  File "C:\Users\Aarush\FL-IDS-Capstone\.venv\Lib\site-packages\ray\_private\client_mode_hook.py", line 104, in wrapper
    return func(*args, **kwargs)
           ^^^^^^^^^^^^^^^^^^^^^
  File "C:\Users\Aarush\FL-IDS-Capstone\.venv\Lib\site-packages\ray\_private\worker.py", line 2961, in get
    values, debugger_breakpoint = worker.get_objects(
                                  ^^^^^^^^^^^^^^^^^^^
  File "C:\Users\Aarush\FL-IDS-Capstone\.venv\Lib\site-packages\ray\_private\worker.py", line 1026, in get_objects
    raise value.as_instanceof_cause()
ray.exceptions.RayTaskError(ClientAppException): [36mray::ClientAppActor.run()[39m (pid=13812, ip=127.0.0.1, actor_id=f4e05624fa1952fa88cee0e601000000, repr=<flwr.simulation.ray_transport.ray_actor.ClientAppActor object at 0x000002B3E404A110>)
           ^^^^^^^^^^^^^^^^^^^^^^^^^^^^^^^^^^^^^^^^^^^^^^^^^
  File "C:\Users\Aarush\FL-IDS-Capstone\.venv\Lib\site-packages\numpy\lib\_npyio_impl.py", line 454, in load
    fid = stack.enter_context(open(os.fspath(file), "rb"))
                              ^^^^^^^^^^^^^^^^^^^^^^^^^^^
FileNotFoundError: [Errno 2] No such file or directory: 'C:\\Users\\Aarush\\FL-IDS-Capstone\\artifacts\\data\\client_0001.npz'

During handling of the above exception, another exception occurred:

[36mray::ClientAppActor.run()[39m (pid=13812, ip=127.0.0.1, actor_id=f4e05624fa1952fa88cee0e601000000, repr=<flwr.simulation.ray_transport.ray_actor.ClientAppActor object at 0x000002B3E404A110>)
  File "C:\Users\Aarush\FL-IDS-Capstone\src\components\data\data_partitioner.py", line 121, in load_partition_dataloaders
    X_train, y_train, X_val, y_val = load_partition(client_id)
                                     ^^^^^^^^^^^^^^^^^^^^^^^^^
  File "C:\Users\Aarush\FL-IDS-Capstone\src\components\data\data_partitioner.py", line 116, in load_partition
    raise FLIDSException(e, sys)
src.exception.exception.FLIDSException: Error occurred in python script name [C:\Users\Aarush\FL-IDS-Capstone\src\components\data\data_partitioner.py] line number [101] error message [[Errno 2] No such file or directory: 'C:\\Users\\Aarush\\FL-IDS-Capstone\\artifacts\\data\\client_0001.npz']

During handling of the above exception, another exception occurred:

[36mray::ClientAppActor.run()[39m (pid=13812, ip=127.0.0.1, actor_id=f4e05624fa1952fa88cee0e601000000, repr=<flwr.simulation.ray_transport.ray_actor.ClientAppActor object at 0x000002B3E404A110>)
  File "C:\Users\Aarush\FL-IDS-Capstone\.venv\Lib\site-packages\flwr\simulation\ray_transport\ray_actor.py", line 59, in run
    out_message = app(message=message, context=context)
                  ^^^^^^^^^^^^^^^^^^^^^^^^^^^^^^^^^^^^^
  File "C:\Users\Aarush\FL-IDS-Capstone\.venv\Lib\site-packages\flwr\clientapp\client_app.py", line 144, in __call__
    return self._call(message, context)
           ^^^^^^^^^^^^^^^^^^^^^^^^^^^^
  File "C:\Users\Aarush\FL-IDS-Capstone\.venv\Lib\site-packages\flwr\clientapp\client_app.py", line 128, in ffn
    out_message = handle_legacy_message_from_msgtype(
                  ^^^^^^^^^^^^^^^^^^^^^^^^^^^^^^^^^^^
  File "C:\Users\Aarush\FL-IDS-Capstone\.venv\Lib\site-packages\flwr\client\message_handler\message_handler.py", line 97, in handle_legacy_message_from_msgtype
    client = client_fn(context)
             ^^^^^^^^^^^^^^^^^^
  File "C:\Users\Aarush\FL-IDS-Capstone\.venv\Lib\site-packages\flwr\clientapp\client_app.py", line 72, in adaptor_fn
    return client_fn(str(cid))  # type: ignore
           ^^^^^^^^^^^^^^^^^^^
  File "C:\Users\Aarush\FL-IDS-Capstone\tests\flower_smoke_test.py", line 20, in client_fn
    train_loader, val_loader = load_partition_dataloaders(
                               ^^^^^^^^^^^^^^^^^^^^^^^^^^^
  File "C:\Users\Aarush\FL-IDS-Capstone\src\components\data\data_partitioner.py", line 150, in load_partition_dataloaders
    raise FLIDSException(e, sys)
src.exception.exception.FLIDSException: Error occurred in python script name [C:\Users\Aarush\FL-IDS-Capstone\src\components\data\data_partitioner.py] line number [121] error message [Error occurred in python script name [C:\Users\Aarush\FL-IDS-Capstone\src\components\data\data_partitioner.py] line number [101] error message [[Errno 2] No such file or directory: 'C:\\Users\\Aarush\\FL-IDS-Capstone\\artifacts\\data\\client_0001.npz']]

The above exception was the direct cause of the following exception:

[36mray::ClientAppActor.run()[39m (pid=13812, ip=127.0.0.1, actor_id=f4e05624fa1952fa88cee0e601000000, repr=<flwr.simulation.ray_transport.ray_actor.ClientAppActor object at 0x000002B3E404A110>)
  File "python\\ray\\_raylet.pyx", line 1982, in ray._raylet.execute_task
  File "python\\ray\\_raylet.pyx", line 2093, in ray._raylet.execute_task
  File "python\\ray\\_raylet.pyx", line 1989, in ray._raylet.execute_task
  File "python\\ray\\_raylet.pyx", line 1932, in ray._raylet.execute_task.function_executor
  File "C:\Users\Aarush\FL-IDS-Capstone\.venv\Lib\site-packages\ray\_private\function_manager.py", line 693, in actor_method_executor
    return method(__ray_actor, *args, **kwargs)
           ^^^^^^^^^^^^^^^^^^^^^^^^^^^^^^^^^^^^
  File "C:\Users\Aarush\FL-IDS-Capstone\.venv\Lib\site-packages\ray\util\tracing\tracing_helper.py", line 461, in _resume_span
    return method(self, *_args, **_kwargs)
           ^^^^^^^^^^^^^^^^^^^^^^^^^^^^^^^
  File "C:\Users\Aarush\FL-IDS-Capstone\.venv\Lib\site-packages\flwr\simulation\ray_transport\ray_actor.py", line 65, in run
    raise ClientAppException(str(ex)) from ex
flwr.clientapp.client_app.ClientAppException: 
Exception ClientAppException occurred. Message: Error occurred in python script name [C:\Users\Aarush\FL-IDS-Capstone\src\components\data\data_partitioner.py] line number [121] error message [Error occurred in python script name [C:\Users\Aarush\FL-IDS-Capstone\src\components\data\data_partitioner.py] line number [101] error message [[Errno 2] No such file or directory: 'C:\\Users\\Aarush\\FL-IDS-Capstone\\artifacts\\data\\client_0001.npz']]

[2026-06-06 19:44:36,253] 103 flwr - ERROR - [36mray::ClientAppActor.run()[39m (pid=13812, ip=127.0.0.1, actor_id=f4e05624fa1952fa88cee0e601000000, repr=<flwr.simulation.ray_transport.ray_actor.ClientAppActor object at 0x000002B3E404A110>)
           ^^^^^^^^^^^^^^^^^^^^^^^^^^^^^^^^^^^^^^^^^^^^^^^^^
  File "C:\Users\Aarush\FL-IDS-Capstone\.venv\Lib\site-packages\numpy\lib\_npyio_impl.py", line 454, in load
    fid = stack.enter_context(open(os.fspath(file), "rb"))
                              ^^^^^^^^^^^^^^^^^^^^^^^^^^^
FileNotFoundError: [Errno 2] No such file or directory: 'C:\\Users\\Aarush\\FL-IDS-Capstone\\artifacts\\data\\client_0001.npz'

During handling of the above exception, another exception occurred:

[36mray::ClientAppActor.run()[39m (pid=13812, ip=127.0.0.1, actor_id=f4e05624fa1952fa88cee0e601000000, repr=<flwr.simulation.ray_transport.ray_actor.ClientAppActor object at 0x000002B3E404A110>)
  File "C:\Users\Aarush\FL-IDS-Capstone\src\components\data\data_partitioner.py", line 121, in load_partition_dataloaders
    X_train, y_train, X_val, y_val = load_partition(client_id)
                                     ^^^^^^^^^^^^^^^^^^^^^^^^^
  File "C:\Users\Aarush\FL-IDS-Capstone\src\components\data\data_partitioner.py", line 116, in load_partition
    raise FLIDSException(e, sys)
src.exception.exception.FLIDSException: Error occurred in python script name [C:\Users\Aarush\FL-IDS-Capstone\src\components\data\data_partitioner.py] line number [101] error message [[Errno 2] No such file or directory: 'C:\\Users\\Aarush\\FL-IDS-Capstone\\artifacts\\data\\client_0001.npz']

During handling of the above exception, another exception occurred:

[36mray::ClientAppActor.run()[39m (pid=13812, ip=127.0.0.1, actor_id=f4e05624fa1952fa88cee0e601000000, repr=<flwr.simulation.ray_transport.ray_actor.ClientAppActor object at 0x000002B3E404A110>)
  File "C:\Users\Aarush\FL-IDS-Capstone\.venv\Lib\site-packages\flwr\simulation\ray_transport\ray_actor.py", line 59, in run
    out_message = app(message=message, context=context)
                  ^^^^^^^^^^^^^^^^^^^^^^^^^^^^^^^^^^^^^
  File "C:\Users\Aarush\FL-IDS-Capstone\.venv\Lib\site-packages\flwr\clientapp\client_app.py", line 144, in __call__
    return self._call(message, context)
           ^^^^^^^^^^^^^^^^^^^^^^^^^^^^
  File "C:\Users\Aarush\FL-IDS-Capstone\.venv\Lib\site-packages\flwr\clientapp\client_app.py", line 128, in ffn
    out_message = handle_legacy_message_from_msgtype(
                  ^^^^^^^^^^^^^^^^^^^^^^^^^^^^^^^^^^^
  File "C:\Users\Aarush\FL-IDS-Capstone\.venv\Lib\site-packages\flwr\client\message_handler\message_handler.py", line 97, in handle_legacy_message_from_msgtype
    client = client_fn(context)
             ^^^^^^^^^^^^^^^^^^
  File "C:\Users\Aarush\FL-IDS-Capstone\.venv\Lib\site-packages\flwr\clientapp\client_app.py", line 72, in adaptor_fn
    return client_fn(str(cid))  # type: ignore
           ^^^^^^^^^^^^^^^^^^^
  File "C:\Users\Aarush\FL-IDS-Capstone\tests\flower_smoke_test.py", line 20, in client_fn
    train_loader, val_loader = load_partition_dataloaders(
                               ^^^^^^^^^^^^^^^^^^^^^^^^^^^
  File "C:\Users\Aarush\FL-IDS-Capstone\src\components\data\data_partitioner.py", line 150, in load_partition_dataloaders
    raise FLIDSException(e, sys)
src.exception.exception.FLIDSException: Error occurred in python script name [C:\Users\Aarush\FL-IDS-Capstone\src\components\data\data_partitioner.py] line number [121] error message [Error occurred in python script name [C:\Users\Aarush\FL-IDS-Capstone\src\components\data\data_partitioner.py] line number [101] error message [[Errno 2] No such file or directory: 'C:\\Users\\Aarush\\FL-IDS-Capstone\\artifacts\\data\\client_0001.npz']]

The above exception was the direct cause of the following exception:

[36mray::ClientAppActor.run()[39m (pid=13812, ip=127.0.0.1, actor_id=f4e05624fa1952fa88cee0e601000000, repr=<flwr.simulation.ray_transport.ray_actor.ClientAppActor object at 0x000002B3E404A110>)
  File "python\\ray\\_raylet.pyx", line 1982, in ray._raylet.execute_task
  File "python\\ray\\_raylet.pyx", line 2093, in ray._raylet.execute_task
  File "python\\ray\\_raylet.pyx", line 1989, in ray._raylet.execute_task
  File "python\\ray\\_raylet.pyx", line 1932, in ray._raylet.execute_task.function_executor
  File "C:\Users\Aarush\FL-IDS-Capstone\.venv\Lib\site-packages\ray\_private\function_manager.py", line 693, in actor_method_executor
    return method(__ray_actor, *args, **kwargs)
           ^^^^^^^^^^^^^^^^^^^^^^^^^^^^^^^^^^^^
  File "C:\Users\Aarush\FL-IDS-Capstone\.venv\Lib\site-packages\ray\util\tracing\tracing_helper.py", line 461, in _resume_span
    return method(self, *_args, **_kwargs)
           ^^^^^^^^^^^^^^^^^^^^^^^^^^^^^^^
  File "C:\Users\Aarush\FL-IDS-Capstone\.venv\Lib\site-packages\flwr\simulation\ray_transport\ray_actor.py", line 65, in run
    raise ClientAppException(str(ex)) from ex
flwr.clientapp.client_app.ClientAppException: 
Exception ClientAppException occurred. Message: Error occurred in python script name [C:\Users\Aarush\FL-IDS-Capstone\src\components\data\data_partitioner.py] line number [121] error message [Error occurred in python script name [C:\Users\Aarush\FL-IDS-Capstone\src\components\data\data_partitioner.py] line number [101] error message [[Errno 2] No such file or directory: 'C:\\Users\\Aarush\\FL-IDS-Capstone\\artifacts\\data\\client_0001.npz']]
[2026-06-06 19:44:36,253] 366 flwr - ERROR - [36mray::ClientAppActor.run()[39m (pid=13812, ip=127.0.0.1, actor_id=f4e05624fa1952fa88cee0e601000000, repr=<flwr.simulation.ray_transport.ray_actor.ClientAppActor object at 0x000002B3E404A110>)
           ^^^^^^^^^^^^^^^^^^^^^^^^^^^^^^^^^^^^^^^^^^^^^^^^^
  File "C:\Users\Aarush\FL-IDS-Capstone\.venv\Lib\site-packages\numpy\lib\_npyio_impl.py", line 454, in load
    fid = stack.enter_context(open(os.fspath(file), "rb"))
                              ^^^^^^^^^^^^^^^^^^^^^^^^^^^
FileNotFoundError: [Errno 2] No such file or directory: 'C:\\Users\\Aarush\\FL-IDS-Capstone\\artifacts\\data\\client_0001.npz'

During handling of the above exception, another exception occurred:

[36mray::ClientAppActor.run()[39m (pid=13812, ip=127.0.0.1, actor_id=f4e05624fa1952fa88cee0e601000000, repr=<flwr.simulation.ray_transport.ray_actor.ClientAppActor object at 0x000002B3E404A110>)
  File "C:\Users\Aarush\FL-IDS-Capstone\src\components\data\data_partitioner.py", line 121, in load_partition_dataloaders
    X_train, y_train, X_val, y_val = load_partition(client_id)
                                     ^^^^^^^^^^^^^^^^^^^^^^^^^
  File "C:\Users\Aarush\FL-IDS-Capstone\src\components\data\data_partitioner.py", line 116, in load_partition
    raise FLIDSException(e, sys)
src.exception.exception.FLIDSException: Error occurred in python script name [C:\Users\Aarush\FL-IDS-Capstone\src\components\data\data_partitioner.py] line number [101] error message [[Errno 2] No such file or directory: 'C:\\Users\\Aarush\\FL-IDS-Capstone\\artifacts\\data\\client_0001.npz']

During handling of the above exception, another exception occurred:

[36mray::ClientAppActor.run()[39m (pid=13812, ip=127.0.0.1, actor_id=f4e05624fa1952fa88cee0e601000000, repr=<flwr.simulation.ray_transport.ray_actor.ClientAppActor object at 0x000002B3E404A110>)
  File "C:\Users\Aarush\FL-IDS-Capstone\.venv\Lib\site-packages\flwr\simulation\ray_transport\ray_actor.py", line 59, in run
    out_message = app(message=message, context=context)
                  ^^^^^^^^^^^^^^^^^^^^^^^^^^^^^^^^^^^^^
  File "C:\Users\Aarush\FL-IDS-Capstone\.venv\Lib\site-packages\flwr\clientapp\client_app.py", line 144, in __call__
    return self._call(message, context)
           ^^^^^^^^^^^^^^^^^^^^^^^^^^^^
  File "C:\Users\Aarush\FL-IDS-Capstone\.venv\Lib\site-packages\flwr\clientapp\client_app.py", line 128, in ffn
    out_message = handle_legacy_message_from_msgtype(
                  ^^^^^^^^^^^^^^^^^^^^^^^^^^^^^^^^^^^
  File "C:\Users\Aarush\FL-IDS-Capstone\.venv\Lib\site-packages\flwr\client\message_handler\message_handler.py", line 97, in handle_legacy_message_from_msgtype
    client = client_fn(context)
             ^^^^^^^^^^^^^^^^^^
  File "C:\Users\Aarush\FL-IDS-Capstone\.venv\Lib\site-packages\flwr\clientapp\client_app.py", line 72, in adaptor_fn
    return client_fn(str(cid))  # type: ignore
           ^^^^^^^^^^^^^^^^^^^
  File "C:\Users\Aarush\FL-IDS-Capstone\tests\flower_smoke_test.py", line 20, in client_fn
    train_loader, val_loader = load_partition_dataloaders(
                               ^^^^^^^^^^^^^^^^^^^^^^^^^^^
  File "C:\Users\Aarush\FL-IDS-Capstone\src\components\data\data_partitioner.py", line 150, in load_partition_dataloaders
    raise FLIDSException(e, sys)
src.exception.exception.FLIDSException: Error occurred in python script name [C:\Users\Aarush\FL-IDS-Capstone\src\components\data\data_partitioner.py] line number [121] error message [Error occurred in python script name [C:\Users\Aarush\FL-IDS-Capstone\src\components\data\data_partitioner.py] line number [101] error message [[Errno 2] No such file or directory: 'C:\\Users\\Aarush\\FL-IDS-Capstone\\artifacts\\data\\client_0001.npz']]

The above exception was the direct cause of the following exception:

[36mray::ClientAppActor.run()[39m (pid=13812, ip=127.0.0.1, actor_id=f4e05624fa1952fa88cee0e601000000, repr=<flwr.simulation.ray_transport.ray_actor.ClientAppActor object at 0x000002B3E404A110>)
  File "python\\ray\\_raylet.pyx", line 1982, in ray._raylet.execute_task
  File "python\\ray\\_raylet.pyx", line 2093, in ray._raylet.execute_task
  File "python\\ray\\_raylet.pyx", line 1989, in ray._raylet.execute_task
  File "python\\ray\\_raylet.pyx", line 1932, in ray._raylet.execute_task.function_executor
  File "C:\Users\Aarush\FL-IDS-Capstone\.venv\Lib\site-packages\ray\_private\function_manager.py", line 693, in actor_method_executor
    return method(__ray_actor, *args, **kwargs)
           ^^^^^^^^^^^^^^^^^^^^^^^^^^^^^^^^^^^^
  File "C:\Users\Aarush\FL-IDS-Capstone\.venv\Lib\site-packages\ray\util\tracing\tracing_helper.py", line 461, in _resume_span
    return method(self, *_args, **_kwargs)
           ^^^^^^^^^^^^^^^^^^^^^^^^^^^^^^^
  File "C:\Users\Aarush\FL-IDS-Capstone\.venv\Lib\site-packages\flwr\simulation\ray_transport\ray_actor.py", line 65, in run
    raise ClientAppException(str(ex)) from ex
flwr.clientapp.client_app.ClientAppException: 
Exception ClientAppException occurred. Message: Error occurred in python script name [C:\Users\Aarush\FL-IDS-Capstone\src\components\data\data_partitioner.py] line number [121] error message [Error occurred in python script name [C:\Users\Aarush\FL-IDS-Capstone\src\components\data\data_partitioner.py] line number [101] error message [[Errno 2] No such file or directory: 'C:\\Users\\Aarush\\FL-IDS-Capstone\\artifacts\\data\\client_0001.npz']]
[2026-06-06 19:44:36,280] 367 flwr - ERROR - Traceback (most recent call last):
  File "C:\Users\Aarush\FL-IDS-Capstone\.venv\Lib\site-packages\flwr\simulation\legacy_app.py", line 361, in start_simulation
    hist = run_fl(
           ^^^^^^^
  File "C:\Users\Aarush\FL-IDS-Capstone\.venv\Lib\site-packages\flwr\server\server.py", line 487, in run_fl
    hist, elapsed_time = server.fit(
                         ^^^^^^^^^^^
  File "C:\Users\Aarush\FL-IDS-Capstone\.venv\Lib\site-packages\flwr\server\server.py", line 92, in fit
    self.parameters = self._get_initial_parameters(server_round=0, timeout=timeout)
                      ^^^^^^^^^^^^^^^^^^^^^^^^^^^^^^^^^^^^^^^^^^^^^^^^^^^^^^^^^^^^^
  File "C:\Users\Aarush\FL-IDS-Capstone\.venv\Lib\site-packages\flwr\server\server.py", line 279, in _get_initial_parameters
    get_parameters_res = random_client.get_parameters(
                         ^^^^^^^^^^^^^^^^^^^^^^^^^^^^^
  File "C:\Users\Aarush\FL-IDS-Capstone\.venv\Lib\site-packages\flwr\simulation\ray_transport\ray_client_proxy.py", line 165, in get_parameters
    message_out = self._submit_job(message, timeout)
                  ^^^^^^^^^^^^^^^^^^^^^^^^^^^^^^^^^^
  File "C:\Users\Aarush\FL-IDS-Capstone\.venv\Lib\site-packages\flwr\simulation\ray_transport\ray_client_proxy.py", line 104, in _submit_job
    raise ex
  File "C:\Users\Aarush\FL-IDS-Capstone\.venv\Lib\site-packages\flwr\simulation\ray_transport\ray_client_proxy.py", line 90, in _submit_job
    out_mssg, updated_context = self.actor_pool.get_client_result(
                                ^^^^^^^^^^^^^^^^^^^^^^^^^^^^^^^^^^
  File "C:\Users\Aarush\FL-IDS-Capstone\.venv\Lib\site-packages\flwr\simulation\ray_transport\ray_actor.py", line 400, in get_client_result
    return self._fetch_future_result(cid)
           ^^^^^^^^^^^^^^^^^^^^^^^^^^^^^^
  File "C:\Users\Aarush\FL-IDS-Capstone\.venv\Lib\site-packages\flwr\simulation\ray_transport\ray_actor.py", line 281, in _fetch_future_result
    res_cid, out_mssg, updated_context = ray.get(
                                         ^^^^^^^^
  File "C:\Users\Aarush\FL-IDS-Capstone\.venv\Lib\site-packages\ray\_private\auto_init_hook.py", line 22, in auto_init_wrapper
    return fn(*args, **kwargs)
           ^^^^^^^^^^^^^^^^^^^
  File "C:\Users\Aarush\FL-IDS-Capstone\.venv\Lib\site-packages\ray\_private\client_mode_hook.py", line 104, in wrapper
    return func(*args, **kwargs)
           ^^^^^^^^^^^^^^^^^^^^^
  File "C:\Users\Aarush\FL-IDS-Capstone\.venv\Lib\site-packages\ray\_private\worker.py", line 2961, in get
    values, debugger_breakpoint = worker.get_objects(
                                  ^^^^^^^^^^^^^^^^^^^
  File "C:\Users\Aarush\FL-IDS-Capstone\.venv\Lib\site-packages\ray\_private\worker.py", line 1026, in get_objects
    raise value.as_instanceof_cause()
ray.exceptions.RayTaskError(ClientAppException): [36mray::ClientAppActor.run()[39m (pid=13812, ip=127.0.0.1, actor_id=f4e05624fa1952fa88cee0e601000000, repr=<flwr.simulation.ray_transport.ray_actor.ClientAppActor object at 0x000002B3E404A110>)
           ^^^^^^^^^^^^^^^^^^^^^^^^^^^^^^^^^^^^^^^^^^^^^^^^^
  File "C:\Users\Aarush\FL-IDS-Capstone\.venv\Lib\site-packages\numpy\lib\_npyio_impl.py", line 454, in load
    fid = stack.enter_context(open(os.fspath(file), "rb"))
                              ^^^^^^^^^^^^^^^^^^^^^^^^^^^
FileNotFoundError: [Errno 2] No such file or directory: 'C:\\Users\\Aarush\\FL-IDS-Capstone\\artifacts\\data\\client_0001.npz'

During handling of the above exception, another exception occurred:

[36mray::ClientAppActor.run()[39m (pid=13812, ip=127.0.0.1, actor_id=f4e05624fa1952fa88cee0e601000000, repr=<flwr.simulation.ray_transport.ray_actor.ClientAppActor object at 0x000002B3E404A110>)
  File "C:\Users\Aarush\FL-IDS-Capstone\src\components\data\data_partitioner.py", line 121, in load_partition_dataloaders
    X_train, y_train, X_val, y_val = load_partition(client_id)
                                     ^^^^^^^^^^^^^^^^^^^^^^^^^
  File "C:\Users\Aarush\FL-IDS-Capstone\src\components\data\data_partitioner.py", line 116, in load_partition
    raise FLIDSException(e, sys)
src.exception.exception.FLIDSException: Error occurred in python script name [C:\Users\Aarush\FL-IDS-Capstone\src\components\data\data_partitioner.py] line number [101] error message [[Errno 2] No such file or directory: 'C:\\Users\\Aarush\\FL-IDS-Capstone\\artifacts\\data\\client_0001.npz']

During handling of the above exception, another exception occurred:

[36mray::ClientAppActor.run()[39m (pid=13812, ip=127.0.0.1, actor_id=f4e05624fa1952fa88cee0e601000000, repr=<flwr.simulation.ray_transport.ray_actor.ClientAppActor object at 0x000002B3E404A110>)
  File "C:\Users\Aarush\FL-IDS-Capstone\.venv\Lib\site-packages\flwr\simulation\ray_transport\ray_actor.py", line 59, in run
    out_message = app(message=message, context=context)
                  ^^^^^^^^^^^^^^^^^^^^^^^^^^^^^^^^^^^^^
  File "C:\Users\Aarush\FL-IDS-Capstone\.venv\Lib\site-packages\flwr\clientapp\client_app.py", line 144, in __call__
    return self._call(message, context)
           ^^^^^^^^^^^^^^^^^^^^^^^^^^^^
  File "C:\Users\Aarush\FL-IDS-Capstone\.venv\Lib\site-packages\flwr\clientapp\client_app.py", line 128, in ffn
    out_message = handle_legacy_message_from_msgtype(
                  ^^^^^^^^^^^^^^^^^^^^^^^^^^^^^^^^^^^
  File "C:\Users\Aarush\FL-IDS-Capstone\.venv\Lib\site-packages\flwr\client\message_handler\message_handler.py", line 97, in handle_legacy_message_from_msgtype
    client = client_fn(context)
             ^^^^^^^^^^^^^^^^^^
  File "C:\Users\Aarush\FL-IDS-Capstone\.venv\Lib\site-packages\flwr\clientapp\client_app.py", line 72, in adaptor_fn
    return client_fn(str(cid))  # type: ignore
           ^^^^^^^^^^^^^^^^^^^
  File "C:\Users\Aarush\FL-IDS-Capstone\tests\flower_smoke_test.py", line 20, in client_fn
    train_loader, val_loader = load_partition_dataloaders(
                               ^^^^^^^^^^^^^^^^^^^^^^^^^^^
  File "C:\Users\Aarush\FL-IDS-Capstone\src\components\data\data_partitioner.py", line 150, in load_partition_dataloaders
    raise FLIDSException(e, sys)
src.exception.exception.FLIDSException: Error occurred in python script name [C:\Users\Aarush\FL-IDS-Capstone\src\components\data\data_partitioner.py] line number [121] error message [Error occurred in python script name [C:\Users\Aarush\FL-IDS-Capstone\src\components\data\data_partitioner.py] line number [101] error message [[Errno 2] No such file or directory: 'C:\\Users\\Aarush\\FL-IDS-Capstone\\artifacts\\data\\client_0001.npz']]

The above exception was the direct cause of the following exception:

[36mray::ClientAppActor.run()[39m (pid=13812, ip=127.0.0.1, actor_id=f4e05624fa1952fa88cee0e601000000, repr=<flwr.simulation.ray_transport.ray_actor.ClientAppActor object at 0x000002B3E404A110>)
  File "python\\ray\\_raylet.pyx", line 1982, in ray._raylet.execute_task
  File "python\\ray\\_raylet.pyx", line 2093, in ray._raylet.execute_task
  File "python\\ray\\_raylet.pyx", line 1989, in ray._raylet.execute_task
  File "python\\ray\\_raylet.pyx", line 1932, in ray._raylet.execute_task.function_executor
  File "C:\Users\Aarush\FL-IDS-Capstone\.venv\Lib\site-packages\ray\_private\function_manager.py", line 693, in actor_method_executor
    return method(__ray_actor, *args, **kwargs)
           ^^^^^^^^^^^^^^^^^^^^^^^^^^^^^^^^^^^^
  File "C:\Users\Aarush\FL-IDS-Capstone\.venv\Lib\site-packages\ray\util\tracing\tracing_helper.py", line 461, in _resume_span
    return method(self, *_args, **_kwargs)
           ^^^^^^^^^^^^^^^^^^^^^^^^^^^^^^^
  File "C:\Users\Aarush\FL-IDS-Capstone\.venv\Lib\site-packages\flwr\simulation\ray_transport\ray_actor.py", line 65, in run
    raise ClientAppException(str(ex)) from ex
flwr.clientapp.client_app.ClientAppException: 
Exception ClientAppException occurred. Message: Error occurred in python script name [C:\Users\Aarush\FL-IDS-Capstone\src\components\data\data_partitioner.py] line number [121] error message [Error occurred in python script name [C:\Users\Aarush\FL-IDS-Capstone\src\components\data\data_partitioner.py] line number [101] error message [[Errno 2] No such file or directory: 'C:\\Users\\Aarush\\FL-IDS-Capstone\\artifacts\\data\\client_0001.npz']]

[2026-06-06 19:44:36,280] 368 flwr - ERROR - Your simulation crashed :(. This could be because of several reasons. The most common are: 
	 > Sometimes, issues in the simulation code itself can cause crashes. It's always a good idea to double-check your code for any potential bugs or inconsistencies that might be contributing to the problem. For example: 
		 - You might be using a class attribute in your clients that hasn't been defined.
		 - There could be an incorrect method call to a 3rd party library (e.g., PyTorch).
		 - The return types of methods in your clients/strategies might be incorrect.
	 > Your system couldn't fit a single VirtualClient: try lowering `client_resources`.
	 > All the actors in your pool crashed. This could be because: 
		 - You clients hit an out-of-memory (OOM) error and actors couldn't recover from it. Try launching your simulation with more generous `client_resources` setting (i.e. it seems {'num_cpus': 1, 'num_gpus': 0.0} is not enough for your run). Use fewer concurrent actors. 
		 - You were running a multi-node simulation and all worker nodes disconnected. The head node might still be alive but cannot accommodate any actor with resources: {'num_cpus': 1, 'num_gpus': 0.0}.
Take a look at the Flower simulation examples for guidance <https://flower.ai/docs/framework/how-to-run-simulations.html>.
