[2026-06-08 13:28:17,819] 117 root - INFO - [Aggregator] AL-CMT initialized — cap_t=0.0714, temperature=2.0, ema_momentum=0.9
[2026-06-08 13:28:19,423] 268 flwr - WARNING - DEPRECATED FEATURE: flwr.simulation.start_simulation() is deprecated.
	Instead, use the `flwr run` CLI command to start a local simulation in your Flower app, as shown for example below:

		$ flwr new  # Create a new Flower app from a template

		$ flwr run  # Run the Flower app in Simulation Mode

	Using `start_simulation()` is deprecated.

            This is a deprecated feature. It will be removed
            entirely in future versions of Flower.
        
[2026-06-08 13:28:19,424] 241 flwr - INFO - Starting Flower simulation, config: num_rounds=3, no round_timeout
[2026-06-08 13:28:28,599] 264 flwr - INFO - Flower VCE: Ray initialized with resources: {'object_store_memory': 2710526361.0, 'GPU': 1.0, 'memory': 6324561511.0, 'accelerator_type:G': 1.0, 'node:__internal_head__': 1.0, 'node:127.0.0.1': 1.0, 'CPU': 6.0}
[2026-06-08 13:28:28,599] 270 flwr - INFO - Optimize your simulation with Flower VCE: https://flower.ai/docs/framework/how-to-run-simulations.html
[2026-06-08 13:28:28,599] 293 flwr - INFO - Flower VCE: Resources for each Virtual Client: {'num_cpus': 1, 'num_gpus': 0.0}
[2026-06-08 13:28:28,618] 339 flwr - INFO - Flower VCE: Creating VirtualClientEngineActorPool with 6 actors
[2026-06-08 13:28:28,618] 91 flwr - INFO - [INIT]
[2026-06-08 13:28:28,620] 272 flwr - INFO - Using initial global parameters provided by strategy
[2026-06-08 13:28:28,620] 93 flwr - INFO - Starting evaluation of initial global parameters
[2026-06-08 13:28:28,620] 105 flwr - INFO - Evaluation returned no results (`None`)
[2026-06-08 13:28:28,620] 111 flwr - INFO - 
[2026-06-08 13:28:28,621] 112 flwr - INFO - [ROUND 1]
[2026-06-08 13:28:28,621] 221 flwr - INFO - configure_fit: strategy sampled 20 clients (out of 50)
[2026-06-08 13:29:02,548] 235 flwr - INFO - aggregate_fit: received 20 results and 0 failures
[2026-06-08 13:29:02,569] 188 root - INFO - [Aggregator] Round 1: 2/20 clients flagged by MAD.
[2026-06-08 13:29:02,569] 201 root - INFO - [Aggregator] Round 1: trust_weights min=0.0272 max=0.0658 zero_count=0
[2026-06-08 13:29:02,575] 175 flwr - INFO - configure_evaluate: strategy sampled 20 clients (out of 50)
[2026-06-08 13:29:03,684] 189 flwr - INFO - aggregate_evaluate: received 20 results and 0 failures
[2026-06-08 13:29:03,684] 111 flwr - INFO - 
[2026-06-08 13:29:03,684] 112 flwr - INFO - [ROUND 2]
[2026-06-08 13:29:03,684] 221 flwr - INFO - configure_fit: strategy sampled 20 clients (out of 50)
[2026-06-08 13:29:32,741] 235 flwr - INFO - aggregate_fit: received 20 results and 0 failures
[2026-06-08 13:29:32,762] 188 root - INFO - [Aggregator] Round 2: 0/20 clients flagged by MAD.
[2026-06-08 13:29:32,763] 201 root - INFO - [Aggregator] Round 2: trust_weights min=0.0221 max=0.0714 zero_count=0
[2026-06-08 13:29:32,769] 175 flwr - INFO - configure_evaluate: strategy sampled 20 clients (out of 50)
[2026-06-08 13:29:33,874] 189 flwr - INFO - aggregate_evaluate: received 20 results and 0 failures
[2026-06-08 13:29:33,874] 111 flwr - INFO - 
[2026-06-08 13:29:33,874] 112 flwr - INFO - [ROUND 3]
[2026-06-08 13:29:33,874] 221 flwr - INFO - configure_fit: strategy sampled 20 clients (out of 50)
[2026-06-08 13:30:14,375] 235 flwr - INFO - aggregate_fit: received 20 results and 0 failures
[2026-06-08 13:30:14,398] 188 root - INFO - [Aggregator] Round 3: 2/20 clients flagged by MAD.
[2026-06-08 13:30:14,399] 201 root - INFO - [Aggregator] Round 3: trust_weights min=0.0200 max=0.0714 zero_count=0
[2026-06-08 13:30:14,406] 175 flwr - INFO - configure_evaluate: strategy sampled 20 clients (out of 50)
[2026-06-08 13:30:15,080] 189 flwr - INFO - aggregate_evaluate: received 20 results and 0 failures
[2026-06-08 13:30:15,081] 491 flwr - INFO - 
[2026-06-08 13:30:15,082] 492 flwr - INFO - [SUMMARY]
[2026-06-08 13:30:15,082] 493 flwr - INFO - Run finished 3 round(s) in 106.46s
[2026-06-08 13:30:15,082] 495 flwr - INFO - 	History (loss, distributed):
[2026-06-08 13:30:15,083] 495 flwr - INFO - 		round 1: 0.27312934914330145
[2026-06-08 13:30:15,083] 495 flwr - INFO - 		round 2: 0.07892052525084133
[2026-06-08 13:30:15,083] 495 flwr - INFO - 		round 3: 0.04953787389809752
[2026-06-08 13:30:15,083] 495 flwr - INFO - 	History (metrics, distributed, fit):
[2026-06-08 13:30:15,083] 495 flwr - INFO - 	{'clients': [(1, 20), (2, 20), (3, 20)],
[2026-06-08 13:30:15,083] 495 flwr - INFO - 	 'flagged': [(1, 2), (2, 0), (3, 2)],
[2026-06-08 13:30:15,084] 495 flwr - INFO - 	 'max_trust': [(1, 0.06584097315010132),
[2026-06-08 13:30:15,084] 495 flwr - INFO - 	               (2, 0.07142857142857142),
[2026-06-08 13:30:15,084] 495 flwr - INFO - 	               (3, 0.07142857142857142)],
[2026-06-08 13:30:15,084] 495 flwr - INFO - 	 'min_trust': [(1, 0.027206983050758755),
[2026-06-08 13:30:15,084] 495 flwr - INFO - 	               (2, 0.022059418340121005),
[2026-06-08 13:30:15,084] 495 flwr - INFO - 	               (3, 0.019998998361325748)],
[2026-06-08 13:30:15,084] 495 flwr - INFO - 	 'round': [(1, 1), (2, 2), (3, 3)]}
[2026-06-08 13:30:15,084] 495 flwr - INFO - 	History (metrics, distributed, evaluate):
[2026-06-08 13:30:15,084] 495 flwr - INFO - 	{'round': [(1, 1), (2, 2), (3, 3)]}
[2026-06-08 13:30:15,085] 496 flwr - INFO - 
