[2026-06-08 13:20:49,554] 268 flwr - WARNING - DEPRECATED FEATURE: flwr.simulation.start_simulation() is deprecated.
	Instead, use the `flwr run` CLI command to start a local simulation in your Flower app, as shown for example below:

		$ flwr new  # Create a new Flower app from a template

		$ flwr run  # Run the Flower app in Simulation Mode

	Using `start_simulation()` is deprecated.

            This is a deprecated feature. It will be removed
            entirely in future versions of Flower.
        
[2026-06-08 13:20:49,554] 241 flwr - INFO - Starting Flower simulation, config: num_rounds=3, no round_timeout
[2026-06-08 13:20:56,712] 264 flwr - INFO - Flower VCE: Ray initialized with resources: {'object_store_memory': 2806568140.0, 'GPU': 1.0, 'memory': 6548658996.0, 'accelerator_type:G': 1.0, 'node:__internal_head__': 1.0, 'node:127.0.0.1': 1.0, 'CPU': 6.0}
[2026-06-08 13:20:56,712] 270 flwr - INFO - Optimize your simulation with Flower VCE: https://flower.ai/docs/framework/how-to-run-simulations.html
[2026-06-08 13:20:56,712] 293 flwr - INFO - Flower VCE: Resources for each Virtual Client: {'num_cpus': 1, 'num_gpus': 0.0}
[2026-06-08 13:20:56,726] 339 flwr - INFO - Flower VCE: Creating VirtualClientEngineActorPool with 6 actors
[2026-06-08 13:20:56,726] 91 flwr - INFO - [INIT]
[2026-06-08 13:20:56,726] 272 flwr - INFO - Using initial global parameters provided by strategy
[2026-06-08 13:20:56,726] 93 flwr - INFO - Starting evaluation of initial global parameters
[2026-06-08 13:20:56,726] 105 flwr - INFO - Evaluation returned no results (`None`)
[2026-06-08 13:20:56,726] 111 flwr - INFO - 
[2026-06-08 13:20:56,727] 112 flwr - INFO - [ROUND 1]
[2026-06-08 13:20:56,727] 221 flwr - INFO - configure_fit: strategy sampled 20 clients (out of 50)
[2026-06-08 13:21:32,079] 235 flwr - INFO - aggregate_fit: received 20 results and 0 failures
[2026-06-08 13:21:32,102] 251 flwr - WARNING - No fit_metrics_aggregation_fn provided
[2026-06-08 13:21:32,102] 175 flwr - INFO - configure_evaluate: strategy sampled 20 clients (out of 50)
[2026-06-08 13:21:32,859] 189 flwr - INFO - aggregate_evaluate: received 20 results and 0 failures
[2026-06-08 13:21:32,859] 111 flwr - INFO - 
[2026-06-08 13:21:32,859] 112 flwr - INFO - [ROUND 2]
[2026-06-08 13:21:32,859] 221 flwr - INFO - configure_fit: strategy sampled 20 clients (out of 50)
[2026-06-08 13:21:43,102] 235 flwr - INFO - aggregate_fit: received 20 results and 0 failures
[2026-06-08 13:21:43,127] 175 flwr - INFO - configure_evaluate: strategy sampled 20 clients (out of 50)
[2026-06-08 13:21:43,905] 189 flwr - INFO - aggregate_evaluate: received 20 results and 0 failures
[2026-06-08 13:21:43,907] 111 flwr - INFO - 
[2026-06-08 13:21:43,907] 112 flwr - INFO - [ROUND 3]
[2026-06-08 13:21:43,907] 221 flwr - INFO - configure_fit: strategy sampled 20 clients (out of 50)
[2026-06-08 13:22:09,150] 235 flwr - INFO - aggregate_fit: received 20 results and 0 failures
[2026-06-08 13:22:09,172] 175 flwr - INFO - configure_evaluate: strategy sampled 20 clients (out of 50)
[2026-06-08 13:22:09,703] 189 flwr - INFO - aggregate_evaluate: received 20 results and 0 failures
[2026-06-08 13:22:09,703] 491 flwr - INFO - 
[2026-06-08 13:22:09,703] 492 flwr - INFO - [SUMMARY]
[2026-06-08 13:22:09,703] 493 flwr - INFO - Run finished 3 round(s) in 72.98s
[2026-06-08 13:22:09,703] 495 flwr - INFO - 	History (loss, distributed):
[2026-06-08 13:22:09,703] 495 flwr - INFO - 		round 1: 0.2735860591093093
[2026-06-08 13:22:09,703] 495 flwr - INFO - 		round 2: 0.05798229110423958
[2026-06-08 13:22:09,703] 495 flwr - INFO - 		round 3: 0.05666642025317656
[2026-06-08 13:22:09,703] 495 flwr - INFO - 	History (metrics, distributed, evaluate):
[2026-06-08 13:22:09,703] 495 flwr - INFO - 	{'val_accuracy': [(1, 0.9785599978573389),
[2026-06-08 13:22:09,703] 495 flwr - INFO - 	                  (2, 0.9835584456696652),
[2026-06-08 13:22:09,705] 495 flwr - INFO - 	                  (3, 0.9824312219056919)]}
[2026-06-08 13:22:09,705] 496 flwr - INFO - 
