[2026-06-08 12:43:35,357] 268 flwr - WARNING - DEPRECATED FEATURE: flwr.simulation.start_simulation() is deprecated.
	Instead, use the `flwr run` CLI command to start a local simulation in your Flower app, as shown for example below:

		$ flwr new  # Create a new Flower app from a template

		$ flwr run  # Run the Flower app in Simulation Mode

	Using `start_simulation()` is deprecated.

            This is a deprecated feature. It will be removed
            entirely in future versions of Flower.
        
[2026-06-08 12:43:35,359] 241 flwr - INFO - Starting Flower simulation, config: num_rounds=3, no round_timeout
[2026-06-08 12:43:43,149] 264 flwr - INFO - Flower VCE: Ray initialized with resources: {'node:127.0.0.1': 1.0, 'GPU': 1.0, 'memory': 6043836826.0, 'accelerator_type:G': 1.0, 'node:__internal_head__': 1.0, 'object_store_memory': 2590215782.0, 'CPU': 6.0}
[2026-06-08 12:43:43,149] 270 flwr - INFO - Optimize your simulation with Flower VCE: https://flower.ai/docs/framework/how-to-run-simulations.html
[2026-06-08 12:43:43,149] 293 flwr - INFO - Flower VCE: Resources for each Virtual Client: {'num_cpus': 1, 'num_gpus': 0.0}
[2026-06-08 12:43:43,164] 339 flwr - INFO - Flower VCE: Creating VirtualClientEngineActorPool with 6 actors
[2026-06-08 12:43:43,164] 91 flwr - INFO - [INIT]
[2026-06-08 12:43:43,164] 272 flwr - INFO - Using initial global parameters provided by strategy
[2026-06-08 12:43:43,165] 93 flwr - INFO - Starting evaluation of initial global parameters
[2026-06-08 12:43:43,165] 105 flwr - INFO - Evaluation returned no results (`None`)
[2026-06-08 12:43:43,165] 111 flwr - INFO - 
[2026-06-08 12:43:43,165] 112 flwr - INFO - [ROUND 1]
[2026-06-08 12:43:43,165] 221 flwr - INFO - configure_fit: strategy sampled 10 clients (out of 50)
[2026-06-08 12:44:14,040] 235 flwr - INFO - aggregate_fit: received 10 results and 0 failures
[2026-06-08 12:44:14,055] 251 flwr - WARNING - No fit_metrics_aggregation_fn provided
[2026-06-08 12:44:14,055] 175 flwr - INFO - configure_evaluate: strategy sampled 10 clients (out of 50)
[2026-06-08 12:44:14,308] 189 flwr - INFO - aggregate_evaluate: received 10 results and 0 failures
[2026-06-08 12:44:14,308] 111 flwr - INFO - 
[2026-06-08 12:44:14,308] 112 flwr - INFO - [ROUND 2]
[2026-06-08 12:44:14,308] 221 flwr - INFO - configure_fit: strategy sampled 10 clients (out of 50)
[2026-06-08 12:44:34,535] 235 flwr - INFO - aggregate_fit: received 10 results and 0 failures
[2026-06-08 12:44:34,548] 175 flwr - INFO - configure_evaluate: strategy sampled 10 clients (out of 50)
[2026-06-08 12:44:34,861] 189 flwr - INFO - aggregate_evaluate: received 10 results and 0 failures
[2026-06-08 12:44:34,861] 111 flwr - INFO - 
[2026-06-08 12:44:34,861] 112 flwr - INFO - [ROUND 3]
[2026-06-08 12:44:34,861] 221 flwr - INFO - configure_fit: strategy sampled 10 clients (out of 50)
[2026-06-08 12:44:46,351] 235 flwr - INFO - aggregate_fit: received 10 results and 0 failures
[2026-06-08 12:44:46,363] 175 flwr - INFO - configure_evaluate: strategy sampled 10 clients (out of 50)
[2026-06-08 12:44:46,944] 189 flwr - INFO - aggregate_evaluate: received 10 results and 0 failures
[2026-06-08 12:44:46,944] 491 flwr - INFO - 
[2026-06-08 12:44:46,944] 492 flwr - INFO - [SUMMARY]
[2026-06-08 12:44:46,944] 493 flwr - INFO - Run finished 3 round(s) in 63.78s
[2026-06-08 12:44:46,944] 495 flwr - INFO - 	History (loss, distributed):
[2026-06-08 12:44:46,945] 495 flwr - INFO - 		round 1: 0.18072273709388548
[2026-06-08 12:44:46,945] 495 flwr - INFO - 		round 2: 0.0688549226494871
[2026-06-08 12:44:46,945] 495 flwr - INFO - 		round 3: 0.05000313395915195
[2026-06-08 12:44:46,945] 495 flwr - INFO - 	History (metrics, distributed, evaluate):
[2026-06-08 12:44:46,945] 495 flwr - INFO - 	{'val_accuracy': [(1, 0.9607626138135721),
[2026-06-08 12:44:46,945] 495 flwr - INFO - 	                  (2, 0.9812298220587131),
[2026-06-08 12:44:46,945] 495 flwr - INFO - 	                  (3, 0.9833114812476732)]}
[2026-06-08 12:44:46,945] 496 flwr - INFO - 
