[2026-06-08 13:10:18,532] 268 flwr - WARNING - DEPRECATED FEATURE: flwr.simulation.start_simulation() is deprecated.
	Instead, use the `flwr run` CLI command to start a local simulation in your Flower app, as shown for example below:

		$ flwr new  # Create a new Flower app from a template

		$ flwr run  # Run the Flower app in Simulation Mode

	Using `start_simulation()` is deprecated.

            This is a deprecated feature. It will be removed
            entirely in future versions of Flower.
        
[2026-06-08 13:10:18,532] 241 flwr - INFO - Starting Flower simulation, config: num_rounds=3, no round_timeout
[2026-06-08 13:10:25,887] 264 flwr - INFO - Flower VCE: Ray initialized with resources: {'node:127.0.0.1': 1.0, 'GPU': 1.0, 'memory': 5843261850.0, 'accelerator_type:G': 1.0, 'node:__internal_head__': 1.0, 'object_store_memory': 2504255078.0, 'CPU': 6.0}
[2026-06-08 13:10:25,888] 270 flwr - INFO - Optimize your simulation with Flower VCE: https://flower.ai/docs/framework/how-to-run-simulations.html
[2026-06-08 13:10:25,888] 293 flwr - INFO - Flower VCE: Resources for each Virtual Client: {'num_cpus': 1, 'num_gpus': 0.0}
[2026-06-08 13:10:25,900] 339 flwr - INFO - Flower VCE: Creating VirtualClientEngineActorPool with 6 actors
[2026-06-08 13:10:25,900] 91 flwr - INFO - [INIT]
[2026-06-08 13:10:25,900] 272 flwr - INFO - Using initial global parameters provided by strategy
[2026-06-08 13:10:25,900] 93 flwr - INFO - Starting evaluation of initial global parameters
[2026-06-08 13:10:25,900] 105 flwr - INFO - Evaluation returned no results (`None`)
[2026-06-08 13:10:25,900] 111 flwr - INFO - 
[2026-06-08 13:10:25,901] 112 flwr - INFO - [ROUND 1]
[2026-06-08 13:10:25,901] 221 flwr - INFO - configure_fit: strategy sampled 20 clients (out of 50)
[2026-06-08 13:10:56,505] 235 flwr - INFO - aggregate_fit: received 20 results and 0 failures
[2026-06-08 13:10:56,531] 251 flwr - WARNING - No fit_metrics_aggregation_fn provided
[2026-06-08 13:10:56,531] 175 flwr - INFO - configure_evaluate: strategy sampled 20 clients (out of 50)
[2026-06-08 13:10:57,313] 189 flwr - INFO - aggregate_evaluate: received 20 results and 0 failures
[2026-06-08 13:10:57,313] 111 flwr - INFO - 
[2026-06-08 13:10:57,313] 112 flwr - INFO - [ROUND 2]
[2026-06-08 13:10:57,313] 221 flwr - INFO - configure_fit: strategy sampled 20 clients (out of 50)
[2026-06-08 13:11:24,074] 235 flwr - INFO - aggregate_fit: received 20 results and 0 failures
[2026-06-08 13:11:24,099] 175 flwr - INFO - configure_evaluate: strategy sampled 20 clients (out of 50)
[2026-06-08 13:11:24,825] 189 flwr - INFO - aggregate_evaluate: received 20 results and 0 failures
[2026-06-08 13:11:24,825] 111 flwr - INFO - 
[2026-06-08 13:11:24,826] 112 flwr - INFO - [ROUND 3]
[2026-06-08 13:11:24,826] 221 flwr - INFO - configure_fit: strategy sampled 20 clients (out of 50)
[2026-06-08 13:11:46,738] 235 flwr - INFO - aggregate_fit: received 20 results and 0 failures
[2026-06-08 13:11:46,761] 175 flwr - INFO - configure_evaluate: strategy sampled 20 clients (out of 50)
[2026-06-08 13:11:47,447] 189 flwr - INFO - aggregate_evaluate: received 20 results and 0 failures
[2026-06-08 13:11:47,449] 491 flwr - INFO - 
[2026-06-08 13:11:47,449] 492 flwr - INFO - [SUMMARY]
[2026-06-08 13:11:47,449] 493 flwr - INFO - Run finished 3 round(s) in 81.55s
[2026-06-08 13:11:47,449] 495 flwr - INFO - 	History (loss, distributed):
[2026-06-08 13:11:47,449] 495 flwr - INFO - 		round 1: 0.20003273848779574
[2026-06-08 13:11:47,449] 495 flwr - INFO - 		round 2: 0.08463586408108371
[2026-06-08 13:11:47,449] 495 flwr - INFO - 		round 3: 0.04105215529945894
[2026-06-08 13:11:47,449] 495 flwr - INFO - 	History (metrics, distributed, evaluate):
[2026-06-08 13:11:47,449] 495 flwr - INFO - 	{'val_accuracy': [(1, 0.9713961809614907),
[2026-06-08 13:11:47,449] 495 flwr - INFO - 	                  (2, 0.9762020325719278),
[2026-06-08 13:11:47,449] 495 flwr - INFO - 	                  (3, 0.9856476216618956)]}
[2026-06-08 13:11:47,449] 496 flwr - INFO - 
