[2026-06-06 19:48:24,102] 268 flwr - WARNING - DEPRECATED FEATURE: flwr.simulation.start_simulation() is deprecated.
	Instead, use the `flwr run` CLI command to start a local simulation in your Flower app, as shown for example below:

		$ flwr new  # Create a new Flower app from a template

		$ flwr run  # Run the Flower app in Simulation Mode

	Using `start_simulation()` is deprecated.

            This is a deprecated feature. It will be removed
            entirely in future versions of Flower.
        
[2026-06-06 19:48:24,102] 241 flwr - INFO - Starting Flower simulation, config: num_rounds=1, no round_timeout
[2026-06-06 19:48:31,904] 264 flwr - INFO - Flower VCE: Ray initialized with resources: {'node:127.0.0.1': 1.0, 'GPU': 1.0, 'memory': 6591446221.0, 'node:__internal_head__': 1.0, 'object_store_memory': 2824905523.0, 'accelerator_type:G': 1.0, 'CPU': 6.0}
[2026-06-06 19:48:31,905] 270 flwr - INFO - Optimize your simulation with Flower VCE: https://flower.ai/docs/framework/how-to-run-simulations.html
[2026-06-06 19:48:31,905] 278 flwr - INFO - No `client_resources` specified. Using minimal resources for clients.
[2026-06-06 19:48:31,905] 293 flwr - INFO - Flower VCE: Resources for each Virtual Client: {'num_cpus': 1, 'num_gpus': 0.0}
[2026-06-06 19:48:31,917] 339 flwr - INFO - Flower VCE: Creating VirtualClientEngineActorPool with 6 actors
[2026-06-06 19:48:31,918] 91 flwr - INFO - [INIT]
[2026-06-06 19:48:31,918] 276 flwr - INFO - Requesting initial parameters from one random client
[2026-06-06 19:48:36,887] 283 flwr - INFO - Received initial parameters from one random client
[2026-06-06 19:48:36,887] 93 flwr - INFO - Starting evaluation of initial global parameters
[2026-06-06 19:48:36,887] 105 flwr - INFO - Evaluation returned no results (`None`)
[2026-06-06 19:48:36,887] 111 flwr - INFO - 
[2026-06-06 19:48:36,888] 112 flwr - INFO - [ROUND 1]
[2026-06-06 19:48:36,888] 221 flwr - INFO - configure_fit: strategy sampled 3 clients (out of 3)
[2026-06-06 19:48:54,955] 235 flwr - INFO - aggregate_fit: received 3 results and 0 failures
[2026-06-06 19:48:54,959] 251 flwr - WARNING - No fit_metrics_aggregation_fn provided
[2026-06-06 19:48:54,960] 175 flwr - INFO - configure_evaluate: strategy sampled 3 clients (out of 3)
[2026-06-06 19:48:55,561] 189 flwr - INFO - aggregate_evaluate: received 3 results and 0 failures
[2026-06-06 19:48:55,562] 282 flwr - WARNING - No evaluate_metrics_aggregation_fn provided
[2026-06-06 19:48:55,562] 491 flwr - INFO - 
[2026-06-06 19:48:55,562] 492 flwr - INFO - [SUMMARY]
[2026-06-06 19:48:55,562] 493 flwr - INFO - Run finished 1 round(s) in 18.67s
[2026-06-06 19:48:55,562] 495 flwr - INFO - 	History (loss, distributed):
[2026-06-06 19:48:55,562] 495 flwr - INFO - 		round 1: 0.13071027178576675
[2026-06-06 19:48:55,562] 496 flwr - INFO - 
