[2026-06-06 19:11:30,188] 268 flwr - WARNING - DEPRECATED FEATURE: flwr.simulation.start_simulation() is deprecated.
	Instead, use the `flwr run` CLI command to start a local simulation in your Flower app, as shown for example below:

		$ flwr new  # Create a new Flower app from a template

		$ flwr run  # Run the Flower app in Simulation Mode

	Using `start_simulation()` is deprecated.

            This is a deprecated feature. It will be removed
            entirely in future versions of Flower.
        
[2026-06-06 19:11:30,191] 241 flwr - INFO - Starting Flower simulation, config: num_rounds=1, no round_timeout
[2026-06-06 19:11:39,313] 264 flwr - INFO - Flower VCE: Ray initialized with resources: {'node:127.0.0.1': 1.0, 'GPU': 1.0, 'memory': 4600872551.0, 'accelerator_type:G': 1.0, 'node:__internal_head__': 1.0, 'object_store_memory': 1971802521.0, 'CPU': 6.0}
[2026-06-06 19:11:39,314] 270 flwr - INFO - Optimize your simulation with Flower VCE: https://flower.ai/docs/framework/how-to-run-simulations.html
[2026-06-06 19:11:39,314] 278 flwr - INFO - No `client_resources` specified. Using minimal resources for clients.
[2026-06-06 19:11:39,314] 293 flwr - INFO - Flower VCE: Resources for each Virtual Client: {'num_cpus': 1, 'num_gpus': 0.0}
[2026-06-06 19:11:39,328] 339 flwr - INFO - Flower VCE: Creating VirtualClientEngineActorPool with 6 actors
[2026-06-06 19:11:39,328] 91 flwr - INFO - [INIT]
[2026-06-06 19:11:39,329] 276 flwr - INFO - Requesting initial parameters from one random client
[2026-06-06 19:11:44,341] 283 flwr - INFO - Received initial parameters from one random client
[2026-06-06 19:11:44,341] 93 flwr - INFO - Starting evaluation of initial global parameters
[2026-06-06 19:11:44,341] 105 flwr - INFO - Evaluation returned no results (`None`)
[2026-06-06 19:11:44,341] 111 flwr - INFO - 
[2026-06-06 19:11:44,341] 112 flwr - INFO - [ROUND 1]
[2026-06-06 19:11:44,343] 221 flwr - INFO - configure_fit: strategy sampled 3 clients (out of 3)
[2026-06-06 19:11:47,284] 102 flwr - ERROR - Traceback (most recent call last):
  File "C:\Users\Aarush\FL-IDS-Capstone\.venv\Lib\site-packages\flwr\simulation\ray_transport\ray_client_proxy.py", line 90, in _submit_job
    out_mssg, updated_context = self.actor_pool.get_client_result(
                                ^^^^^^^^^^^^^^^^^^^^^^^^^^^^^^^^^^
  File "C:\Users\Aarush\FL-IDS-Capstone\.venv\Lib\site-packages\flwr\simulation\ray_transport\ray_actor.py", line 400, in get_client_result
    return self._fetch_future_result(cid)
           ^^^^^^^^^^^^^^^^^^^^^^^^^^^^^^
  File "C:\Users\Aarush\FL-IDS-Capstone\.venv\Lib\site-packages\flwr\simulation\ray_transport\ray_actor.py", line 281, in _fetch_future_result
    res_cid, out_mssg, updated_context = ray.get(
                                         ^^^^^^^^
  File "C:\Users\Aarush\FL-IDS-Capstone\.venv\Lib\site-packages\ray\_private\auto_init_hook.py", line 22, in auto_init_wrapper
    return fn(*args, **kwargs)
           ^^^^^^^^^^^^^^^^^^^
  File "C:\Users\Aarush\FL-IDS-Capstone\.venv\Lib\site-packages\ray\_private\client_mode_hook.py", line 104, in wrapper
    return func(*args, **kwargs)
           ^^^^^^^^^^^^^^^^^^^^^
  File "C:\Users\Aarush\FL-IDS-Capstone\.venv\Lib\site-packages\ray\_private\worker.py", line 2961, in get
    values, debugger_breakpoint = worker.get_objects(
                                  ^^^^^^^^^^^^^^^^^^^
  File "C:\Users\Aarush\FL-IDS-Capstone\.venv\Lib\site-packages\ray\_private\worker.py", line 1026, in get_objects
    raise value.as_instanceof_cause()
ray.exceptions.RayTaskError(ClientAppException): [36mray::ClientAppActor.run()[39m (pid=8076, ip=127.0.0.1, actor_id=b286949ee6ccb7f31849f8a501000000, repr=<flwr.simulation.ray_transport.ray_actor.ClientAppActor object at 0x00000168089613D0>)
                  ^^^^^^^^^^^^^^^^^^^^^^^^^^^^^^^^^^^^^
  File "C:\Users\Aarush\FL-IDS-Capstone\.venv\Lib\site-packages\flwr\clientapp\client_app.py", line 144, in __call__
    return self._call(message, context)
           ^^^^^^^^^^^^^^^^^^^^^^^^^^^^
  File "C:\Users\Aarush\FL-IDS-Capstone\.venv\Lib\site-packages\flwr\clientapp\client_app.py", line 128, in ffn
    out_message = handle_legacy_message_from_msgtype(
                  ^^^^^^^^^^^^^^^^^^^^^^^^^^^^^^^^^^^
  File "C:\Users\Aarush\FL-IDS-Capstone\.venv\Lib\site-packages\flwr\client\message_handler\message_handler.py", line 129, in handle_legacy_message_from_msgtype
    fit_res = maybe_call_fit(
              ^^^^^^^^^^^^^^^
  File "C:\Users\Aarush\FL-IDS-Capstone\.venv\Lib\site-packages\flwr\client\client.py", line 224, in maybe_call_fit
    return client.fit(fit_ins)
           ^^^^^^^^^^^^^^^^^^^
  File "C:\Users\Aarush\FL-IDS-Capstone\.venv\Lib\site-packages\flwr\client\numpy_client.py", line 227, in _fit
    results = self.numpy_client.fit(parameters, ins.config)  # type: ignore
              ^^^^^^^^^^^^^^^^^^^^^^^^^^^^^^^^^^^^^^^^^^^^^
  File "C:\Users\Aarush\FL-IDS-Capstone\src\components\client\client.py", line 163, in fit
    logits = self.model(x)
             ^^^^^^^^^^^^^
  File "C:\Users\Aarush\FL-IDS-Capstone\.venv\Lib\site-packages\torch\nn\modules\module.py", line 1778, in _wrapped_call_impl
    return self._call_impl(*args, **kwargs)
           ^^^^^^^^^^^^^^^^^^^^^^^^^^^^^^^^
  File "C:\Users\Aarush\FL-IDS-Capstone\.venv\Lib\site-packages\torch\nn\modules\module.py", line 1789, in _call_impl
    return forward_call(*args, **kwargs)
           ^^^^^^^^^^^^^^^^^^^^^^^^^^^^^
  File "C:\Users\Aarush\FL-IDS-Capstone\src\components\model\model.py", line 37, in forward
    return self.net(x)
           ^^^^^^^^^^^
  File "C:\Users\Aarush\FL-IDS-Capstone\.venv\Lib\site-packages\torch\nn\modules\module.py", line 1778, in _wrapped_call_impl
    return self._call_impl(*args, **kwargs)
           ^^^^^^^^^^^^^^^^^^^^^^^^^^^^^^^^
  File "C:\Users\Aarush\FL-IDS-Capstone\.venv\Lib\site-packages\torch\nn\modules\module.py", line 1789, in _call_impl
    return forward_call(*args, **kwargs)
           ^^^^^^^^^^^^^^^^^^^^^^^^^^^^^
  File "C:\Users\Aarush\FL-IDS-Capstone\.venv\Lib\site-packages\torch\nn\modules\container.py", line 253, in forward
    input = module(input)
            ^^^^^^^^^^^^^
  File "C:\Users\Aarush\FL-IDS-Capstone\.venv\Lib\site-packages\torch\nn\modules\module.py", line 1778, in _wrapped_call_impl
    return self._call_impl(*args, **kwargs)
           ^^^^^^^^^^^^^^^^^^^^^^^^^^^^^^^^
  File "C:\Users\Aarush\FL-IDS-Capstone\.venv\Lib\site-packages\torch\nn\modules\module.py", line 1789, in _call_impl
    return forward_call(*args, **kwargs)
           ^^^^^^^^^^^^^^^^^^^^^^^^^^^^^
  File "C:\Users\Aarush\FL-IDS-Capstone\.venv\Lib\site-packages\torch\nn\modules\linear.py", line 134, in forward
    return F.linear(input, self.weight, self.bias)
           ^^^^^^^^^^^^^^^^^^^^^^^^^^^^^^^^^^^^^^^
RuntimeError: mat1 and mat2 shapes cannot be multiplied (8x78 and 57x256)

The above exception was the direct cause of the following exception:

[36mray::ClientAppActor.run()[39m (pid=8076, ip=127.0.0.1, actor_id=b286949ee6ccb7f31849f8a501000000, repr=<flwr.simulation.ray_transport.ray_actor.ClientAppActor object at 0x00000168089613D0>)
  File "python\\ray\\_raylet.pyx", line 1982, in ray._raylet.execute_task
  File "python\\ray\\_raylet.pyx", line 2093, in ray._raylet.execute_task
  File "python\\ray\\_raylet.pyx", line 1989, in ray._raylet.execute_task
  File "python\\ray\\_raylet.pyx", line 1932, in ray._raylet.execute_task.function_executor
  File "C:\Users\Aarush\FL-IDS-Capstone\.venv\Lib\site-packages\ray\_private\function_manager.py", line 693, in actor_method_executor
    return method(__ray_actor, *args, **kwargs)
           ^^^^^^^^^^^^^^^^^^^^^^^^^^^^^^^^^^^^
  File "C:\Users\Aarush\FL-IDS-Capstone\.venv\Lib\site-packages\ray\util\tracing\tracing_helper.py", line 461, in _resume_span
    return method(self, *_args, **_kwargs)
           ^^^^^^^^^^^^^^^^^^^^^^^^^^^^^^^
  File "C:\Users\Aarush\FL-IDS-Capstone\.venv\Lib\site-packages\flwr\simulation\ray_transport\ray_actor.py", line 65, in run
    raise ClientAppException(str(ex)) from ex
flwr.clientapp.client_app.ClientAppException: 
Exception ClientAppException occurred. Message: mat1 and mat2 shapes cannot be multiplied (8x78 and 57x256)

[2026-06-06 19:11:47,284] 103 flwr - ERROR - [36mray::ClientAppActor.run()[39m (pid=8076, ip=127.0.0.1, actor_id=b286949ee6ccb7f31849f8a501000000, repr=<flwr.simulation.ray_transport.ray_actor.ClientAppActor object at 0x00000168089613D0>)
                  ^^^^^^^^^^^^^^^^^^^^^^^^^^^^^^^^^^^^^
  File "C:\Users\Aarush\FL-IDS-Capstone\.venv\Lib\site-packages\flwr\clientapp\client_app.py", line 144, in __call__
    return self._call(message, context)
           ^^^^^^^^^^^^^^^^^^^^^^^^^^^^
  File "C:\Users\Aarush\FL-IDS-Capstone\.venv\Lib\site-packages\flwr\clientapp\client_app.py", line 128, in ffn
    out_message = handle_legacy_message_from_msgtype(
                  ^^^^^^^^^^^^^^^^^^^^^^^^^^^^^^^^^^^
  File "C:\Users\Aarush\FL-IDS-Capstone\.venv\Lib\site-packages\flwr\client\message_handler\message_handler.py", line 129, in handle_legacy_message_from_msgtype
    fit_res = maybe_call_fit(
              ^^^^^^^^^^^^^^^
  File "C:\Users\Aarush\FL-IDS-Capstone\.venv\Lib\site-packages\flwr\client\client.py", line 224, in maybe_call_fit
    return client.fit(fit_ins)
           ^^^^^^^^^^^^^^^^^^^
  File "C:\Users\Aarush\FL-IDS-Capstone\.venv\Lib\site-packages\flwr\client\numpy_client.py", line 227, in _fit
    results = self.numpy_client.fit(parameters, ins.config)  # type: ignore
              ^^^^^^^^^^^^^^^^^^^^^^^^^^^^^^^^^^^^^^^^^^^^^
  File "C:\Users\Aarush\FL-IDS-Capstone\src\components\client\client.py", line 163, in fit
    logits = self.model(x)
             ^^^^^^^^^^^^^
  File "C:\Users\Aarush\FL-IDS-Capstone\.venv\Lib\site-packages\torch\nn\modules\module.py", line 1778, in _wrapped_call_impl
    return self._call_impl(*args, **kwargs)
           ^^^^^^^^^^^^^^^^^^^^^^^^^^^^^^^^
  File "C:\Users\Aarush\FL-IDS-Capstone\.venv\Lib\site-packages\torch\nn\modules\module.py", line 1789, in _call_impl
    return forward_call(*args, **kwargs)
           ^^^^^^^^^^^^^^^^^^^^^^^^^^^^^
  File "C:\Users\Aarush\FL-IDS-Capstone\src\components\model\model.py", line 37, in forward
    return self.net(x)
           ^^^^^^^^^^^
  File "C:\Users\Aarush\FL-IDS-Capstone\.venv\Lib\site-packages\torch\nn\modules\module.py", line 1778, in _wrapped_call_impl
    return self._call_impl(*args, **kwargs)
           ^^^^^^^^^^^^^^^^^^^^^^^^^^^^^^^^
  File "C:\Users\Aarush\FL-IDS-Capstone\.venv\Lib\site-packages\torch\nn\modules\module.py", line 1789, in _call_impl
    return forward_call(*args, **kwargs)
           ^^^^^^^^^^^^^^^^^^^^^^^^^^^^^
  File "C:\Users\Aarush\FL-IDS-Capstone\.venv\Lib\site-packages\torch\nn\modules\container.py", line 253, in forward
    input = module(input)
            ^^^^^^^^^^^^^
  File "C:\Users\Aarush\FL-IDS-Capstone\.venv\Lib\site-packages\torch\nn\modules\module.py", line 1778, in _wrapped_call_impl
    return self._call_impl(*args, **kwargs)
           ^^^^^^^^^^^^^^^^^^^^^^^^^^^^^^^^
  File "C:\Users\Aarush\FL-IDS-Capstone\.venv\Lib\site-packages\torch\nn\modules\module.py", line 1789, in _call_impl
    return forward_call(*args, **kwargs)
           ^^^^^^^^^^^^^^^^^^^^^^^^^^^^^
  File "C:\Users\Aarush\FL-IDS-Capstone\.venv\Lib\site-packages\torch\nn\modules\linear.py", line 134, in forward
    return F.linear(input, self.weight, self.bias)
           ^^^^^^^^^^^^^^^^^^^^^^^^^^^^^^^^^^^^^^^
RuntimeError: mat1 and mat2 shapes cannot be multiplied (8x78 and 57x256)

The above exception was the direct cause of the following exception:

[36mray::ClientAppActor.run()[39m (pid=8076, ip=127.0.0.1, actor_id=b286949ee6ccb7f31849f8a501000000, repr=<flwr.simulation.ray_transport.ray_actor.ClientAppActor object at 0x00000168089613D0>)
  File "python\\ray\\_raylet.pyx", line 1982, in ray._raylet.execute_task
  File "python\\ray\\_raylet.pyx", line 2093, in ray._raylet.execute_task
  File "python\\ray\\_raylet.pyx", line 1989, in ray._raylet.execute_task
  File "python\\ray\\_raylet.pyx", line 1932, in ray._raylet.execute_task.function_executor
  File "C:\Users\Aarush\FL-IDS-Capstone\.venv\Lib\site-packages\ray\_private\function_manager.py", line 693, in actor_method_executor
    return method(__ray_actor, *args, **kwargs)
           ^^^^^^^^^^^^^^^^^^^^^^^^^^^^^^^^^^^^
  File "C:\Users\Aarush\FL-IDS-Capstone\.venv\Lib\site-packages\ray\util\tracing\tracing_helper.py", line 461, in _resume_span
    return method(self, *_args, **_kwargs)
           ^^^^^^^^^^^^^^^^^^^^^^^^^^^^^^^
  File "C:\Users\Aarush\FL-IDS-Capstone\.venv\Lib\site-packages\flwr\simulation\ray_transport\ray_actor.py", line 65, in run
    raise ClientAppException(str(ex)) from ex
flwr.clientapp.client_app.ClientAppException: 
Exception ClientAppException occurred. Message: mat1 and mat2 shapes cannot be multiplied (8x78 and 57x256)
[2026-06-06 19:11:49,722] 102 flwr - ERROR - Traceback (most recent call last):
  File "C:\Users\Aarush\FL-IDS-Capstone\.venv\Lib\site-packages\flwr\simulation\ray_transport\ray_client_proxy.py", line 90, in _submit_job
    out_mssg, updated_context = self.actor_pool.get_client_result(
                                ^^^^^^^^^^^^^^^^^^^^^^^^^^^^^^^^^^
  File "C:\Users\Aarush\FL-IDS-Capstone\.venv\Lib\site-packages\flwr\simulation\ray_transport\ray_actor.py", line 400, in get_client_result
    return self._fetch_future_result(cid)
           ^^^^^^^^^^^^^^^^^^^^^^^^^^^^^^
  File "C:\Users\Aarush\FL-IDS-Capstone\.venv\Lib\site-packages\flwr\simulation\ray_transport\ray_actor.py", line 281, in _fetch_future_result
    res_cid, out_mssg, updated_context = ray.get(
                                         ^^^^^^^^
  File "C:\Users\Aarush\FL-IDS-Capstone\.venv\Lib\site-packages\ray\_private\auto_init_hook.py", line 22, in auto_init_wrapper
    return fn(*args, **kwargs)
           ^^^^^^^^^^^^^^^^^^^
  File "C:\Users\Aarush\FL-IDS-Capstone\.venv\Lib\site-packages\ray\_private\client_mode_hook.py", line 104, in wrapper
    return func(*args, **kwargs)
           ^^^^^^^^^^^^^^^^^^^^^
  File "C:\Users\Aarush\FL-IDS-Capstone\.venv\Lib\site-packages\ray\_private\worker.py", line 2961, in get
    values, debugger_breakpoint = worker.get_objects(
                                  ^^^^^^^^^^^^^^^^^^^
  File "C:\Users\Aarush\FL-IDS-Capstone\.venv\Lib\site-packages\ray\_private\worker.py", line 1026, in get_objects
    raise value.as_instanceof_cause()
ray.exceptions.RayTaskError(ClientAppException): [36mray::ClientAppActor.run()[39m (pid=14224, ip=127.0.0.1, actor_id=4ff29837f14e6c132fb6c47901000000, repr=<flwr.simulation.ray_transport.ray_actor.ClientAppActor object at 0x00000187E5B35F90>)
                  ^^^^^^^^^^^^^^^^^^^^^^^^^^^^^^^^^^^^^
  File "C:\Users\Aarush\FL-IDS-Capstone\.venv\Lib\site-packages\flwr\clientapp\client_app.py", line 144, in __call__
    return self._call(message, context)
           ^^^^^^^^^^^^^^^^^^^^^^^^^^^^
  File "C:\Users\Aarush\FL-IDS-Capstone\.venv\Lib\site-packages\flwr\clientapp\client_app.py", line 128, in ffn
    out_message = handle_legacy_message_from_msgtype(
                  ^^^^^^^^^^^^^^^^^^^^^^^^^^^^^^^^^^^
  File "C:\Users\Aarush\FL-IDS-Capstone\.venv\Lib\site-packages\flwr\client\message_handler\message_handler.py", line 129, in handle_legacy_message_from_msgtype
    fit_res = maybe_call_fit(
              ^^^^^^^^^^^^^^^
  File "C:\Users\Aarush\FL-IDS-Capstone\.venv\Lib\site-packages\flwr\client\client.py", line 224, in maybe_call_fit
    return client.fit(fit_ins)
           ^^^^^^^^^^^^^^^^^^^
  File "C:\Users\Aarush\FL-IDS-Capstone\.venv\Lib\site-packages\flwr\client\numpy_client.py", line 227, in _fit
    results = self.numpy_client.fit(parameters, ins.config)  # type: ignore
              ^^^^^^^^^^^^^^^^^^^^^^^^^^^^^^^^^^^^^^^^^^^^^
  File "C:\Users\Aarush\FL-IDS-Capstone\src\components\client\client.py", line 163, in fit
    logits = self.model(x)
             ^^^^^^^^^^^^^
  File "C:\Users\Aarush\FL-IDS-Capstone\.venv\Lib\site-packages\torch\nn\modules\module.py", line 1778, in _wrapped_call_impl
    return self._call_impl(*args, **kwargs)
           ^^^^^^^^^^^^^^^^^^^^^^^^^^^^^^^^
  File "C:\Users\Aarush\FL-IDS-Capstone\.venv\Lib\site-packages\torch\nn\modules\module.py", line 1789, in _call_impl
    return forward_call(*args, **kwargs)
           ^^^^^^^^^^^^^^^^^^^^^^^^^^^^^
  File "C:\Users\Aarush\FL-IDS-Capstone\src\components\model\model.py", line 37, in forward
    return self.net(x)
           ^^^^^^^^^^^
  File "C:\Users\Aarush\FL-IDS-Capstone\.venv\Lib\site-packages\torch\nn\modules\module.py", line 1778, in _wrapped_call_impl
    return self._call_impl(*args, **kwargs)
           ^^^^^^^^^^^^^^^^^^^^^^^^^^^^^^^^
  File "C:\Users\Aarush\FL-IDS-Capstone\.venv\Lib\site-packages\torch\nn\modules\module.py", line 1789, in _call_impl
    return forward_call(*args, **kwargs)
           ^^^^^^^^^^^^^^^^^^^^^^^^^^^^^
  File "C:\Users\Aarush\FL-IDS-Capstone\.venv\Lib\site-packages\torch\nn\modules\container.py", line 253, in forward
    input = module(input)
            ^^^^^^^^^^^^^
  File "C:\Users\Aarush\FL-IDS-Capstone\.venv\Lib\site-packages\torch\nn\modules\module.py", line 1778, in _wrapped_call_impl
    return self._call_impl(*args, **kwargs)
           ^^^^^^^^^^^^^^^^^^^^^^^^^^^^^^^^
  File "C:\Users\Aarush\FL-IDS-Capstone\.venv\Lib\site-packages\torch\nn\modules\module.py", line 1789, in _call_impl
    return forward_call(*args, **kwargs)
           ^^^^^^^^^^^^^^^^^^^^^^^^^^^^^
  File "C:\Users\Aarush\FL-IDS-Capstone\.venv\Lib\site-packages\torch\nn\modules\linear.py", line 134, in forward
    return F.linear(input, self.weight, self.bias)
           ^^^^^^^^^^^^^^^^^^^^^^^^^^^^^^^^^^^^^^^
RuntimeError: mat1 and mat2 shapes cannot be multiplied (8x78 and 57x256)

The above exception was the direct cause of the following exception:

[36mray::ClientAppActor.run()[39m (pid=14224, ip=127.0.0.1, actor_id=4ff29837f14e6c132fb6c47901000000, repr=<flwr.simulation.ray_transport.ray_actor.ClientAppActor object at 0x00000187E5B35F90>)
  File "python\\ray\\_raylet.pyx", line 1982, in ray._raylet.execute_task
  File "python\\ray\\_raylet.pyx", line 2093, in ray._raylet.execute_task
  File "python\\ray\\_raylet.pyx", line 1989, in ray._raylet.execute_task
  File "python\\ray\\_raylet.pyx", line 1932, in ray._raylet.execute_task.function_executor
  File "C:\Users\Aarush\FL-IDS-Capstone\.venv\Lib\site-packages\ray\_private\function_manager.py", line 693, in actor_method_executor
    return method(__ray_actor, *args, **kwargs)
           ^^^^^^^^^^^^^^^^^^^^^^^^^^^^^^^^^^^^
  File "C:\Users\Aarush\FL-IDS-Capstone\.venv\Lib\site-packages\ray\util\tracing\tracing_helper.py", line 461, in _resume_span
    return method(self, *_args, **_kwargs)
           ^^^^^^^^^^^^^^^^^^^^^^^^^^^^^^^
  File "C:\Users\Aarush\FL-IDS-Capstone\.venv\Lib\site-packages\flwr\simulation\ray_transport\ray_actor.py", line 65, in run
    raise ClientAppException(str(ex)) from ex
flwr.clientapp.client_app.ClientAppException: 
Exception ClientAppException occurred. Message: mat1 and mat2 shapes cannot be multiplied (8x78 and 57x256)

[2026-06-06 19:11:49,722] 103 flwr - ERROR - [36mray::ClientAppActor.run()[39m (pid=14224, ip=127.0.0.1, actor_id=4ff29837f14e6c132fb6c47901000000, repr=<flwr.simulation.ray_transport.ray_actor.ClientAppActor object at 0x00000187E5B35F90>)
                  ^^^^^^^^^^^^^^^^^^^^^^^^^^^^^^^^^^^^^
  File "C:\Users\Aarush\FL-IDS-Capstone\.venv\Lib\site-packages\flwr\clientapp\client_app.py", line 144, in __call__
    return self._call(message, context)
           ^^^^^^^^^^^^^^^^^^^^^^^^^^^^
  File "C:\Users\Aarush\FL-IDS-Capstone\.venv\Lib\site-packages\flwr\clientapp\client_app.py", line 128, in ffn
    out_message = handle_legacy_message_from_msgtype(
                  ^^^^^^^^^^^^^^^^^^^^^^^^^^^^^^^^^^^
  File "C:\Users\Aarush\FL-IDS-Capstone\.venv\Lib\site-packages\flwr\client\message_handler\message_handler.py", line 129, in handle_legacy_message_from_msgtype
    fit_res = maybe_call_fit(
              ^^^^^^^^^^^^^^^
  File "C:\Users\Aarush\FL-IDS-Capstone\.venv\Lib\site-packages\flwr\client\client.py", line 224, in maybe_call_fit
    return client.fit(fit_ins)
           ^^^^^^^^^^^^^^^^^^^
  File "C:\Users\Aarush\FL-IDS-Capstone\.venv\Lib\site-packages\flwr\client\numpy_client.py", line 227, in _fit
    results = self.numpy_client.fit(parameters, ins.config)  # type: ignore
              ^^^^^^^^^^^^^^^^^^^^^^^^^^^^^^^^^^^^^^^^^^^^^
  File "C:\Users\Aarush\FL-IDS-Capstone\src\components\client\client.py", line 163, in fit
    logits = self.model(x)
             ^^^^^^^^^^^^^
  File "C:\Users\Aarush\FL-IDS-Capstone\.venv\Lib\site-packages\torch\nn\modules\module.py", line 1778, in _wrapped_call_impl
    return self._call_impl(*args, **kwargs)
           ^^^^^^^^^^^^^^^^^^^^^^^^^^^^^^^^
  File "C:\Users\Aarush\FL-IDS-Capstone\.venv\Lib\site-packages\torch\nn\modules\module.py", line 1789, in _call_impl
    return forward_call(*args, **kwargs)
           ^^^^^^^^^^^^^^^^^^^^^^^^^^^^^
  File "C:\Users\Aarush\FL-IDS-Capstone\src\components\model\model.py", line 37, in forward
    return self.net(x)
           ^^^^^^^^^^^
  File "C:\Users\Aarush\FL-IDS-Capstone\.venv\Lib\site-packages\torch\nn\modules\module.py", line 1778, in _wrapped_call_impl
    return self._call_impl(*args, **kwargs)
           ^^^^^^^^^^^^^^^^^^^^^^^^^^^^^^^^
  File "C:\Users\Aarush\FL-IDS-Capstone\.venv\Lib\site-packages\torch\nn\modules\module.py", line 1789, in _call_impl
    return forward_call(*args, **kwargs)
           ^^^^^^^^^^^^^^^^^^^^^^^^^^^^^
  File "C:\Users\Aarush\FL-IDS-Capstone\.venv\Lib\site-packages\torch\nn\modules\container.py", line 253, in forward
    input = module(input)
            ^^^^^^^^^^^^^
  File "C:\Users\Aarush\FL-IDS-Capstone\.venv\Lib\site-packages\torch\nn\modules\module.py", line 1778, in _wrapped_call_impl
    return self._call_impl(*args, **kwargs)
           ^^^^^^^^^^^^^^^^^^^^^^^^^^^^^^^^
  File "C:\Users\Aarush\FL-IDS-Capstone\.venv\Lib\site-packages\torch\nn\modules\module.py", line 1789, in _call_impl
    return forward_call(*args, **kwargs)
           ^^^^^^^^^^^^^^^^^^^^^^^^^^^^^
  File "C:\Users\Aarush\FL-IDS-Capstone\.venv\Lib\site-packages\torch\nn\modules\linear.py", line 134, in forward
    return F.linear(input, self.weight, self.bias)
           ^^^^^^^^^^^^^^^^^^^^^^^^^^^^^^^^^^^^^^^
RuntimeError: mat1 and mat2 shapes cannot be multiplied (8x78 and 57x256)

The above exception was the direct cause of the following exception:

[36mray::ClientAppActor.run()[39m (pid=14224, ip=127.0.0.1, actor_id=4ff29837f14e6c132fb6c47901000000, repr=<flwr.simulation.ray_transport.ray_actor.ClientAppActor object at 0x00000187E5B35F90>)
  File "python\\ray\\_raylet.pyx", line 1982, in ray._raylet.execute_task
  File "python\\ray\\_raylet.pyx", line 2093, in ray._raylet.execute_task
  File "python\\ray\\_raylet.pyx", line 1989, in ray._raylet.execute_task
  File "python\\ray\\_raylet.pyx", line 1932, in ray._raylet.execute_task.function_executor
  File "C:\Users\Aarush\FL-IDS-Capstone\.venv\Lib\site-packages\ray\_private\function_manager.py", line 693, in actor_method_executor
    return method(__ray_actor, *args, **kwargs)
           ^^^^^^^^^^^^^^^^^^^^^^^^^^^^^^^^^^^^
  File "C:\Users\Aarush\FL-IDS-Capstone\.venv\Lib\site-packages\ray\util\tracing\tracing_helper.py", line 461, in _resume_span
    return method(self, *_args, **_kwargs)
           ^^^^^^^^^^^^^^^^^^^^^^^^^^^^^^^
  File "C:\Users\Aarush\FL-IDS-Capstone\.venv\Lib\site-packages\flwr\simulation\ray_transport\ray_actor.py", line 65, in run
    raise ClientAppException(str(ex)) from ex
flwr.clientapp.client_app.ClientAppException: 
Exception ClientAppException occurred. Message: mat1 and mat2 shapes cannot be multiplied (8x78 and 57x256)
[2026-06-06 19:11:49,748] 102 flwr - ERROR - Traceback (most recent call last):
  File "C:\Users\Aarush\FL-IDS-Capstone\.venv\Lib\site-packages\flwr\simulation\ray_transport\ray_client_proxy.py", line 90, in _submit_job
    out_mssg, updated_context = self.actor_pool.get_client_result(
                                ^^^^^^^^^^^^^^^^^^^^^^^^^^^^^^^^^^
  File "C:\Users\Aarush\FL-IDS-Capstone\.venv\Lib\site-packages\flwr\simulation\ray_transport\ray_actor.py", line 400, in get_client_result
    return self._fetch_future_result(cid)
           ^^^^^^^^^^^^^^^^^^^^^^^^^^^^^^
  File "C:\Users\Aarush\FL-IDS-Capstone\.venv\Lib\site-packages\flwr\simulation\ray_transport\ray_actor.py", line 281, in _fetch_future_result
    res_cid, out_mssg, updated_context = ray.get(
                                         ^^^^^^^^
  File "C:\Users\Aarush\FL-IDS-Capstone\.venv\Lib\site-packages\ray\_private\auto_init_hook.py", line 22, in auto_init_wrapper
    return fn(*args, **kwargs)
           ^^^^^^^^^^^^^^^^^^^
  File "C:\Users\Aarush\FL-IDS-Capstone\.venv\Lib\site-packages\ray\_private\client_mode_hook.py", line 104, in wrapper
    return func(*args, **kwargs)
           ^^^^^^^^^^^^^^^^^^^^^
  File "C:\Users\Aarush\FL-IDS-Capstone\.venv\Lib\site-packages\ray\_private\worker.py", line 2961, in get
    values, debugger_breakpoint = worker.get_objects(
                                  ^^^^^^^^^^^^^^^^^^^
  File "C:\Users\Aarush\FL-IDS-Capstone\.venv\Lib\site-packages\ray\_private\worker.py", line 1026, in get_objects
    raise value.as_instanceof_cause()
ray.exceptions.RayTaskError(ClientAppException): [36mray::ClientAppActor.run()[39m (pid=14204, ip=127.0.0.1, actor_id=13b4e6928412b3643e9e370a01000000, repr=<flwr.simulation.ray_transport.ray_actor.ClientAppActor object at 0x000002699077A390>)
                  ^^^^^^^^^^^^^^^^^^^^^^^^^^^^^^^^^^^^^
  File "C:\Users\Aarush\FL-IDS-Capstone\.venv\Lib\site-packages\flwr\clientapp\client_app.py", line 144, in __call__
    return self._call(message, context)
           ^^^^^^^^^^^^^^^^^^^^^^^^^^^^
  File "C:\Users\Aarush\FL-IDS-Capstone\.venv\Lib\site-packages\flwr\clientapp\client_app.py", line 128, in ffn
    out_message = handle_legacy_message_from_msgtype(
                  ^^^^^^^^^^^^^^^^^^^^^^^^^^^^^^^^^^^
  File "C:\Users\Aarush\FL-IDS-Capstone\.venv\Lib\site-packages\flwr\client\message_handler\message_handler.py", line 129, in handle_legacy_message_from_msgtype
    fit_res = maybe_call_fit(
              ^^^^^^^^^^^^^^^
  File "C:\Users\Aarush\FL-IDS-Capstone\.venv\Lib\site-packages\flwr\client\client.py", line 224, in maybe_call_fit
    return client.fit(fit_ins)
           ^^^^^^^^^^^^^^^^^^^
  File "C:\Users\Aarush\FL-IDS-Capstone\.venv\Lib\site-packages\flwr\client\numpy_client.py", line 227, in _fit
    results = self.numpy_client.fit(parameters, ins.config)  # type: ignore
              ^^^^^^^^^^^^^^^^^^^^^^^^^^^^^^^^^^^^^^^^^^^^^
  File "C:\Users\Aarush\FL-IDS-Capstone\src\components\client\client.py", line 163, in fit
    logits = self.model(x)
             ^^^^^^^^^^^^^
  File "C:\Users\Aarush\FL-IDS-Capstone\.venv\Lib\site-packages\torch\nn\modules\module.py", line 1778, in _wrapped_call_impl
    return self._call_impl(*args, **kwargs)
           ^^^^^^^^^^^^^^^^^^^^^^^^^^^^^^^^
  File "C:\Users\Aarush\FL-IDS-Capstone\.venv\Lib\site-packages\torch\nn\modules\module.py", line 1789, in _call_impl
    return forward_call(*args, **kwargs)
           ^^^^^^^^^^^^^^^^^^^^^^^^^^^^^
  File "C:\Users\Aarush\FL-IDS-Capstone\src\components\model\model.py", line 37, in forward
    return self.net(x)
           ^^^^^^^^^^^
  File "C:\Users\Aarush\FL-IDS-Capstone\.venv\Lib\site-packages\torch\nn\modules\module.py", line 1778, in _wrapped_call_impl
    return self._call_impl(*args, **kwargs)
           ^^^^^^^^^^^^^^^^^^^^^^^^^^^^^^^^
  File "C:\Users\Aarush\FL-IDS-Capstone\.venv\Lib\site-packages\torch\nn\modules\module.py", line 1789, in _call_impl
    return forward_call(*args, **kwargs)
           ^^^^^^^^^^^^^^^^^^^^^^^^^^^^^
  File "C:\Users\Aarush\FL-IDS-Capstone\.venv\Lib\site-packages\torch\nn\modules\container.py", line 253, in forward
    input = module(input)
            ^^^^^^^^^^^^^
  File "C:\Users\Aarush\FL-IDS-Capstone\.venv\Lib\site-packages\torch\nn\modules\module.py", line 1778, in _wrapped_call_impl
    return self._call_impl(*args, **kwargs)
           ^^^^^^^^^^^^^^^^^^^^^^^^^^^^^^^^
  File "C:\Users\Aarush\FL-IDS-Capstone\.venv\Lib\site-packages\torch\nn\modules\module.py", line 1789, in _call_impl
    return forward_call(*args, **kwargs)
           ^^^^^^^^^^^^^^^^^^^^^^^^^^^^^
  File "C:\Users\Aarush\FL-IDS-Capstone\.venv\Lib\site-packages\torch\nn\modules\linear.py", line 134, in forward
    return F.linear(input, self.weight, self.bias)
           ^^^^^^^^^^^^^^^^^^^^^^^^^^^^^^^^^^^^^^^
RuntimeError: mat1 and mat2 shapes cannot be multiplied (8x78 and 57x256)

The above exception was the direct cause of the following exception:

[36mray::ClientAppActor.run()[39m (pid=14204, ip=127.0.0.1, actor_id=13b4e6928412b3643e9e370a01000000, repr=<flwr.simulation.ray_transport.ray_actor.ClientAppActor object at 0x000002699077A390>)
  File "python\\ray\\_raylet.pyx", line 1982, in ray._raylet.execute_task
  File "python\\ray\\_raylet.pyx", line 2093, in ray._raylet.execute_task
  File "python\\ray\\_raylet.pyx", line 1989, in ray._raylet.execute_task
  File "python\\ray\\_raylet.pyx", line 1932, in ray._raylet.execute_task.function_executor
  File "C:\Users\Aarush\FL-IDS-Capstone\.venv\Lib\site-packages\ray\_private\function_manager.py", line 693, in actor_method_executor
    return method(__ray_actor, *args, **kwargs)
           ^^^^^^^^^^^^^^^^^^^^^^^^^^^^^^^^^^^^
  File "C:\Users\Aarush\FL-IDS-Capstone\.venv\Lib\site-packages\ray\util\tracing\tracing_helper.py", line 461, in _resume_span
    return method(self, *_args, **_kwargs)
           ^^^^^^^^^^^^^^^^^^^^^^^^^^^^^^^
  File "C:\Users\Aarush\FL-IDS-Capstone\.venv\Lib\site-packages\flwr\simulation\ray_transport\ray_actor.py", line 65, in run
    raise ClientAppException(str(ex)) from ex
flwr.clientapp.client_app.ClientAppException: 
Exception ClientAppException occurred. Message: mat1 and mat2 shapes cannot be multiplied (8x78 and 57x256)

[2026-06-06 19:11:49,748] 103 flwr - ERROR - [36mray::ClientAppActor.run()[39m (pid=14204, ip=127.0.0.1, actor_id=13b4e6928412b3643e9e370a01000000, repr=<flwr.simulation.ray_transport.ray_actor.ClientAppActor object at 0x000002699077A390>)
                  ^^^^^^^^^^^^^^^^^^^^^^^^^^^^^^^^^^^^^
  File "C:\Users\Aarush\FL-IDS-Capstone\.venv\Lib\site-packages\flwr\clientapp\client_app.py", line 144, in __call__
    return self._call(message, context)
           ^^^^^^^^^^^^^^^^^^^^^^^^^^^^
  File "C:\Users\Aarush\FL-IDS-Capstone\.venv\Lib\site-packages\flwr\clientapp\client_app.py", line 128, in ffn
    out_message = handle_legacy_message_from_msgtype(
                  ^^^^^^^^^^^^^^^^^^^^^^^^^^^^^^^^^^^
  File "C:\Users\Aarush\FL-IDS-Capstone\.venv\Lib\site-packages\flwr\client\message_handler\message_handler.py", line 129, in handle_legacy_message_from_msgtype
    fit_res = maybe_call_fit(
              ^^^^^^^^^^^^^^^
  File "C:\Users\Aarush\FL-IDS-Capstone\.venv\Lib\site-packages\flwr\client\client.py", line 224, in maybe_call_fit
    return client.fit(fit_ins)
           ^^^^^^^^^^^^^^^^^^^
  File "C:\Users\Aarush\FL-IDS-Capstone\.venv\Lib\site-packages\flwr\client\numpy_client.py", line 227, in _fit
    results = self.numpy_client.fit(parameters, ins.config)  # type: ignore
              ^^^^^^^^^^^^^^^^^^^^^^^^^^^^^^^^^^^^^^^^^^^^^
  File "C:\Users\Aarush\FL-IDS-Capstone\src\components\client\client.py", line 163, in fit
    logits = self.model(x)
             ^^^^^^^^^^^^^
  File "C:\Users\Aarush\FL-IDS-Capstone\.venv\Lib\site-packages\torch\nn\modules\module.py", line 1778, in _wrapped_call_impl
    return self._call_impl(*args, **kwargs)
           ^^^^^^^^^^^^^^^^^^^^^^^^^^^^^^^^
  File "C:\Users\Aarush\FL-IDS-Capstone\.venv\Lib\site-packages\torch\nn\modules\module.py", line 1789, in _call_impl
    return forward_call(*args, **kwargs)
           ^^^^^^^^^^^^^^^^^^^^^^^^^^^^^
  File "C:\Users\Aarush\FL-IDS-Capstone\src\components\model\model.py", line 37, in forward
    return self.net(x)
           ^^^^^^^^^^^
  File "C:\Users\Aarush\FL-IDS-Capstone\.venv\Lib\site-packages\torch\nn\modules\module.py", line 1778, in _wrapped_call_impl
    return self._call_impl(*args, **kwargs)
           ^^^^^^^^^^^^^^^^^^^^^^^^^^^^^^^^
  File "C:\Users\Aarush\FL-IDS-Capstone\.venv\Lib\site-packages\torch\nn\modules\module.py", line 1789, in _call_impl
    return forward_call(*args, **kwargs)
           ^^^^^^^^^^^^^^^^^^^^^^^^^^^^^
  File "C:\Users\Aarush\FL-IDS-Capstone\.venv\Lib\site-packages\torch\nn\modules\container.py", line 253, in forward
    input = module(input)
            ^^^^^^^^^^^^^
  File "C:\Users\Aarush\FL-IDS-Capstone\.venv\Lib\site-packages\torch\nn\modules\module.py", line 1778, in _wrapped_call_impl
    return self._call_impl(*args, **kwargs)
           ^^^^^^^^^^^^^^^^^^^^^^^^^^^^^^^^
  File "C:\Users\Aarush\FL-IDS-Capstone\.venv\Lib\site-packages\torch\nn\modules\module.py", line 1789, in _call_impl
    return forward_call(*args, **kwargs)
           ^^^^^^^^^^^^^^^^^^^^^^^^^^^^^
  File "C:\Users\Aarush\FL-IDS-Capstone\.venv\Lib\site-packages\torch\nn\modules\linear.py", line 134, in forward
    return F.linear(input, self.weight, self.bias)
           ^^^^^^^^^^^^^^^^^^^^^^^^^^^^^^^^^^^^^^^
RuntimeError: mat1 and mat2 shapes cannot be multiplied (8x78 and 57x256)

The above exception was the direct cause of the following exception:

[36mray::ClientAppActor.run()[39m (pid=14204, ip=127.0.0.1, actor_id=13b4e6928412b3643e9e370a01000000, repr=<flwr.simulation.ray_transport.ray_actor.ClientAppActor object at 0x000002699077A390>)
  File "python\\ray\\_raylet.pyx", line 1982, in ray._raylet.execute_task
  File "python\\ray\\_raylet.pyx", line 2093, in ray._raylet.execute_task
  File "python\\ray\\_raylet.pyx", line 1989, in ray._raylet.execute_task
  File "python\\ray\\_raylet.pyx", line 1932, in ray._raylet.execute_task.function_executor
  File "C:\Users\Aarush\FL-IDS-Capstone\.venv\Lib\site-packages\ray\_private\function_manager.py", line 693, in actor_method_executor
    return method(__ray_actor, *args, **kwargs)
           ^^^^^^^^^^^^^^^^^^^^^^^^^^^^^^^^^^^^
  File "C:\Users\Aarush\FL-IDS-Capstone\.venv\Lib\site-packages\ray\util\tracing\tracing_helper.py", line 461, in _resume_span
    return method(self, *_args, **_kwargs)
           ^^^^^^^^^^^^^^^^^^^^^^^^^^^^^^^
  File "C:\Users\Aarush\FL-IDS-Capstone\.venv\Lib\site-packages\flwr\simulation\ray_transport\ray_actor.py", line 65, in run
    raise ClientAppException(str(ex)) from ex
flwr.clientapp.client_app.ClientAppException: 
Exception ClientAppException occurred. Message: mat1 and mat2 shapes cannot be multiplied (8x78 and 57x256)
[2026-06-06 19:11:49,748] 235 flwr - INFO - aggregate_fit: received 0 results and 3 failures
[2026-06-06 19:11:49,748] 175 flwr - INFO - configure_evaluate: strategy sampled 3 clients (out of 3)
[2026-06-06 19:11:49,772] 102 flwr - ERROR - Traceback (most recent call last):
  File "C:\Users\Aarush\FL-IDS-Capstone\.venv\Lib\site-packages\flwr\simulation\ray_transport\ray_client_proxy.py", line 90, in _submit_job
    out_mssg, updated_context = self.actor_pool.get_client_result(
                                ^^^^^^^^^^^^^^^^^^^^^^^^^^^^^^^^^^
  File "C:\Users\Aarush\FL-IDS-Capstone\.venv\Lib\site-packages\flwr\simulation\ray_transport\ray_actor.py", line 400, in get_client_result
    return self._fetch_future_result(cid)
           ^^^^^^^^^^^^^^^^^^^^^^^^^^^^^^
  File "C:\Users\Aarush\FL-IDS-Capstone\.venv\Lib\site-packages\flwr\simulation\ray_transport\ray_actor.py", line 281, in _fetch_future_result
    res_cid, out_mssg, updated_context = ray.get(
                                         ^^^^^^^^
  File "C:\Users\Aarush\FL-IDS-Capstone\.venv\Lib\site-packages\ray\_private\auto_init_hook.py", line 22, in auto_init_wrapper
    return fn(*args, **kwargs)
           ^^^^^^^^^^^^^^^^^^^
  File "C:\Users\Aarush\FL-IDS-Capstone\.venv\Lib\site-packages\ray\_private\client_mode_hook.py", line 104, in wrapper
    return func(*args, **kwargs)
           ^^^^^^^^^^^^^^^^^^^^^
  File "C:\Users\Aarush\FL-IDS-Capstone\.venv\Lib\site-packages\ray\_private\worker.py", line 2961, in get
    values, debugger_breakpoint = worker.get_objects(
                                  ^^^^^^^^^^^^^^^^^^^
  File "C:\Users\Aarush\FL-IDS-Capstone\.venv\Lib\site-packages\ray\_private\worker.py", line 1026, in get_objects
    raise value.as_instanceof_cause()
ray.exceptions.RayTaskError(ClientAppException): [36mray::ClientAppActor.run()[39m (pid=14204, ip=127.0.0.1, actor_id=13b4e6928412b3643e9e370a01000000, repr=<flwr.simulation.ray_transport.ray_actor.ClientAppActor object at 0x000002699077A390>)
                  ^^^^^^^^^^^^^^^^^^^^^^^^^^^^^^^^^^^^^
  File "C:\Users\Aarush\FL-IDS-Capstone\.venv\Lib\site-packages\flwr\clientapp\client_app.py", line 144, in __call__
    return self._call(message, context)
           ^^^^^^^^^^^^^^^^^^^^^^^^^^^^
  File "C:\Users\Aarush\FL-IDS-Capstone\.venv\Lib\site-packages\flwr\clientapp\client_app.py", line 128, in ffn
    out_message = handle_legacy_message_from_msgtype(
                  ^^^^^^^^^^^^^^^^^^^^^^^^^^^^^^^^^^^
  File "C:\Users\Aarush\FL-IDS-Capstone\.venv\Lib\site-packages\flwr\client\message_handler\message_handler.py", line 136, in handle_legacy_message_from_msgtype
    evaluate_res = maybe_call_evaluate(
                   ^^^^^^^^^^^^^^^^^^^^
  File "C:\Users\Aarush\FL-IDS-Capstone\.venv\Lib\site-packages\flwr\client\client.py", line 244, in maybe_call_evaluate
    return client.evaluate(evaluate_ins)
           ^^^^^^^^^^^^^^^^^^^^^^^^^^^^^
  File "C:\Users\Aarush\FL-IDS-Capstone\.venv\Lib\site-packages\flwr\client\numpy_client.py", line 251, in _evaluate
    results = self.numpy_client.evaluate(parameters, ins.config)  # type: ignore
              ^^^^^^^^^^^^^^^^^^^^^^^^^^^^^^^^^^^^^^^^^^^^^^^^^^
  File "C:\Users\Aarush\FL-IDS-Capstone\src\components\client\client.py", line 217, in evaluate
    logits = self.model(x)
             ^^^^^^^^^^^^^
  File "C:\Users\Aarush\FL-IDS-Capstone\.venv\Lib\site-packages\torch\nn\modules\module.py", line 1778, in _wrapped_call_impl
    return self._call_impl(*args, **kwargs)
           ^^^^^^^^^^^^^^^^^^^^^^^^^^^^^^^^
  File "C:\Users\Aarush\FL-IDS-Capstone\.venv\Lib\site-packages\torch\nn\modules\module.py", line 1789, in _call_impl
    return forward_call(*args, **kwargs)
           ^^^^^^^^^^^^^^^^^^^^^^^^^^^^^
  File "C:\Users\Aarush\FL-IDS-Capstone\src\components\model\model.py", line 37, in forward
    return self.net(x)
           ^^^^^^^^^^^
  File "C:\Users\Aarush\FL-IDS-Capstone\.venv\Lib\site-packages\torch\nn\modules\module.py", line 1778, in _wrapped_call_impl
    return self._call_impl(*args, **kwargs)
           ^^^^^^^^^^^^^^^^^^^^^^^^^^^^^^^^
  File "C:\Users\Aarush\FL-IDS-Capstone\.venv\Lib\site-packages\torch\nn\modules\module.py", line 1789, in _call_impl
    return forward_call(*args, **kwargs)
           ^^^^^^^^^^^^^^^^^^^^^^^^^^^^^
  File "C:\Users\Aarush\FL-IDS-Capstone\.venv\Lib\site-packages\torch\nn\modules\container.py", line 253, in forward
    input = module(input)
            ^^^^^^^^^^^^^
  File "C:\Users\Aarush\FL-IDS-Capstone\.venv\Lib\site-packages\torch\nn\modules\module.py", line 1778, in _wrapped_call_impl
    return self._call_impl(*args, **kwargs)
           ^^^^^^^^^^^^^^^^^^^^^^^^^^^^^^^^
  File "C:\Users\Aarush\FL-IDS-Capstone\.venv\Lib\site-packages\torch\nn\modules\module.py", line 1789, in _call_impl
    return forward_call(*args, **kwargs)
           ^^^^^^^^^^^^^^^^^^^^^^^^^^^^^
  File "C:\Users\Aarush\FL-IDS-Capstone\.venv\Lib\site-packages\torch\nn\modules\linear.py", line 134, in forward
    return F.linear(input, self.weight, self.bias)
           ^^^^^^^^^^^^^^^^^^^^^^^^^^^^^^^^^^^^^^^
RuntimeError: mat1 and mat2 shapes cannot be multiplied (8x78 and 57x256)

The above exception was the direct cause of the following exception:

[36mray::ClientAppActor.run()[39m (pid=14204, ip=127.0.0.1, actor_id=13b4e6928412b3643e9e370a01000000, repr=<flwr.simulation.ray_transport.ray_actor.ClientAppActor object at 0x000002699077A390>)
  File "python\\ray\\_raylet.pyx", line 1982, in ray._raylet.execute_task
  File "python\\ray\\_raylet.pyx", line 2093, in ray._raylet.execute_task
  File "python\\ray\\_raylet.pyx", line 1989, in ray._raylet.execute_task
  File "python\\ray\\_raylet.pyx", line 1932, in ray._raylet.execute_task.function_executor
  File "C:\Users\Aarush\FL-IDS-Capstone\.venv\Lib\site-packages\ray\_private\function_manager.py", line 693, in actor_method_executor
    return method(__ray_actor, *args, **kwargs)
           ^^^^^^^^^^^^^^^^^^^^^^^^^^^^^^^^^^^^
  File "C:\Users\Aarush\FL-IDS-Capstone\.venv\Lib\site-packages\ray\util\tracing\tracing_helper.py", line 461, in _resume_span
    return method(self, *_args, **_kwargs)
           ^^^^^^^^^^^^^^^^^^^^^^^^^^^^^^^
  File "C:\Users\Aarush\FL-IDS-Capstone\.venv\Lib\site-packages\flwr\simulation\ray_transport\ray_actor.py", line 65, in run
    raise ClientAppException(str(ex)) from ex
flwr.clientapp.client_app.ClientAppException: 
Exception ClientAppException occurred. Message: mat1 and mat2 shapes cannot be multiplied (8x78 and 57x256)

[2026-06-06 19:11:49,773] 103 flwr - ERROR - [36mray::ClientAppActor.run()[39m (pid=14204, ip=127.0.0.1, actor_id=13b4e6928412b3643e9e370a01000000, repr=<flwr.simulation.ray_transport.ray_actor.ClientAppActor object at 0x000002699077A390>)
                  ^^^^^^^^^^^^^^^^^^^^^^^^^^^^^^^^^^^^^
  File "C:\Users\Aarush\FL-IDS-Capstone\.venv\Lib\site-packages\flwr\clientapp\client_app.py", line 144, in __call__
    return self._call(message, context)
           ^^^^^^^^^^^^^^^^^^^^^^^^^^^^
  File "C:\Users\Aarush\FL-IDS-Capstone\.venv\Lib\site-packages\flwr\clientapp\client_app.py", line 128, in ffn
    out_message = handle_legacy_message_from_msgtype(
                  ^^^^^^^^^^^^^^^^^^^^^^^^^^^^^^^^^^^
  File "C:\Users\Aarush\FL-IDS-Capstone\.venv\Lib\site-packages\flwr\client\message_handler\message_handler.py", line 136, in handle_legacy_message_from_msgtype
    evaluate_res = maybe_call_evaluate(
                   ^^^^^^^^^^^^^^^^^^^^
  File "C:\Users\Aarush\FL-IDS-Capstone\.venv\Lib\site-packages\flwr\client\client.py", line 244, in maybe_call_evaluate
    return client.evaluate(evaluate_ins)
           ^^^^^^^^^^^^^^^^^^^^^^^^^^^^^
  File "C:\Users\Aarush\FL-IDS-Capstone\.venv\Lib\site-packages\flwr\client\numpy_client.py", line 251, in _evaluate
    results = self.numpy_client.evaluate(parameters, ins.config)  # type: ignore
              ^^^^^^^^^^^^^^^^^^^^^^^^^^^^^^^^^^^^^^^^^^^^^^^^^^
  File "C:\Users\Aarush\FL-IDS-Capstone\src\components\client\client.py", line 217, in evaluate
    logits = self.model(x)
             ^^^^^^^^^^^^^
  File "C:\Users\Aarush\FL-IDS-Capstone\.venv\Lib\site-packages\torch\nn\modules\module.py", line 1778, in _wrapped_call_impl
    return self._call_impl(*args, **kwargs)
           ^^^^^^^^^^^^^^^^^^^^^^^^^^^^^^^^
  File "C:\Users\Aarush\FL-IDS-Capstone\.venv\Lib\site-packages\torch\nn\modules\module.py", line 1789, in _call_impl
    return forward_call(*args, **kwargs)
           ^^^^^^^^^^^^^^^^^^^^^^^^^^^^^
  File "C:\Users\Aarush\FL-IDS-Capstone\src\components\model\model.py", line 37, in forward
    return self.net(x)
           ^^^^^^^^^^^
  File "C:\Users\Aarush\FL-IDS-Capstone\.venv\Lib\site-packages\torch\nn\modules\module.py", line 1778, in _wrapped_call_impl
    return self._call_impl(*args, **kwargs)
           ^^^^^^^^^^^^^^^^^^^^^^^^^^^^^^^^
  File "C:\Users\Aarush\FL-IDS-Capstone\.venv\Lib\site-packages\torch\nn\modules\module.py", line 1789, in _call_impl
    return forward_call(*args, **kwargs)
           ^^^^^^^^^^^^^^^^^^^^^^^^^^^^^
  File "C:\Users\Aarush\FL-IDS-Capstone\.venv\Lib\site-packages\torch\nn\modules\container.py", line 253, in forward
    input = module(input)
            ^^^^^^^^^^^^^
  File "C:\Users\Aarush\FL-IDS-Capstone\.venv\Lib\site-packages\torch\nn\modules\module.py", line 1778, in _wrapped_call_impl
    return self._call_impl(*args, **kwargs)
           ^^^^^^^^^^^^^^^^^^^^^^^^^^^^^^^^
  File "C:\Users\Aarush\FL-IDS-Capstone\.venv\Lib\site-packages\torch\nn\modules\module.py", line 1789, in _call_impl
    return forward_call(*args, **kwargs)
           ^^^^^^^^^^^^^^^^^^^^^^^^^^^^^
  File "C:\Users\Aarush\FL-IDS-Capstone\.venv\Lib\site-packages\torch\nn\modules\linear.py", line 134, in forward
    return F.linear(input, self.weight, self.bias)
           ^^^^^^^^^^^^^^^^^^^^^^^^^^^^^^^^^^^^^^^
RuntimeError: mat1 and mat2 shapes cannot be multiplied (8x78 and 57x256)

The above exception was the direct cause of the following exception:

[36mray::ClientAppActor.run()[39m (pid=14204, ip=127.0.0.1, actor_id=13b4e6928412b3643e9e370a01000000, repr=<flwr.simulation.ray_transport.ray_actor.ClientAppActor object at 0x000002699077A390>)
  File "python\\ray\\_raylet.pyx", line 1982, in ray._raylet.execute_task
  File "python\\ray\\_raylet.pyx", line 2093, in ray._raylet.execute_task
  File "python\\ray\\_raylet.pyx", line 1989, in ray._raylet.execute_task
  File "python\\ray\\_raylet.pyx", line 1932, in ray._raylet.execute_task.function_executor
  File "C:\Users\Aarush\FL-IDS-Capstone\.venv\Lib\site-packages\ray\_private\function_manager.py", line 693, in actor_method_executor
    return method(__ray_actor, *args, **kwargs)
           ^^^^^^^^^^^^^^^^^^^^^^^^^^^^^^^^^^^^
  File "C:\Users\Aarush\FL-IDS-Capstone\.venv\Lib\site-packages\ray\util\tracing\tracing_helper.py", line 461, in _resume_span
    return method(self, *_args, **_kwargs)
           ^^^^^^^^^^^^^^^^^^^^^^^^^^^^^^^
  File "C:\Users\Aarush\FL-IDS-Capstone\.venv\Lib\site-packages\flwr\simulation\ray_transport\ray_actor.py", line 65, in run
    raise ClientAppException(str(ex)) from ex
flwr.clientapp.client_app.ClientAppException: 
Exception ClientAppException occurred. Message: mat1 and mat2 shapes cannot be multiplied (8x78 and 57x256)
[2026-06-06 19:11:49,776] 102 flwr - ERROR - Traceback (most recent call last):
  File "C:\Users\Aarush\FL-IDS-Capstone\.venv\Lib\site-packages\flwr\simulation\ray_transport\ray_client_proxy.py", line 90, in _submit_job
    out_mssg, updated_context = self.actor_pool.get_client_result(
                                ^^^^^^^^^^^^^^^^^^^^^^^^^^^^^^^^^^
  File "C:\Users\Aarush\FL-IDS-Capstone\.venv\Lib\site-packages\flwr\simulation\ray_transport\ray_actor.py", line 400, in get_client_result
    return self._fetch_future_result(cid)
           ^^^^^^^^^^^^^^^^^^^^^^^^^^^^^^
  File "C:\Users\Aarush\FL-IDS-Capstone\.venv\Lib\site-packages\flwr\simulation\ray_transport\ray_actor.py", line 281, in _fetch_future_result
    res_cid, out_mssg, updated_context = ray.get(
                                         ^^^^^^^^
  File "C:\Users\Aarush\FL-IDS-Capstone\.venv\Lib\site-packages\ray\_private\auto_init_hook.py", line 22, in auto_init_wrapper
    return fn(*args, **kwargs)
           ^^^^^^^^^^^^^^^^^^^
  File "C:\Users\Aarush\FL-IDS-Capstone\.venv\Lib\site-packages\ray\_private\client_mode_hook.py", line 104, in wrapper
    return func(*args, **kwargs)
           ^^^^^^^^^^^^^^^^^^^^^
  File "C:\Users\Aarush\FL-IDS-Capstone\.venv\Lib\site-packages\ray\_private\worker.py", line 2961, in get
    values, debugger_breakpoint = worker.get_objects(
                                  ^^^^^^^^^^^^^^^^^^^
  File "C:\Users\Aarush\FL-IDS-Capstone\.venv\Lib\site-packages\ray\_private\worker.py", line 1026, in get_objects
    raise value.as_instanceof_cause()
ray.exceptions.RayTaskError(ClientAppException): [36mray::ClientAppActor.run()[39m (pid=14224, ip=127.0.0.1, actor_id=4ff29837f14e6c132fb6c47901000000, repr=<flwr.simulation.ray_transport.ray_actor.ClientAppActor object at 0x00000187E5B35F90>)
                  ^^^^^^^^^^^^^^^^^^^^^^^^^^^^^^^^^^^^^
  File "C:\Users\Aarush\FL-IDS-Capstone\.venv\Lib\site-packages\flwr\clientapp\client_app.py", line 144, in __call__
    return self._call(message, context)
           ^^^^^^^^^^^^^^^^^^^^^^^^^^^^
  File "C:\Users\Aarush\FL-IDS-Capstone\.venv\Lib\site-packages\flwr\clientapp\client_app.py", line 128, in ffn
    out_message = handle_legacy_message_from_msgtype(
                  ^^^^^^^^^^^^^^^^^^^^^^^^^^^^^^^^^^^
  File "C:\Users\Aarush\FL-IDS-Capstone\.venv\Lib\site-packages\flwr\client\message_handler\message_handler.py", line 136, in handle_legacy_message_from_msgtype
    evaluate_res = maybe_call_evaluate(
                   ^^^^^^^^^^^^^^^^^^^^
  File "C:\Users\Aarush\FL-IDS-Capstone\.venv\Lib\site-packages\flwr\client\client.py", line 244, in maybe_call_evaluate
    return client.evaluate(evaluate_ins)
           ^^^^^^^^^^^^^^^^^^^^^^^^^^^^^
  File "C:\Users\Aarush\FL-IDS-Capstone\.venv\Lib\site-packages\flwr\client\numpy_client.py", line 251, in _evaluate
    results = self.numpy_client.evaluate(parameters, ins.config)  # type: ignore
              ^^^^^^^^^^^^^^^^^^^^^^^^^^^^^^^^^^^^^^^^^^^^^^^^^^
  File "C:\Users\Aarush\FL-IDS-Capstone\src\components\client\client.py", line 217, in evaluate
    logits = self.model(x)
             ^^^^^^^^^^^^^
  File "C:\Users\Aarush\FL-IDS-Capstone\.venv\Lib\site-packages\torch\nn\modules\module.py", line 1778, in _wrapped_call_impl
    return self._call_impl(*args, **kwargs)
           ^^^^^^^^^^^^^^^^^^^^^^^^^^^^^^^^
  File "C:\Users\Aarush\FL-IDS-Capstone\.venv\Lib\site-packages\torch\nn\modules\module.py", line 1789, in _call_impl
    return forward_call(*args, **kwargs)
           ^^^^^^^^^^^^^^^^^^^^^^^^^^^^^
  File "C:\Users\Aarush\FL-IDS-Capstone\src\components\model\model.py", line 37, in forward
    return self.net(x)
           ^^^^^^^^^^^
  File "C:\Users\Aarush\FL-IDS-Capstone\.venv\Lib\site-packages\torch\nn\modules\module.py", line 1778, in _wrapped_call_impl
    return self._call_impl(*args, **kwargs)
           ^^^^^^^^^^^^^^^^^^^^^^^^^^^^^^^^
  File "C:\Users\Aarush\FL-IDS-Capstone\.venv\Lib\site-packages\torch\nn\modules\module.py", line 1789, in _call_impl
    return forward_call(*args, **kwargs)
           ^^^^^^^^^^^^^^^^^^^^^^^^^^^^^
  File "C:\Users\Aarush\FL-IDS-Capstone\.venv\Lib\site-packages\torch\nn\modules\container.py", line 253, in forward
    input = module(input)
            ^^^^^^^^^^^^^
  File "C:\Users\Aarush\FL-IDS-Capstone\.venv\Lib\site-packages\torch\nn\modules\module.py", line 1778, in _wrapped_call_impl
    return self._call_impl(*args, **kwargs)
           ^^^^^^^^^^^^^^^^^^^^^^^^^^^^^^^^
  File "C:\Users\Aarush\FL-IDS-Capstone\.venv\Lib\site-packages\torch\nn\modules\module.py", line 1789, in _call_impl
    return forward_call(*args, **kwargs)
           ^^^^^^^^^^^^^^^^^^^^^^^^^^^^^
  File "C:\Users\Aarush\FL-IDS-Capstone\.venv\Lib\site-packages\torch\nn\modules\linear.py", line 134, in forward
    return F.linear(input, self.weight, self.bias)
           ^^^^^^^^^^^^^^^^^^^^^^^^^^^^^^^^^^^^^^^
RuntimeError: mat1 and mat2 shapes cannot be multiplied (8x78 and 57x256)

The above exception was the direct cause of the following exception:

[36mray::ClientAppActor.run()[39m (pid=14224, ip=127.0.0.1, actor_id=4ff29837f14e6c132fb6c47901000000, repr=<flwr.simulation.ray_transport.ray_actor.ClientAppActor object at 0x00000187E5B35F90>)
  File "python\\ray\\_raylet.pyx", line 1982, in ray._raylet.execute_task
  File "python\\ray\\_raylet.pyx", line 2093, in ray._raylet.execute_task
  File "python\\ray\\_raylet.pyx", line 1989, in ray._raylet.execute_task
  File "python\\ray\\_raylet.pyx", line 1932, in ray._raylet.execute_task.function_executor
  File "C:\Users\Aarush\FL-IDS-Capstone\.venv\Lib\site-packages\ray\_private\function_manager.py", line 693, in actor_method_executor
    return method(__ray_actor, *args, **kwargs)
           ^^^^^^^^^^^^^^^^^^^^^^^^^^^^^^^^^^^^
  File "C:\Users\Aarush\FL-IDS-Capstone\.venv\Lib\site-packages\ray\util\tracing\tracing_helper.py", line 461, in _resume_span
    return method(self, *_args, **_kwargs)
           ^^^^^^^^^^^^^^^^^^^^^^^^^^^^^^^
  File "C:\Users\Aarush\FL-IDS-Capstone\.venv\Lib\site-packages\flwr\simulation\ray_transport\ray_actor.py", line 65, in run
    raise ClientAppException(str(ex)) from ex
flwr.clientapp.client_app.ClientAppException: 
Exception ClientAppException occurred. Message: mat1 and mat2 shapes cannot be multiplied (8x78 and 57x256)

[2026-06-06 19:11:49,776] 103 flwr - ERROR - [36mray::ClientAppActor.run()[39m (pid=14224, ip=127.0.0.1, actor_id=4ff29837f14e6c132fb6c47901000000, repr=<flwr.simulation.ray_transport.ray_actor.ClientAppActor object at 0x00000187E5B35F90>)
                  ^^^^^^^^^^^^^^^^^^^^^^^^^^^^^^^^^^^^^
  File "C:\Users\Aarush\FL-IDS-Capstone\.venv\Lib\site-packages\flwr\clientapp\client_app.py", line 144, in __call__
    return self._call(message, context)
           ^^^^^^^^^^^^^^^^^^^^^^^^^^^^
  File "C:\Users\Aarush\FL-IDS-Capstone\.venv\Lib\site-packages\flwr\clientapp\client_app.py", line 128, in ffn
    out_message = handle_legacy_message_from_msgtype(
                  ^^^^^^^^^^^^^^^^^^^^^^^^^^^^^^^^^^^
  File "C:\Users\Aarush\FL-IDS-Capstone\.venv\Lib\site-packages\flwr\client\message_handler\message_handler.py", line 136, in handle_legacy_message_from_msgtype
    evaluate_res = maybe_call_evaluate(
                   ^^^^^^^^^^^^^^^^^^^^
  File "C:\Users\Aarush\FL-IDS-Capstone\.venv\Lib\site-packages\flwr\client\client.py", line 244, in maybe_call_evaluate
    return client.evaluate(evaluate_ins)
           ^^^^^^^^^^^^^^^^^^^^^^^^^^^^^
  File "C:\Users\Aarush\FL-IDS-Capstone\.venv\Lib\site-packages\flwr\client\numpy_client.py", line 251, in _evaluate
    results = self.numpy_client.evaluate(parameters, ins.config)  # type: ignore
              ^^^^^^^^^^^^^^^^^^^^^^^^^^^^^^^^^^^^^^^^^^^^^^^^^^
  File "C:\Users\Aarush\FL-IDS-Capstone\src\components\client\client.py", line 217, in evaluate
    logits = self.model(x)
             ^^^^^^^^^^^^^
  File "C:\Users\Aarush\FL-IDS-Capstone\.venv\Lib\site-packages\torch\nn\modules\module.py", line 1778, in _wrapped_call_impl
    return self._call_impl(*args, **kwargs)
           ^^^^^^^^^^^^^^^^^^^^^^^^^^^^^^^^
  File "C:\Users\Aarush\FL-IDS-Capstone\.venv\Lib\site-packages\torch\nn\modules\module.py", line 1789, in _call_impl
    return forward_call(*args, **kwargs)
           ^^^^^^^^^^^^^^^^^^^^^^^^^^^^^
  File "C:\Users\Aarush\FL-IDS-Capstone\src\components\model\model.py", line 37, in forward
    return self.net(x)
           ^^^^^^^^^^^
  File "C:\Users\Aarush\FL-IDS-Capstone\.venv\Lib\site-packages\torch\nn\modules\module.py", line 1778, in _wrapped_call_impl
    return self._call_impl(*args, **kwargs)
           ^^^^^^^^^^^^^^^^^^^^^^^^^^^^^^^^
  File "C:\Users\Aarush\FL-IDS-Capstone\.venv\Lib\site-packages\torch\nn\modules\module.py", line 1789, in _call_impl
    return forward_call(*args, **kwargs)
           ^^^^^^^^^^^^^^^^^^^^^^^^^^^^^
  File "C:\Users\Aarush\FL-IDS-Capstone\.venv\Lib\site-packages\torch\nn\modules\container.py", line 253, in forward
    input = module(input)
            ^^^^^^^^^^^^^
  File "C:\Users\Aarush\FL-IDS-Capstone\.venv\Lib\site-packages\torch\nn\modules\module.py", line 1778, in _wrapped_call_impl
    return self._call_impl(*args, **kwargs)
           ^^^^^^^^^^^^^^^^^^^^^^^^^^^^^^^^
  File "C:\Users\Aarush\FL-IDS-Capstone\.venv\Lib\site-packages\torch\nn\modules\module.py", line 1789, in _call_impl
    return forward_call(*args, **kwargs)
           ^^^^^^^^^^^^^^^^^^^^^^^^^^^^^
  File "C:\Users\Aarush\FL-IDS-Capstone\.venv\Lib\site-packages\torch\nn\modules\linear.py", line 134, in forward
    return F.linear(input, self.weight, self.bias)
           ^^^^^^^^^^^^^^^^^^^^^^^^^^^^^^^^^^^^^^^
RuntimeError: mat1 and mat2 shapes cannot be multiplied (8x78 and 57x256)

The above exception was the direct cause of the following exception:

[36mray::ClientAppActor.run()[39m (pid=14224, ip=127.0.0.1, actor_id=4ff29837f14e6c132fb6c47901000000, repr=<flwr.simulation.ray_transport.ray_actor.ClientAppActor object at 0x00000187E5B35F90>)
  File "python\\ray\\_raylet.pyx", line 1982, in ray._raylet.execute_task
  File "python\\ray\\_raylet.pyx", line 2093, in ray._raylet.execute_task
  File "python\\ray\\_raylet.pyx", line 1989, in ray._raylet.execute_task
  File "python\\ray\\_raylet.pyx", line 1932, in ray._raylet.execute_task.function_executor
  File "C:\Users\Aarush\FL-IDS-Capstone\.venv\Lib\site-packages\ray\_private\function_manager.py", line 693, in actor_method_executor
    return method(__ray_actor, *args, **kwargs)
           ^^^^^^^^^^^^^^^^^^^^^^^^^^^^^^^^^^^^
  File "C:\Users\Aarush\FL-IDS-Capstone\.venv\Lib\site-packages\ray\util\tracing\tracing_helper.py", line 461, in _resume_span
    return method(self, *_args, **_kwargs)
           ^^^^^^^^^^^^^^^^^^^^^^^^^^^^^^^
  File "C:\Users\Aarush\FL-IDS-Capstone\.venv\Lib\site-packages\flwr\simulation\ray_transport\ray_actor.py", line 65, in run
    raise ClientAppException(str(ex)) from ex
flwr.clientapp.client_app.ClientAppException: 
Exception ClientAppException occurred. Message: mat1 and mat2 shapes cannot be multiplied (8x78 and 57x256)
[2026-06-06 19:11:49,779] 102 flwr - ERROR - Traceback (most recent call last):
  File "C:\Users\Aarush\FL-IDS-Capstone\.venv\Lib\site-packages\flwr\simulation\ray_transport\ray_client_proxy.py", line 90, in _submit_job
    out_mssg, updated_context = self.actor_pool.get_client_result(
                                ^^^^^^^^^^^^^^^^^^^^^^^^^^^^^^^^^^
  File "C:\Users\Aarush\FL-IDS-Capstone\.venv\Lib\site-packages\flwr\simulation\ray_transport\ray_actor.py", line 400, in get_client_result
    return self._fetch_future_result(cid)
           ^^^^^^^^^^^^^^^^^^^^^^^^^^^^^^
  File "C:\Users\Aarush\FL-IDS-Capstone\.venv\Lib\site-packages\flwr\simulation\ray_transport\ray_actor.py", line 281, in _fetch_future_result
    res_cid, out_mssg, updated_context = ray.get(
                                         ^^^^^^^^
  File "C:\Users\Aarush\FL-IDS-Capstone\.venv\Lib\site-packages\ray\_private\auto_init_hook.py", line 22, in auto_init_wrapper
    return fn(*args, **kwargs)
           ^^^^^^^^^^^^^^^^^^^
  File "C:\Users\Aarush\FL-IDS-Capstone\.venv\Lib\site-packages\ray\_private\client_mode_hook.py", line 104, in wrapper
    return func(*args, **kwargs)
           ^^^^^^^^^^^^^^^^^^^^^
  File "C:\Users\Aarush\FL-IDS-Capstone\.venv\Lib\site-packages\ray\_private\worker.py", line 2961, in get
    values, debugger_breakpoint = worker.get_objects(
                                  ^^^^^^^^^^^^^^^^^^^
  File "C:\Users\Aarush\FL-IDS-Capstone\.venv\Lib\site-packages\ray\_private\worker.py", line 1026, in get_objects
    raise value.as_instanceof_cause()
ray.exceptions.RayTaskError(ClientAppException): [36mray::ClientAppActor.run()[39m (pid=8076, ip=127.0.0.1, actor_id=b286949ee6ccb7f31849f8a501000000, repr=<flwr.simulation.ray_transport.ray_actor.ClientAppActor object at 0x00000168089613D0>)
                  ^^^^^^^^^^^^^^^^^^^^^^^^^^^^^^^^^^^^^
  File "C:\Users\Aarush\FL-IDS-Capstone\.venv\Lib\site-packages\flwr\clientapp\client_app.py", line 144, in __call__
    return self._call(message, context)
           ^^^^^^^^^^^^^^^^^^^^^^^^^^^^
  File "C:\Users\Aarush\FL-IDS-Capstone\.venv\Lib\site-packages\flwr\clientapp\client_app.py", line 128, in ffn
    out_message = handle_legacy_message_from_msgtype(
                  ^^^^^^^^^^^^^^^^^^^^^^^^^^^^^^^^^^^
  File "C:\Users\Aarush\FL-IDS-Capstone\.venv\Lib\site-packages\flwr\client\message_handler\message_handler.py", line 136, in handle_legacy_message_from_msgtype
    evaluate_res = maybe_call_evaluate(
                   ^^^^^^^^^^^^^^^^^^^^
  File "C:\Users\Aarush\FL-IDS-Capstone\.venv\Lib\site-packages\flwr\client\client.py", line 244, in maybe_call_evaluate
    return client.evaluate(evaluate_ins)
           ^^^^^^^^^^^^^^^^^^^^^^^^^^^^^
  File "C:\Users\Aarush\FL-IDS-Capstone\.venv\Lib\site-packages\flwr\client\numpy_client.py", line 251, in _evaluate
    results = self.numpy_client.evaluate(parameters, ins.config)  # type: ignore
              ^^^^^^^^^^^^^^^^^^^^^^^^^^^^^^^^^^^^^^^^^^^^^^^^^^
  File "C:\Users\Aarush\FL-IDS-Capstone\src\components\client\client.py", line 217, in evaluate
    logits = self.model(x)
             ^^^^^^^^^^^^^
  File "C:\Users\Aarush\FL-IDS-Capstone\.venv\Lib\site-packages\torch\nn\modules\module.py", line 1778, in _wrapped_call_impl
    return self._call_impl(*args, **kwargs)
           ^^^^^^^^^^^^^^^^^^^^^^^^^^^^^^^^
  File "C:\Users\Aarush\FL-IDS-Capstone\.venv\Lib\site-packages\torch\nn\modules\module.py", line 1789, in _call_impl
    return forward_call(*args, **kwargs)
           ^^^^^^^^^^^^^^^^^^^^^^^^^^^^^
  File "C:\Users\Aarush\FL-IDS-Capstone\src\components\model\model.py", line 37, in forward
    return self.net(x)
           ^^^^^^^^^^^
  File "C:\Users\Aarush\FL-IDS-Capstone\.venv\Lib\site-packages\torch\nn\modules\module.py", line 1778, in _wrapped_call_impl
    return self._call_impl(*args, **kwargs)
           ^^^^^^^^^^^^^^^^^^^^^^^^^^^^^^^^
  File "C:\Users\Aarush\FL-IDS-Capstone\.venv\Lib\site-packages\torch\nn\modules\module.py", line 1789, in _call_impl
    return forward_call(*args, **kwargs)
           ^^^^^^^^^^^^^^^^^^^^^^^^^^^^^
  File "C:\Users\Aarush\FL-IDS-Capstone\.venv\Lib\site-packages\torch\nn\modules\container.py", line 253, in forward
    input = module(input)
            ^^^^^^^^^^^^^
  File "C:\Users\Aarush\FL-IDS-Capstone\.venv\Lib\site-packages\torch\nn\modules\module.py", line 1778, in _wrapped_call_impl
    return self._call_impl(*args, **kwargs)
           ^^^^^^^^^^^^^^^^^^^^^^^^^^^^^^^^
  File "C:\Users\Aarush\FL-IDS-Capstone\.venv\Lib\site-packages\torch\nn\modules\module.py", line 1789, in _call_impl
    return forward_call(*args, **kwargs)
           ^^^^^^^^^^^^^^^^^^^^^^^^^^^^^
  File "C:\Users\Aarush\FL-IDS-Capstone\.venv\Lib\site-packages\torch\nn\modules\linear.py", line 134, in forward
    return F.linear(input, self.weight, self.bias)
           ^^^^^^^^^^^^^^^^^^^^^^^^^^^^^^^^^^^^^^^
RuntimeError: mat1 and mat2 shapes cannot be multiplied (8x78 and 57x256)

The above exception was the direct cause of the following exception:

[36mray::ClientAppActor.run()[39m (pid=8076, ip=127.0.0.1, actor_id=b286949ee6ccb7f31849f8a501000000, repr=<flwr.simulation.ray_transport.ray_actor.ClientAppActor object at 0x00000168089613D0>)
  File "python\\ray\\_raylet.pyx", line 1982, in ray._raylet.execute_task
  File "python\\ray\\_raylet.pyx", line 2093, in ray._raylet.execute_task
  File "python\\ray\\_raylet.pyx", line 1989, in ray._raylet.execute_task
  File "python\\ray\\_raylet.pyx", line 1932, in ray._raylet.execute_task.function_executor
  File "C:\Users\Aarush\FL-IDS-Capstone\.venv\Lib\site-packages\ray\_private\function_manager.py", line 693, in actor_method_executor
    return method(__ray_actor, *args, **kwargs)
           ^^^^^^^^^^^^^^^^^^^^^^^^^^^^^^^^^^^^
  File "C:\Users\Aarush\FL-IDS-Capstone\.venv\Lib\site-packages\ray\util\tracing\tracing_helper.py", line 461, in _resume_span
    return method(self, *_args, **_kwargs)
           ^^^^^^^^^^^^^^^^^^^^^^^^^^^^^^^
  File "C:\Users\Aarush\FL-IDS-Capstone\.venv\Lib\site-packages\flwr\simulation\ray_transport\ray_actor.py", line 65, in run
    raise ClientAppException(str(ex)) from ex
flwr.clientapp.client_app.ClientAppException: 
Exception ClientAppException occurred. Message: mat1 and mat2 shapes cannot be multiplied (8x78 and 57x256)

[2026-06-06 19:11:49,779] 103 flwr - ERROR - [36mray::ClientAppActor.run()[39m (pid=8076, ip=127.0.0.1, actor_id=b286949ee6ccb7f31849f8a501000000, repr=<flwr.simulation.ray_transport.ray_actor.ClientAppActor object at 0x00000168089613D0>)
                  ^^^^^^^^^^^^^^^^^^^^^^^^^^^^^^^^^^^^^
  File "C:\Users\Aarush\FL-IDS-Capstone\.venv\Lib\site-packages\flwr\clientapp\client_app.py", line 144, in __call__
    return self._call(message, context)
           ^^^^^^^^^^^^^^^^^^^^^^^^^^^^
  File "C:\Users\Aarush\FL-IDS-Capstone\.venv\Lib\site-packages\flwr\clientapp\client_app.py", line 128, in ffn
    out_message = handle_legacy_message_from_msgtype(
                  ^^^^^^^^^^^^^^^^^^^^^^^^^^^^^^^^^^^
  File "C:\Users\Aarush\FL-IDS-Capstone\.venv\Lib\site-packages\flwr\client\message_handler\message_handler.py", line 136, in handle_legacy_message_from_msgtype
    evaluate_res = maybe_call_evaluate(
                   ^^^^^^^^^^^^^^^^^^^^
  File "C:\Users\Aarush\FL-IDS-Capstone\.venv\Lib\site-packages\flwr\client\client.py", line 244, in maybe_call_evaluate
    return client.evaluate(evaluate_ins)
           ^^^^^^^^^^^^^^^^^^^^^^^^^^^^^
  File "C:\Users\Aarush\FL-IDS-Capstone\.venv\Lib\site-packages\flwr\client\numpy_client.py", line 251, in _evaluate
    results = self.numpy_client.evaluate(parameters, ins.config)  # type: ignore
              ^^^^^^^^^^^^^^^^^^^^^^^^^^^^^^^^^^^^^^^^^^^^^^^^^^
  File "C:\Users\Aarush\FL-IDS-Capstone\src\components\client\client.py", line 217, in evaluate
    logits = self.model(x)
             ^^^^^^^^^^^^^
  File "C:\Users\Aarush\FL-IDS-Capstone\.venv\Lib\site-packages\torch\nn\modules\module.py", line 1778, in _wrapped_call_impl
    return self._call_impl(*args, **kwargs)
           ^^^^^^^^^^^^^^^^^^^^^^^^^^^^^^^^
  File "C:\Users\Aarush\FL-IDS-Capstone\.venv\Lib\site-packages\torch\nn\modules\module.py", line 1789, in _call_impl
    return forward_call(*args, **kwargs)
           ^^^^^^^^^^^^^^^^^^^^^^^^^^^^^
  File "C:\Users\Aarush\FL-IDS-Capstone\src\components\model\model.py", line 37, in forward
    return self.net(x)
           ^^^^^^^^^^^
  File "C:\Users\Aarush\FL-IDS-Capstone\.venv\Lib\site-packages\torch\nn\modules\module.py", line 1778, in _wrapped_call_impl
    return self._call_impl(*args, **kwargs)
           ^^^^^^^^^^^^^^^^^^^^^^^^^^^^^^^^
  File "C:\Users\Aarush\FL-IDS-Capstone\.venv\Lib\site-packages\torch\nn\modules\module.py", line 1789, in _call_impl
    return forward_call(*args, **kwargs)
           ^^^^^^^^^^^^^^^^^^^^^^^^^^^^^
  File "C:\Users\Aarush\FL-IDS-Capstone\.venv\Lib\site-packages\torch\nn\modules\container.py", line 253, in forward
    input = module(input)
            ^^^^^^^^^^^^^
  File "C:\Users\Aarush\FL-IDS-Capstone\.venv\Lib\site-packages\torch\nn\modules\module.py", line 1778, in _wrapped_call_impl
    return self._call_impl(*args, **kwargs)
           ^^^^^^^^^^^^^^^^^^^^^^^^^^^^^^^^
  File "C:\Users\Aarush\FL-IDS-Capstone\.venv\Lib\site-packages\torch\nn\modules\module.py", line 1789, in _call_impl
    return forward_call(*args, **kwargs)
           ^^^^^^^^^^^^^^^^^^^^^^^^^^^^^
  File "C:\Users\Aarush\FL-IDS-Capstone\.venv\Lib\site-packages\torch\nn\modules\linear.py", line 134, in forward
    return F.linear(input, self.weight, self.bias)
           ^^^^^^^^^^^^^^^^^^^^^^^^^^^^^^^^^^^^^^^
RuntimeError: mat1 and mat2 shapes cannot be multiplied (8x78 and 57x256)

The above exception was the direct cause of the following exception:

[36mray::ClientAppActor.run()[39m (pid=8076, ip=127.0.0.1, actor_id=b286949ee6ccb7f31849f8a501000000, repr=<flwr.simulation.ray_transport.ray_actor.ClientAppActor object at 0x00000168089613D0>)
  File "python\\ray\\_raylet.pyx", line 1982, in ray._raylet.execute_task
  File "python\\ray\\_raylet.pyx", line 2093, in ray._raylet.execute_task
  File "python\\ray\\_raylet.pyx", line 1989, in ray._raylet.execute_task
  File "python\\ray\\_raylet.pyx", line 1932, in ray._raylet.execute_task.function_executor
  File "C:\Users\Aarush\FL-IDS-Capstone\.venv\Lib\site-packages\ray\_private\function_manager.py", line 693, in actor_method_executor
    return method(__ray_actor, *args, **kwargs)
           ^^^^^^^^^^^^^^^^^^^^^^^^^^^^^^^^^^^^
  File "C:\Users\Aarush\FL-IDS-Capstone\.venv\Lib\site-packages\ray\util\tracing\tracing_helper.py", line 461, in _resume_span
    return method(self, *_args, **_kwargs)
           ^^^^^^^^^^^^^^^^^^^^^^^^^^^^^^^
  File "C:\Users\Aarush\FL-IDS-Capstone\.venv\Lib\site-packages\flwr\simulation\ray_transport\ray_actor.py", line 65, in run
    raise ClientAppException(str(ex)) from ex
flwr.clientapp.client_app.ClientAppException: 
Exception ClientAppException occurred. Message: mat1 and mat2 shapes cannot be multiplied (8x78 and 57x256)
[2026-06-06 19:11:49,779] 189 flwr - INFO - aggregate_evaluate: received 0 results and 3 failures
[2026-06-06 19:11:49,781] 491 flwr - INFO - 
[2026-06-06 19:11:49,781] 492 flwr - INFO - [SUMMARY]
[2026-06-06 19:11:49,783] 493 flwr - INFO - Run finished 1 round(s) in 5.44s
[2026-06-06 19:11:49,784] 496 flwr - INFO - 
