[2026-06-19 22:29:51,013] 268 flwr - WARNING - DEPRECATED FEATURE: flwr.simulation.start_simulation() is deprecated.
	Instead, use the `flwr run` CLI command to start a local simulation in your Flower app, as shown for example below:

		$ flwr new  # Create a new Flower app from a template

		$ flwr run  # Run the Flower app in Simulation Mode

	Using `start_simulation()` is deprecated.

            This is a deprecated feature. It will be removed
            entirely in future versions of Flower.
        
[2026-06-19 22:29:51,014] 241 flwr - INFO - Starting Flower simulation, config: num_rounds=3, no round_timeout
[2026-06-19 22:29:58,966] 264 flwr - INFO - Flower VCE: Ray initialized with resources: {'node:127.0.0.1': 1.0, 'GPU': 1.0, 'memory': 6182359860.0, 'node:__internal_head__': 1.0, 'accelerator_type:G': 1.0, 'object_store_memory': 2649582796.0, 'CPU': 6.0}
[2026-06-19 22:29:58,966] 270 flwr - INFO - Optimize your simulation with Flower VCE: https://flower.ai/docs/framework/how-to-run-simulations.html
[2026-06-19 22:29:58,968] 293 flwr - INFO - Flower VCE: Resources for each Virtual Client: {'num_cpus': 1, 'num_gpus': 0.0}
[2026-06-19 22:29:58,978] 339 flwr - INFO - Flower VCE: Creating VirtualClientEngineActorPool with 6 actors
[2026-06-19 22:29:58,980] 91 flwr - INFO - [INIT]
[2026-06-19 22:29:58,980] 272 flwr - INFO - Using initial global parameters provided by strategy
[2026-06-19 22:29:58,980] 93 flwr - INFO - Starting evaluation of initial global parameters
[2026-06-19 22:29:58,980] 105 flwr - INFO - Evaluation returned no results (`None`)
[2026-06-19 22:29:58,980] 111 flwr - INFO - 
[2026-06-19 22:29:58,981] 112 flwr - INFO - [ROUND 1]
[2026-06-19 22:29:58,981] 221 flwr - INFO - configure_fit: strategy sampled 20 clients (out of 50)
[2026-06-19 22:30:30,023] 235 flwr - INFO - aggregate_fit: received 20 results and 0 failures
[2026-06-19 22:30:30,043] 251 flwr - WARNING - No fit_metrics_aggregation_fn provided
[2026-06-19 22:30:30,043] 175 flwr - INFO - configure_evaluate: strategy sampled 20 clients (out of 50)
[2026-06-19 22:30:30,733] 189 flwr - INFO - aggregate_evaluate: received 20 results and 0 failures
[2026-06-19 22:30:30,734] 111 flwr - INFO - 
[2026-06-19 22:30:30,734] 112 flwr - INFO - [ROUND 2]
[2026-06-19 22:30:30,734] 221 flwr - INFO - configure_fit: strategy sampled 20 clients (out of 50)
[2026-06-19 22:30:54,764] 235 flwr - INFO - aggregate_fit: received 20 results and 0 failures
[2026-06-19 22:30:54,899] 175 flwr - INFO - configure_evaluate: strategy sampled 20 clients (out of 50)
[2026-06-19 22:30:55,463] 189 flwr - INFO - aggregate_evaluate: received 20 results and 0 failures
[2026-06-19 22:30:55,463] 111 flwr - INFO - 
[2026-06-19 22:30:55,463] 112 flwr - INFO - [ROUND 3]
[2026-06-19 22:30:55,463] 221 flwr - INFO - configure_fit: strategy sampled 20 clients (out of 50)
[2026-06-19 22:31:23,450] 235 flwr - INFO - aggregate_fit: received 20 results and 0 failures
[2026-06-19 22:31:23,466] 175 flwr - INFO - configure_evaluate: strategy sampled 20 clients (out of 50)
[2026-06-19 22:31:24,314] 189 flwr - INFO - aggregate_evaluate: received 20 results and 0 failures
[2026-06-19 22:31:24,314] 491 flwr - INFO - 
[2026-06-19 22:31:24,314] 492 flwr - INFO - [SUMMARY]
[2026-06-19 22:31:24,314] 493 flwr - INFO - Run finished 3 round(s) in 85.33s
[2026-06-19 22:31:24,315] 495 flwr - INFO - 	History (loss, distributed):
[2026-06-19 22:31:24,315] 495 flwr - INFO - 		round 1: 0.13003122412552387
[2026-06-19 22:31:24,315] 495 flwr - INFO - 		round 2: 0.06616479510617777
[2026-06-19 22:31:24,315] 495 flwr - INFO - 		round 3: 0.03984185891117497
[2026-06-19 22:31:24,315] 495 flwr - INFO - 	History (metrics, distributed, evaluate):
[2026-06-19 22:31:24,315] 495 flwr - INFO - 	{'val_accuracy': [(1, 0.9751773392817397),
[2026-06-19 22:31:24,315] 495 flwr - INFO - 	                  (2, 0.9846787779447252),
[2026-06-19 22:31:24,315] 495 flwr - INFO - 	                  (3, 0.989116954925198)]}
[2026-06-19 22:31:24,315] 496 flwr - INFO - 
