[2026-06-19 22:08:40,583] 268 flwr - WARNING - DEPRECATED FEATURE: flwr.simulation.start_simulation() is deprecated.
	Instead, use the `flwr run` CLI command to start a local simulation in your Flower app, as shown for example below:

		$ flwr new  # Create a new Flower app from a template

		$ flwr run  # Run the Flower app in Simulation Mode

	Using `start_simulation()` is deprecated.

            This is a deprecated feature. It will be removed
            entirely in future versions of Flower.
        
[2026-06-19 22:08:40,584] 241 flwr - INFO - Starting Flower simulation, config: num_rounds=3, no round_timeout
[2026-06-19 22:08:48,468] 264 flwr - INFO - Flower VCE: Ray initialized with resources: {'object_store_memory': 2478798028.0, 'GPU': 1.0, 'memory': 5783862068.0, 'accelerator_type:G': 1.0, 'node:__internal_head__': 1.0, 'node:127.0.0.1': 1.0, 'CPU': 6.0}
[2026-06-19 22:08:48,469] 270 flwr - INFO - Optimize your simulation with Flower VCE: https://flower.ai/docs/framework/how-to-run-simulations.html
[2026-06-19 22:08:48,469] 293 flwr - INFO - Flower VCE: Resources for each Virtual Client: {'num_cpus': 1, 'num_gpus': 0.0}
[2026-06-19 22:08:48,484] 339 flwr - INFO - Flower VCE: Creating VirtualClientEngineActorPool with 6 actors
[2026-06-19 22:08:48,484] 91 flwr - INFO - [INIT]
[2026-06-19 22:08:48,485] 272 flwr - INFO - Using initial global parameters provided by strategy
[2026-06-19 22:08:48,485] 93 flwr - INFO - Starting evaluation of initial global parameters
[2026-06-19 22:08:48,485] 105 flwr - INFO - Evaluation returned no results (`None`)
[2026-06-19 22:08:48,485] 111 flwr - INFO - 
[2026-06-19 22:08:48,485] 112 flwr - INFO - [ROUND 1]
[2026-06-19 22:08:48,486] 221 flwr - INFO - configure_fit: strategy sampled 20 clients (out of 50)
[2026-06-19 22:09:18,936] 235 flwr - INFO - aggregate_fit: received 20 results and 0 failures
[2026-06-19 22:09:18,959] 251 flwr - WARNING - No fit_metrics_aggregation_fn provided
[2026-06-19 22:09:18,960] 175 flwr - INFO - configure_evaluate: strategy sampled 20 clients (out of 50)
[2026-06-19 22:09:19,688] 189 flwr - INFO - aggregate_evaluate: received 20 results and 0 failures
[2026-06-19 22:09:19,688] 111 flwr - INFO - 
[2026-06-19 22:09:19,688] 112 flwr - INFO - [ROUND 2]
[2026-06-19 22:09:19,690] 221 flwr - INFO - configure_fit: strategy sampled 20 clients (out of 50)
[2026-06-19 22:09:45,999] 235 flwr - INFO - aggregate_fit: received 20 results and 0 failures
[2026-06-19 22:09:46,023] 175 flwr - INFO - configure_evaluate: strategy sampled 20 clients (out of 50)
[2026-06-19 22:09:46,605] 189 flwr - INFO - aggregate_evaluate: received 20 results and 0 failures
[2026-06-19 22:09:46,605] 111 flwr - INFO - 
[2026-06-19 22:09:46,605] 112 flwr - INFO - [ROUND 3]
[2026-06-19 22:09:46,605] 221 flwr - INFO - configure_fit: strategy sampled 20 clients (out of 50)
[2026-06-19 22:10:01,785] 235 flwr - INFO - aggregate_fit: received 20 results and 0 failures
[2026-06-19 22:10:01,809] 175 flwr - INFO - configure_evaluate: strategy sampled 20 clients (out of 50)
[2026-06-19 22:10:02,640] 189 flwr - INFO - aggregate_evaluate: received 20 results and 0 failures
[2026-06-19 22:10:02,640] 491 flwr - INFO - 
[2026-06-19 22:10:02,640] 492 flwr - INFO - [SUMMARY]
[2026-06-19 22:10:02,640] 493 flwr - INFO - Run finished 3 round(s) in 74.16s
[2026-06-19 22:10:02,640] 495 flwr - INFO - 	History (loss, distributed):
[2026-06-19 22:10:02,641] 495 flwr - INFO - 		round 1: 0.2783726470987798
[2026-06-19 22:10:02,641] 495 flwr - INFO - 		round 2: 0.09940828825030217
[2026-06-19 22:10:02,641] 495 flwr - INFO - 		round 3: 0.05117381232197883
[2026-06-19 22:10:02,641] 495 flwr - INFO - 	History (metrics, distributed, evaluate):
[2026-06-19 22:10:02,641] 495 flwr - INFO - 	{'val_accuracy': [(1, 0.9524376856240798),
[2026-06-19 22:10:02,641] 495 flwr - INFO - 	                  (2, 0.9724166666666667),
[2026-06-19 22:10:02,641] 495 flwr - INFO - 	                  (3, 0.986555023566056)]}
[2026-06-19 22:10:02,641] 496 flwr - INFO - 
