[2026-06-19 22:35:30,053] 117 root - INFO - [Aggregator] AL-CMT initialized — cap_t=0.0714, temperature=2.0, ema_momentum=0.9
[2026-06-19 22:35:31,570] 268 flwr - WARNING - DEPRECATED FEATURE: flwr.simulation.start_simulation() is deprecated.
	Instead, use the `flwr run` CLI command to start a local simulation in your Flower app, as shown for example below:

		$ flwr new  # Create a new Flower app from a template

		$ flwr run  # Run the Flower app in Simulation Mode

	Using `start_simulation()` is deprecated.

            This is a deprecated feature. It will be removed
            entirely in future versions of Flower.
        
[2026-06-19 22:35:31,570] 241 flwr - INFO - Starting Flower simulation, config: num_rounds=3, no round_timeout
[2026-06-19 22:35:38,073] 264 flwr - INFO - Flower VCE: Ray initialized with resources: {'object_store_memory': 2546046566.0, 'GPU': 1.0, 'memory': 5940775322.0, 'node:__internal_head__': 1.0, 'accelerator_type:G': 1.0, 'node:127.0.0.1': 1.0, 'CPU': 6.0}
[2026-06-19 22:35:38,076] 270 flwr - INFO - Optimize your simulation with Flower VCE: https://flower.ai/docs/framework/how-to-run-simulations.html
[2026-06-19 22:35:38,076] 293 flwr - INFO - Flower VCE: Resources for each Virtual Client: {'num_cpus': 1, 'num_gpus': 0.0}
[2026-06-19 22:35:38,087] 339 flwr - INFO - Flower VCE: Creating VirtualClientEngineActorPool with 6 actors
[2026-06-19 22:35:38,088] 91 flwr - INFO - [INIT]
[2026-06-19 22:35:38,088] 272 flwr - INFO - Using initial global parameters provided by strategy
[2026-06-19 22:35:38,088] 93 flwr - INFO - Starting evaluation of initial global parameters
[2026-06-19 22:35:38,088] 105 flwr - INFO - Evaluation returned no results (`None`)
[2026-06-19 22:35:38,088] 111 flwr - INFO - 
[2026-06-19 22:35:38,088] 112 flwr - INFO - [ROUND 1]
[2026-06-19 22:35:38,089] 221 flwr - INFO - configure_fit: strategy sampled 20 clients (out of 50)
[2026-06-19 22:36:08,764] 235 flwr - INFO - aggregate_fit: received 20 results and 0 failures
[2026-06-19 22:36:08,776] 188 root - INFO - [Aggregator] Round 1: 1/20 clients flagged by MAD.
[2026-06-19 22:36:08,778] 201 root - INFO - [Aggregator] Round 1: trust_weights min=0.0281 max=0.0609 zero_count=0
[2026-06-19 22:36:08,782] 175 flwr - INFO - configure_evaluate: strategy sampled 20 clients (out of 50)
[2026-06-19 22:36:09,463] 189 flwr - INFO - aggregate_evaluate: received 20 results and 0 failures
[2026-06-19 22:36:09,463] 111 flwr - INFO - 
[2026-06-19 22:36:09,463] 112 flwr - INFO - [ROUND 2]
[2026-06-19 22:36:09,463] 221 flwr - INFO - configure_fit: strategy sampled 20 clients (out of 50)
[2026-06-19 22:36:33,627] 235 flwr - INFO - aggregate_fit: received 20 results and 0 failures
[2026-06-19 22:36:33,758] 188 root - INFO - [Aggregator] Round 2: 2/20 clients flagged by MAD.
[2026-06-19 22:36:33,758] 201 root - INFO - [Aggregator] Round 2: trust_weights min=0.0164 max=0.0714 zero_count=0
[2026-06-19 22:36:33,763] 175 flwr - INFO - configure_evaluate: strategy sampled 20 clients (out of 50)
[2026-06-19 22:36:34,151] 189 flwr - INFO - aggregate_evaluate: received 20 results and 0 failures
[2026-06-19 22:36:34,151] 111 flwr - INFO - 
[2026-06-19 22:36:34,151] 112 flwr - INFO - [ROUND 3]
[2026-06-19 22:36:34,151] 221 flwr - INFO - configure_fit: strategy sampled 20 clients (out of 50)
[2026-06-19 22:36:50,581] 235 flwr - INFO - aggregate_fit: received 20 results and 0 failures
[2026-06-19 22:36:50,595] 188 root - INFO - [Aggregator] Round 3: 3/20 clients flagged by MAD.
[2026-06-19 22:36:50,595] 201 root - INFO - [Aggregator] Round 3: trust_weights min=0.0144 max=0.0714 zero_count=0
[2026-06-19 22:36:50,600] 175 flwr - INFO - configure_evaluate: strategy sampled 20 clients (out of 50)
[2026-06-19 22:36:51,455] 189 flwr - INFO - aggregate_evaluate: received 20 results and 0 failures
[2026-06-19 22:36:51,456] 491 flwr - INFO - 
[2026-06-19 22:36:51,456] 492 flwr - INFO - [SUMMARY]
[2026-06-19 22:36:51,456] 493 flwr - INFO - Run finished 3 round(s) in 73.37s
[2026-06-19 22:36:51,458] 495 flwr - INFO - 	History (loss, distributed):
[2026-06-19 22:36:51,458] 495 flwr - INFO - 		round 1: 0.13418009841310186
[2026-06-19 22:36:51,458] 495 flwr - INFO - 		round 2: 0.06810315008896392
[2026-06-19 22:36:51,458] 495 flwr - INFO - 		round 3: 0.029415889927571166
[2026-06-19 22:36:51,458] 495 flwr - INFO - 	History (metrics, distributed, fit):
[2026-06-19 22:36:51,458] 495 flwr - INFO - 	{'clients': [(1, 20), (2, 20), (3, 20)],
[2026-06-19 22:36:51,458] 495 flwr - INFO - 	 'flagged': [(1, 1), (2, 2), (3, 3)],
[2026-06-19 22:36:51,458] 495 flwr - INFO - 	 'max_trust': [(1, 0.060856969846901525),
[2026-06-19 22:36:51,458] 495 flwr - INFO - 	               (2, 0.07142857142857142),
[2026-06-19 22:36:51,458] 495 flwr - INFO - 	               (3, 0.07142857142857142)],
[2026-06-19 22:36:51,458] 495 flwr - INFO - 	 'min_trust': [(1, 0.028149600583137296),
[2026-06-19 22:36:51,458] 495 flwr - INFO - 	               (2, 0.016376000382455694),
[2026-06-19 22:36:51,458] 495 flwr - INFO - 	               (3, 0.014432474350250558)],
[2026-06-19 22:36:51,458] 495 flwr - INFO - 	 'round': [(1, 1), (2, 2), (3, 3)]}
[2026-06-19 22:36:51,458] 495 flwr - INFO - 	History (metrics, distributed, evaluate):
[2026-06-19 22:36:51,460] 495 flwr - INFO - 	{'round': [(1, 1), (2, 2), (3, 3)]}
[2026-06-19 22:36:51,460] 496 flwr - INFO - 
