[2026-06-19 22:25:07,964] 268 flwr - WARNING - DEPRECATED FEATURE: flwr.simulation.start_simulation() is deprecated.
	Instead, use the `flwr run` CLI command to start a local simulation in your Flower app, as shown for example below:

		$ flwr new  # Create a new Flower app from a template

		$ flwr run  # Run the Flower app in Simulation Mode

	Using `start_simulation()` is deprecated.

            This is a deprecated feature. It will be removed
            entirely in future versions of Flower.
        
[2026-06-19 22:25:07,965] 241 flwr - INFO - Starting Flower simulation, config: num_rounds=3, no round_timeout
[2026-06-19 22:25:14,998] 264 flwr - INFO - Flower VCE: Ray initialized with resources: {'node:127.0.0.1': 1.0, 'GPU': 1.0, 'memory': 5709601588.0, 'accelerator_type:G': 1.0, 'node:__internal_head__': 1.0, 'object_store_memory': 2446972108.0, 'CPU': 6.0}
[2026-06-19 22:25:14,998] 270 flwr - INFO - Optimize your simulation with Flower VCE: https://flower.ai/docs/framework/how-to-run-simulations.html
[2026-06-19 22:25:14,998] 293 flwr - INFO - Flower VCE: Resources for each Virtual Client: {'num_cpus': 1, 'num_gpus': 0.0}
[2026-06-19 22:25:15,013] 339 flwr - INFO - Flower VCE: Creating VirtualClientEngineActorPool with 6 actors
[2026-06-19 22:25:15,014] 91 flwr - INFO - [INIT]
[2026-06-19 22:25:15,014] 272 flwr - INFO - Using initial global parameters provided by strategy
[2026-06-19 22:25:15,014] 93 flwr - INFO - Starting evaluation of initial global parameters
[2026-06-19 22:25:15,014] 105 flwr - INFO - Evaluation returned no results (`None`)
[2026-06-19 22:25:15,014] 111 flwr - INFO - 
[2026-06-19 22:25:15,015] 112 flwr - INFO - [ROUND 1]
[2026-06-19 22:25:15,015] 221 flwr - INFO - configure_fit: strategy sampled 20 clients (out of 50)
[2026-06-19 22:26:02,473] 235 flwr - INFO - aggregate_fit: received 20 results and 0 failures
[2026-06-19 22:26:02,488] 251 flwr - WARNING - No fit_metrics_aggregation_fn provided
[2026-06-19 22:26:02,488] 175 flwr - INFO - configure_evaluate: strategy sampled 20 clients (out of 50)
[2026-06-19 22:26:03,322] 189 flwr - INFO - aggregate_evaluate: received 20 results and 0 failures
[2026-06-19 22:26:03,322] 111 flwr - INFO - 
[2026-06-19 22:26:03,322] 112 flwr - INFO - [ROUND 2]
[2026-06-19 22:26:03,322] 221 flwr - INFO - configure_fit: strategy sampled 20 clients (out of 50)
[2026-06-19 22:26:25,326] 235 flwr - INFO - aggregate_fit: received 20 results and 0 failures
[2026-06-19 22:26:25,342] 175 flwr - INFO - configure_evaluate: strategy sampled 20 clients (out of 50)
[2026-06-19 22:26:26,069] 189 flwr - INFO - aggregate_evaluate: received 20 results and 0 failures
[2026-06-19 22:26:26,069] 111 flwr - INFO - 
[2026-06-19 22:26:26,069] 112 flwr - INFO - [ROUND 3]
[2026-06-19 22:26:26,072] 221 flwr - INFO - configure_fit: strategy sampled 20 clients (out of 50)
[2026-06-19 22:26:58,915] 235 flwr - INFO - aggregate_fit: received 20 results and 0 failures
[2026-06-19 22:26:58,930] 175 flwr - INFO - configure_evaluate: strategy sampled 20 clients (out of 50)
[2026-06-19 22:26:59,574] 189 flwr - INFO - aggregate_evaluate: received 20 results and 0 failures
[2026-06-19 22:26:59,576] 491 flwr - INFO - 
[2026-06-19 22:26:59,576] 492 flwr - INFO - [SUMMARY]
[2026-06-19 22:26:59,576] 493 flwr - INFO - Run finished 3 round(s) in 104.56s
[2026-06-19 22:26:59,576] 495 flwr - INFO - 	History (loss, distributed):
[2026-06-19 22:26:59,576] 495 flwr - INFO - 		round 1: 0.21544376440968271
[2026-06-19 22:26:59,576] 495 flwr - INFO - 		round 2: 0.06566547230254337
[2026-06-19 22:26:59,576] 495 flwr - INFO - 		round 3: 0.04811485703124631
[2026-06-19 22:26:59,576] 495 flwr - INFO - 	History (metrics, distributed, evaluate):
[2026-06-19 22:26:59,576] 495 flwr - INFO - 	{'val_accuracy': [(1, 0.9592056375875732),
[2026-06-19 22:26:59,576] 495 flwr - INFO - 	                  (2, 0.9857421553351322),
[2026-06-19 22:26:59,576] 495 flwr - INFO - 	                  (3, 0.9867811849963095)]}
[2026-06-19 22:26:59,576] 496 flwr - INFO - 
