[2026-06-19 13:36:15,122] 268 flwr - WARNING - DEPRECATED FEATURE: flwr.simulation.start_simulation() is deprecated.
	Instead, use the `flwr run` CLI command to start a local simulation in your Flower app, as shown for example below:

		$ flwr new  # Create a new Flower app from a template

		$ flwr run  # Run the Flower app in Simulation Mode

	Using `start_simulation()` is deprecated.

            This is a deprecated feature. It will be removed
            entirely in future versions of Flower.
        
[2026-06-19 13:36:15,124] 241 flwr - INFO - Starting Flower simulation, config: num_rounds=3, no round_timeout
[2026-06-19 13:36:23,037] 264 flwr - INFO - Flower VCE: Ray initialized with resources: {'object_store_memory': 2366506598.0, 'GPU': 1.0, 'memory': 5521848730.0, 'accelerator_type:G': 1.0, 'node:__internal_head__': 1.0, 'node:127.0.0.1': 1.0, 'CPU': 6.0}
[2026-06-19 13:36:23,037] 270 flwr - INFO - Optimize your simulation with Flower VCE: https://flower.ai/docs/framework/how-to-run-simulations.html
[2026-06-19 13:36:23,037] 293 flwr - INFO - Flower VCE: Resources for each Virtual Client: {'num_cpus': 1, 'num_gpus': 0.0}
[2026-06-19 13:36:23,052] 339 flwr - INFO - Flower VCE: Creating VirtualClientEngineActorPool with 6 actors
[2026-06-19 13:36:23,052] 91 flwr - INFO - [INIT]
[2026-06-19 13:36:23,053] 272 flwr - INFO - Using initial global parameters provided by strategy
[2026-06-19 13:36:23,053] 93 flwr - INFO - Starting evaluation of initial global parameters
[2026-06-19 13:36:23,053] 105 flwr - INFO - Evaluation returned no results (`None`)
[2026-06-19 13:36:23,053] 111 flwr - INFO - 
[2026-06-19 13:36:23,053] 112 flwr - INFO - [ROUND 1]
[2026-06-19 13:36:23,055] 221 flwr - INFO - configure_fit: strategy sampled 20 clients (out of 50)
[2026-06-19 13:36:47,137] 235 flwr - INFO - aggregate_fit: received 20 results and 0 failures
[2026-06-19 13:36:47,160] 251 flwr - WARNING - No fit_metrics_aggregation_fn provided
[2026-06-19 13:36:47,160] 175 flwr - INFO - configure_evaluate: strategy sampled 20 clients (out of 50)
[2026-06-19 13:36:48,241] 189 flwr - INFO - aggregate_evaluate: received 20 results and 0 failures
[2026-06-19 13:36:48,242] 111 flwr - INFO - 
[2026-06-19 13:36:48,242] 112 flwr - INFO - [ROUND 2]
[2026-06-19 13:36:48,242] 221 flwr - INFO - configure_fit: strategy sampled 20 clients (out of 50)
[2026-06-19 13:37:17,657] 235 flwr - INFO - aggregate_fit: received 20 results and 0 failures
[2026-06-19 13:37:17,680] 175 flwr - INFO - configure_evaluate: strategy sampled 20 clients (out of 50)
[2026-06-19 13:37:18,775] 189 flwr - INFO - aggregate_evaluate: received 20 results and 0 failures
[2026-06-19 13:37:18,775] 111 flwr - INFO - 
[2026-06-19 13:37:18,775] 112 flwr - INFO - [ROUND 3]
[2026-06-19 13:37:18,775] 221 flwr - INFO - configure_fit: strategy sampled 20 clients (out of 50)
[2026-06-19 13:37:32,266] 235 flwr - INFO - aggregate_fit: received 20 results and 0 failures
[2026-06-19 13:37:32,288] 175 flwr - INFO - configure_evaluate: strategy sampled 20 clients (out of 50)
[2026-06-19 13:37:33,132] 189 flwr - INFO - aggregate_evaluate: received 20 results and 0 failures
[2026-06-19 13:37:33,132] 491 flwr - INFO - 
[2026-06-19 13:37:33,132] 492 flwr - INFO - [SUMMARY]
[2026-06-19 13:37:33,132] 493 flwr - INFO - Run finished 3 round(s) in 70.08s
[2026-06-19 13:37:33,132] 495 flwr - INFO - 	History (loss, distributed):
[2026-06-19 13:37:33,132] 495 flwr - INFO - 		round 1: 0.521986094373415
[2026-06-19 13:37:33,132] 495 flwr - INFO - 		round 2: 0.09954588685028753
[2026-06-19 13:37:33,132] 495 flwr - INFO - 		round 3: 0.0850316297654613
[2026-06-19 13:37:33,132] 495 flwr - INFO - 	History (metrics, distributed, evaluate):
[2026-06-19 13:37:33,132] 495 flwr - INFO - 	{'val_accuracy': [(1, 0.9602406901252332),
[2026-06-19 13:37:33,132] 495 flwr - INFO - 	                  (2, 0.9773615007977114),
[2026-06-19 13:37:33,132] 495 flwr - INFO - 	                  (3, 0.9782642935895417)]}
[2026-06-19 13:37:33,132] 496 flwr - INFO - 
