[2026-06-19 21:50:36,291] 268 flwr - WARNING - DEPRECATED FEATURE: flwr.simulation.start_simulation() is deprecated.
	Instead, use the `flwr run` CLI command to start a local simulation in your Flower app, as shown for example below:

		$ flwr new  # Create a new Flower app from a template

		$ flwr run  # Run the Flower app in Simulation Mode

	Using `start_simulation()` is deprecated.

            This is a deprecated feature. It will be removed
            entirely in future versions of Flower.
        
[2026-06-19 21:50:36,293] 241 flwr - INFO - Starting Flower simulation, config: num_rounds=3, no round_timeout
[2026-06-19 21:50:44,804] 264 flwr - INFO - Flower VCE: Ray initialized with resources: {'object_store_memory': 2201384140.0, 'GPU': 1.0, 'memory': 5136562996.0, 'node:__internal_head__': 1.0, 'node:127.0.0.1': 1.0, 'accelerator_type:G': 1.0, 'CPU': 6.0}
[2026-06-19 21:50:44,804] 270 flwr - INFO - Optimize your simulation with Flower VCE: https://flower.ai/docs/framework/how-to-run-simulations.html
[2026-06-19 21:50:44,804] 293 flwr - INFO - Flower VCE: Resources for each Virtual Client: {'num_cpus': 1, 'num_gpus': 0.0}
[2026-06-19 21:50:44,818] 339 flwr - INFO - Flower VCE: Creating VirtualClientEngineActorPool with 6 actors
[2026-06-19 21:50:44,818] 91 flwr - INFO - [INIT]
[2026-06-19 21:50:44,818] 272 flwr - INFO - Using initial global parameters provided by strategy
[2026-06-19 21:50:44,818] 93 flwr - INFO - Starting evaluation of initial global parameters
[2026-06-19 21:50:44,818] 105 flwr - INFO - Evaluation returned no results (`None`)
[2026-06-19 21:50:44,819] 111 flwr - INFO - 
[2026-06-19 21:50:44,820] 112 flwr - INFO - [ROUND 1]
[2026-06-19 21:50:44,820] 221 flwr - INFO - configure_fit: strategy sampled 20 clients (out of 50)
[2026-06-19 21:51:31,787] 235 flwr - INFO - aggregate_fit: received 20 results and 0 failures
[2026-06-19 21:51:31,818] 251 flwr - WARNING - No fit_metrics_aggregation_fn provided
[2026-06-19 21:51:31,818] 175 flwr - INFO - configure_evaluate: strategy sampled 20 clients (out of 50)
[2026-06-19 21:51:33,170] 189 flwr - INFO - aggregate_evaluate: received 20 results and 0 failures
[2026-06-19 21:51:33,172] 111 flwr - INFO - 
[2026-06-19 21:51:33,172] 112 flwr - INFO - [ROUND 2]
[2026-06-19 21:51:33,172] 221 flwr - INFO - configure_fit: strategy sampled 20 clients (out of 50)
[2026-06-19 21:51:55,629] 235 flwr - INFO - aggregate_fit: received 20 results and 0 failures
[2026-06-19 21:51:55,653] 175 flwr - INFO - configure_evaluate: strategy sampled 20 clients (out of 50)
[2026-06-19 21:51:56,407] 189 flwr - INFO - aggregate_evaluate: received 20 results and 0 failures
[2026-06-19 21:51:56,407] 111 flwr - INFO - 
[2026-06-19 21:51:56,407] 112 flwr - INFO - [ROUND 3]
[2026-06-19 21:51:56,407] 221 flwr - INFO - configure_fit: strategy sampled 20 clients (out of 50)
[2026-06-19 21:52:30,593] 235 flwr - INFO - aggregate_fit: received 20 results and 0 failures
[2026-06-19 21:52:30,623] 175 flwr - INFO - configure_evaluate: strategy sampled 20 clients (out of 50)
[2026-06-19 21:52:31,521] 189 flwr - INFO - aggregate_evaluate: received 20 results and 0 failures
[2026-06-19 21:52:31,521] 491 flwr - INFO - 
[2026-06-19 21:52:31,521] 492 flwr - INFO - [SUMMARY]
[2026-06-19 21:52:31,522] 493 flwr - INFO - Run finished 3 round(s) in 106.70s
[2026-06-19 21:52:31,522] 495 flwr - INFO - 	History (loss, distributed):
[2026-06-19 21:52:31,522] 495 flwr - INFO - 		round 1: 0.33356146134663406
[2026-06-19 21:52:31,522] 495 flwr - INFO - 		round 2: 0.07757716712305725
[2026-06-19 21:52:31,522] 495 flwr - INFO - 		round 3: 0.05991534324288918
[2026-06-19 21:52:31,522] 495 flwr - INFO - 	History (metrics, distributed, evaluate):
[2026-06-19 21:52:31,522] 495 flwr - INFO - 	{'val_accuracy': [(1, 0.929481813867196),
[2026-06-19 21:52:31,523] 495 flwr - INFO - 	                  (2, 0.981695179399993),
[2026-06-19 21:52:31,523] 495 flwr - INFO - 	                  (3, 0.9826632936938957)]}
[2026-06-19 21:52:31,523] 496 flwr - INFO - 
