[2026-06-19 22:21:47,630] 268 flwr - WARNING - DEPRECATED FEATURE: flwr.simulation.start_simulation() is deprecated.
	Instead, use the `flwr run` CLI command to start a local simulation in your Flower app, as shown for example below:

		$ flwr new  # Create a new Flower app from a template

		$ flwr run  # Run the Flower app in Simulation Mode

	Using `start_simulation()` is deprecated.

            This is a deprecated feature. It will be removed
            entirely in future versions of Flower.
        
[2026-06-19 22:21:47,631] 241 flwr - INFO - Starting Flower simulation, config: num_rounds=3, no round_timeout
[2026-06-19 22:21:54,427] 264 flwr - INFO - Flower VCE: Ray initialized with resources: {'object_store_memory': 2484492288.0, 'GPU': 1.0, 'memory': 5797148672.0, 'node:__internal_head__': 1.0, 'node:127.0.0.1': 1.0, 'accelerator_type:G': 1.0, 'CPU': 6.0}
[2026-06-19 22:21:54,427] 270 flwr - INFO - Optimize your simulation with Flower VCE: https://flower.ai/docs/framework/how-to-run-simulations.html
[2026-06-19 22:21:54,427] 293 flwr - INFO - Flower VCE: Resources for each Virtual Client: {'num_cpus': 1, 'num_gpus': 0.0}
[2026-06-19 22:21:54,441] 339 flwr - INFO - Flower VCE: Creating VirtualClientEngineActorPool with 6 actors
[2026-06-19 22:21:54,441] 91 flwr - INFO - [INIT]
[2026-06-19 22:21:54,441] 272 flwr - INFO - Using initial global parameters provided by strategy
[2026-06-19 22:21:54,442] 93 flwr - INFO - Starting evaluation of initial global parameters
[2026-06-19 22:21:54,442] 105 flwr - INFO - Evaluation returned no results (`None`)
[2026-06-19 22:21:54,442] 111 flwr - INFO - 
[2026-06-19 22:21:54,442] 112 flwr - INFO - [ROUND 1]
[2026-06-19 22:21:54,442] 221 flwr - INFO - configure_fit: strategy sampled 20 clients (out of 50)
[2026-06-19 22:22:32,160] 235 flwr - INFO - aggregate_fit: received 20 results and 0 failures
[2026-06-19 22:22:32,177] 251 flwr - WARNING - No fit_metrics_aggregation_fn provided
[2026-06-19 22:22:32,178] 175 flwr - INFO - configure_evaluate: strategy sampled 20 clients (out of 50)
[2026-06-19 22:22:33,060] 189 flwr - INFO - aggregate_evaluate: received 20 results and 0 failures
[2026-06-19 22:22:33,062] 111 flwr - INFO - 
[2026-06-19 22:22:33,062] 112 flwr - INFO - [ROUND 2]
[2026-06-19 22:22:33,062] 221 flwr - INFO - configure_fit: strategy sampled 20 clients (out of 50)
[2026-06-19 22:22:48,253] 235 flwr - INFO - aggregate_fit: received 20 results and 0 failures
[2026-06-19 22:22:48,269] 175 flwr - INFO - configure_evaluate: strategy sampled 20 clients (out of 50)
[2026-06-19 22:22:48,751] 189 flwr - INFO - aggregate_evaluate: received 20 results and 0 failures
[2026-06-19 22:22:48,751] 111 flwr - INFO - 
[2026-06-19 22:22:48,751] 112 flwr - INFO - [ROUND 3]
[2026-06-19 22:22:48,751] 221 flwr - INFO - configure_fit: strategy sampled 20 clients (out of 50)
[2026-06-19 22:23:07,371] 235 flwr - INFO - aggregate_fit: received 20 results and 0 failures
[2026-06-19 22:23:07,389] 175 flwr - INFO - configure_evaluate: strategy sampled 20 clients (out of 50)
[2026-06-19 22:23:07,879] 189 flwr - INFO - aggregate_evaluate: received 20 results and 0 failures
[2026-06-19 22:23:07,879] 491 flwr - INFO - 
[2026-06-19 22:23:07,879] 492 flwr - INFO - [SUMMARY]
[2026-06-19 22:23:07,879] 493 flwr - INFO - Run finished 3 round(s) in 73.44s
[2026-06-19 22:23:07,879] 495 flwr - INFO - 	History (loss, distributed):
[2026-06-19 22:23:07,879] 495 flwr - INFO - 		round 1: 0.10425937527347949
[2026-06-19 22:23:07,879] 495 flwr - INFO - 		round 2: 0.07588203008419206
[2026-06-19 22:23:07,879] 495 flwr - INFO - 		round 3: 0.04813897132948545
[2026-06-19 22:23:07,881] 495 flwr - INFO - 	History (metrics, distributed, evaluate):
[2026-06-19 22:23:07,881] 495 flwr - INFO - 	{'val_accuracy': [(1, 0.9773994070309191),
[2026-06-19 22:23:07,881] 495 flwr - INFO - 	                  (2, 0.9776832074280711),
[2026-06-19 22:23:07,881] 495 flwr - INFO - 	                  (3, 0.9826617918661189)]}
[2026-06-19 22:23:07,881] 496 flwr - INFO - 
