[2026-06-19 22:47:18,769] 117 root - INFO - [Aggregator] AL-CMT initialized — cap_t=0.0714, temperature=2.0, ema_momentum=0.9
[2026-06-19 22:47:20,412] 268 flwr - WARNING - DEPRECATED FEATURE: flwr.simulation.start_simulation() is deprecated.
	Instead, use the `flwr run` CLI command to start a local simulation in your Flower app, as shown for example below:

		$ flwr new  # Create a new Flower app from a template

		$ flwr run  # Run the Flower app in Simulation Mode

	Using `start_simulation()` is deprecated.

            This is a deprecated feature. It will be removed
            entirely in future versions of Flower.
        
[2026-06-19 22:47:20,413] 241 flwr - INFO - Starting Flower simulation, config: num_rounds=3, no round_timeout
[2026-06-19 22:47:28,383] 264 flwr - INFO - Flower VCE: Ray initialized with resources: {'object_store_memory': 2533500518.0, 'GPU': 1.0, 'memory': 5911501210.0, 'node:__internal_head__': 1.0, 'node:127.0.0.1': 1.0, 'accelerator_type:G': 1.0, 'CPU': 6.0}
[2026-06-19 22:47:28,383] 270 flwr - INFO - Optimize your simulation with Flower VCE: https://flower.ai/docs/framework/how-to-run-simulations.html
[2026-06-19 22:47:28,383] 293 flwr - INFO - Flower VCE: Resources for each Virtual Client: {'num_cpus': 1, 'num_gpus': 0.0}
[2026-06-19 22:47:28,426] 339 flwr - INFO - Flower VCE: Creating VirtualClientEngineActorPool with 6 actors
[2026-06-19 22:47:28,426] 91 flwr - INFO - [INIT]
[2026-06-19 22:47:28,431] 272 flwr - INFO - Using initial global parameters provided by strategy
[2026-06-19 22:47:28,433] 93 flwr - INFO - Starting evaluation of initial global parameters
[2026-06-19 22:47:28,438] 105 flwr - INFO - Evaluation returned no results (`None`)
[2026-06-19 22:47:28,439] 111 flwr - INFO - 
[2026-06-19 22:47:28,442] 112 flwr - INFO - [ROUND 1]
[2026-06-19 22:47:28,446] 221 flwr - INFO - configure_fit: strategy sampled 20 clients (out of 50)
[2026-06-19 22:48:09,969] 235 flwr - INFO - aggregate_fit: received 20 results and 0 failures
[2026-06-19 22:48:09,981] 188 root - INFO - [Aggregator] Round 1: 1/20 clients flagged by MAD.
[2026-06-19 22:48:09,981] 201 root - INFO - [Aggregator] Round 1: trust_weights min=0.0281 max=0.0643 zero_count=0
[2026-06-19 22:48:09,987] 175 flwr - INFO - configure_evaluate: strategy sampled 20 clients (out of 50)
[2026-06-19 22:48:10,592] 189 flwr - INFO - aggregate_evaluate: received 20 results and 0 failures
[2026-06-19 22:48:10,592] 111 flwr - INFO - 
[2026-06-19 22:48:10,592] 112 flwr - INFO - [ROUND 2]
[2026-06-19 22:48:10,592] 221 flwr - INFO - configure_fit: strategy sampled 20 clients (out of 50)
[2026-06-19 22:48:37,872] 235 flwr - INFO - aggregate_fit: received 20 results and 0 failures
[2026-06-19 22:48:38,021] 188 root - INFO - [Aggregator] Round 2: 1/20 clients flagged by MAD.
[2026-06-19 22:48:38,022] 201 root - INFO - [Aggregator] Round 2: trust_weights min=0.0280 max=0.0714 zero_count=0
[2026-06-19 22:48:38,029] 175 flwr - INFO - configure_evaluate: strategy sampled 20 clients (out of 50)
[2026-06-19 22:48:38,587] 189 flwr - INFO - aggregate_evaluate: received 20 results and 0 failures
[2026-06-19 22:48:38,589] 111 flwr - INFO - 
[2026-06-19 22:48:38,589] 112 flwr - INFO - [ROUND 3]
[2026-06-19 22:48:38,589] 221 flwr - INFO - configure_fit: strategy sampled 20 clients (out of 50)
[2026-06-19 22:48:54,448] 235 flwr - INFO - aggregate_fit: received 20 results and 0 failures
[2026-06-19 22:48:54,460] 188 root - INFO - [Aggregator] Round 3: 0/20 clients flagged by MAD.
[2026-06-19 22:48:54,462] 201 root - INFO - [Aggregator] Round 3: trust_weights min=0.0275 max=0.0714 zero_count=0
[2026-06-19 22:48:54,467] 175 flwr - INFO - configure_evaluate: strategy sampled 20 clients (out of 50)
[2026-06-19 22:48:55,534] 189 flwr - INFO - aggregate_evaluate: received 20 results and 0 failures
[2026-06-19 22:48:55,536] 491 flwr - INFO - 
[2026-06-19 22:48:55,536] 492 flwr - INFO - [SUMMARY]
[2026-06-19 22:48:55,536] 493 flwr - INFO - Run finished 3 round(s) in 87.10s
[2026-06-19 22:48:55,536] 495 flwr - INFO - 	History (loss, distributed):
[2026-06-19 22:48:55,536] 495 flwr - INFO - 		round 1: 0.12811930712865946
[2026-06-19 22:48:55,536] 495 flwr - INFO - 		round 2: 0.06563189403750036
[2026-06-19 22:48:55,536] 495 flwr - INFO - 		round 3: 0.02494680021709607
[2026-06-19 22:48:55,536] 495 flwr - INFO - 	History (metrics, distributed, fit):
[2026-06-19 22:48:55,536] 495 flwr - INFO - 	{'clients': [(1, 20), (2, 20), (3, 20)],
[2026-06-19 22:48:55,536] 495 flwr - INFO - 	 'flagged': [(1, 1), (2, 1), (3, 0)],
[2026-06-19 22:48:55,536] 495 flwr - INFO - 	 'max_trust': [(1, 0.06433716596717323),
[2026-06-19 22:48:55,536] 495 flwr - INFO - 	               (2, 0.07142857142857142),
[2026-06-19 22:48:55,536] 495 flwr - INFO - 	               (3, 0.07142857142857142)],
[2026-06-19 22:48:55,538] 495 flwr - INFO - 	 'min_trust': [(1, 0.02809702249414522),
[2026-06-19 22:48:55,538] 495 flwr - INFO - 	               (2, 0.02797165975277499),
[2026-06-19 22:48:55,538] 495 flwr - INFO - 	               (3, 0.0275475724073377)],
[2026-06-19 22:48:55,539] 495 flwr - INFO - 	 'round': [(1, 1), (2, 2), (3, 3)]}
[2026-06-19 22:48:55,539] 495 flwr - INFO - 	History (metrics, distributed, evaluate):
[2026-06-19 22:48:55,539] 495 flwr - INFO - 	{'round': [(1, 1), (2, 2), (3, 3)]}
[2026-06-19 22:48:55,539] 496 flwr - INFO - 
