[2026-06-19 22:50:04,844] 117 root - INFO - [Aggregator] AL-CMT initialized — cap_t=0.0714, temperature=2.0, ema_momentum=0.9
[2026-06-19 22:50:06,546] 268 flwr - WARNING - DEPRECATED FEATURE: flwr.simulation.start_simulation() is deprecated.
	Instead, use the `flwr run` CLI command to start a local simulation in your Flower app, as shown for example below:

		$ flwr new  # Create a new Flower app from a template

		$ flwr run  # Run the Flower app in Simulation Mode

	Using `start_simulation()` is deprecated.

            This is a deprecated feature. It will be removed
            entirely in future versions of Flower.
        
[2026-06-19 22:50:06,548] 241 flwr - INFO - Starting Flower simulation, config: num_rounds=3, no round_timeout
[2026-06-19 22:50:14,893] 264 flwr - INFO - Flower VCE: Ray initialized with resources: {'object_store_memory': 2499164160.0, 'GPU': 1.0, 'memory': 5831383040.0, 'accelerator_type:G': 1.0, 'node:__internal_head__': 1.0, 'node:127.0.0.1': 1.0, 'CPU': 6.0}
[2026-06-19 22:50:14,894] 270 flwr - INFO - Optimize your simulation with Flower VCE: https://flower.ai/docs/framework/how-to-run-simulations.html
[2026-06-19 22:50:14,894] 293 flwr - INFO - Flower VCE: Resources for each Virtual Client: {'num_cpus': 1, 'num_gpus': 0.0}
[2026-06-19 22:50:14,909] 339 flwr - INFO - Flower VCE: Creating VirtualClientEngineActorPool with 6 actors
[2026-06-19 22:50:14,909] 91 flwr - INFO - [INIT]
[2026-06-19 22:50:14,909] 272 flwr - INFO - Using initial global parameters provided by strategy
[2026-06-19 22:50:14,910] 93 flwr - INFO - Starting evaluation of initial global parameters
[2026-06-19 22:50:14,910] 105 flwr - INFO - Evaluation returned no results (`None`)
[2026-06-19 22:50:14,911] 111 flwr - INFO - 
[2026-06-19 22:50:14,912] 112 flwr - INFO - [ROUND 1]
[2026-06-19 22:50:14,912] 221 flwr - INFO - configure_fit: strategy sampled 20 clients (out of 50)
[2026-06-19 22:50:54,332] 235 flwr - INFO - aggregate_fit: received 20 results and 0 failures
[2026-06-19 22:50:54,345] 188 root - INFO - [Aggregator] Round 1: 2/20 clients flagged by MAD.
[2026-06-19 22:50:54,346] 201 root - INFO - [Aggregator] Round 1: trust_weights min=0.0260 max=0.0689 zero_count=0
[2026-06-19 22:50:54,351] 175 flwr - INFO - configure_evaluate: strategy sampled 20 clients (out of 50)
[2026-06-19 22:50:54,873] 189 flwr - INFO - aggregate_evaluate: received 20 results and 0 failures
[2026-06-19 22:50:54,873] 111 flwr - INFO - 
[2026-06-19 22:50:54,873] 112 flwr - INFO - [ROUND 2]
[2026-06-19 22:50:54,873] 221 flwr - INFO - configure_fit: strategy sampled 20 clients (out of 50)
[2026-06-19 22:51:12,737] 235 flwr - INFO - aggregate_fit: received 20 results and 0 failures
[2026-06-19 22:51:12,869] 188 root - INFO - [Aggregator] Round 2: 1/20 clients flagged by MAD.
[2026-06-19 22:51:12,869] 201 root - INFO - [Aggregator] Round 2: trust_weights min=0.0211 max=0.0714 zero_count=0
[2026-06-19 22:51:12,875] 175 flwr - INFO - configure_evaluate: strategy sampled 20 clients (out of 50)
[2026-06-19 22:51:13,531] 189 flwr - INFO - aggregate_evaluate: received 20 results and 0 failures
[2026-06-19 22:51:13,531] 111 flwr - INFO - 
[2026-06-19 22:51:13,531] 112 flwr - INFO - [ROUND 3]
[2026-06-19 22:51:13,531] 221 flwr - INFO - configure_fit: strategy sampled 20 clients (out of 50)
[2026-06-19 22:51:44,021] 235 flwr - INFO - aggregate_fit: received 20 results and 0 failures
[2026-06-19 22:51:44,033] 188 root - INFO - [Aggregator] Round 3: 2/20 clients flagged by MAD.
[2026-06-19 22:51:44,035] 201 root - INFO - [Aggregator] Round 3: trust_weights min=0.0166 max=0.0714 zero_count=0
[2026-06-19 22:51:44,039] 175 flwr - INFO - configure_evaluate: strategy sampled 20 clients (out of 50)
[2026-06-19 22:51:44,621] 189 flwr - INFO - aggregate_evaluate: received 20 results and 0 failures
[2026-06-19 22:51:44,622] 491 flwr - INFO - 
[2026-06-19 22:51:44,622] 492 flwr - INFO - [SUMMARY]
[2026-06-19 22:51:44,622] 493 flwr - INFO - Run finished 3 round(s) in 89.71s
[2026-06-19 22:51:44,622] 495 flwr - INFO - 	History (loss, distributed):
[2026-06-19 22:51:44,624] 495 flwr - INFO - 		round 1: 0.1692542877564704
[2026-06-19 22:51:44,624] 495 flwr - INFO - 		round 2: 0.0491221475277062
[2026-06-19 22:51:44,624] 495 flwr - INFO - 		round 3: 0.035296782196560246
[2026-06-19 22:51:44,624] 495 flwr - INFO - 	History (metrics, distributed, fit):
[2026-06-19 22:51:44,624] 495 flwr - INFO - 	{'clients': [(1, 20), (2, 20), (3, 20)],
[2026-06-19 22:51:44,624] 495 flwr - INFO - 	 'flagged': [(1, 2), (2, 1), (3, 2)],
[2026-06-19 22:51:44,624] 495 flwr - INFO - 	 'max_trust': [(1, 0.06891881290629034),
[2026-06-19 22:51:44,624] 495 flwr - INFO - 	               (2, 0.07142857142857142),
[2026-06-19 22:51:44,624] 495 flwr - INFO - 	               (3, 0.07142857142857142)],
[2026-06-19 22:51:44,625] 495 flwr - INFO - 	 'min_trust': [(1, 0.02603050498453669),
[2026-06-19 22:51:44,625] 495 flwr - INFO - 	               (2, 0.021099195750101312),
[2026-06-19 22:51:44,625] 495 flwr - INFO - 	               (3, 0.01660312719091454)],
[2026-06-19 22:51:44,625] 495 flwr - INFO - 	 'round': [(1, 1), (2, 2), (3, 3)]}
[2026-06-19 22:51:44,625] 495 flwr - INFO - 	History (metrics, distributed, evaluate):
[2026-06-19 22:51:44,625] 495 flwr - INFO - 	{'round': [(1, 1), (2, 2), (3, 3)]}
[2026-06-19 22:51:44,625] 496 flwr - INFO - 
